# JRE version: OpenJDK Runtime Environment Temurin-17.0.11+9 (17.0.11+9) (build 17.0.11+9)
# Java VM: OpenJDK 64-Bit Server VM Temurin-17.0.11+9 (17.0.11+9, mixed mode, tiered, compressed oops, compressed class ptrs, parallel gc, windows-amd64)
GC Precious Log:
 CPUs: 12 total, 12 available
 Memory: 16242M
 Large Page Support: Disabled
 NUMA Support: Disabled
 Compressed Oops: Enabled (32-bit)
 Alignments: Space 512K, Generation 512K, Heap 2M
 Heap Min Capacity: 100M
 Heap Initial Capacity: 100M
 Heap Max Capacity: 1G
 Pre-touch: Disabled
 Parallel Workers: 10
Heap:
 PSYoungGen      total 8704K, used 3917K [0x00000000eab00000, 0x00000000eb780000, 0x0000000100000000)
  eden space 4608K, 0% used [0x00000000eab00000,0x00000000eab00000,0x00000000eaf80000)
  from space 4096K, 95% used [0x00000000eaf80000,0x00000000eb3536e0,0x00000000eb380000)
  to   space 4096K, 0% used [0x00000000eb380000,0x00000000eb380000,0x00000000eb780000)
 ParOldGen       total 289280K, used 289088K [0x00000000c0000000, 0x00000000d1a80000, 0x00000000eab00000)
  object space 289280K, 99% used [0x00000000c0000000,0x00000000d1a50330,0x00000000d1a80000)
 Metaspace       used 78284K, committed 79616K, reserved 1179648K
  class space    used 7950K, committed 8576K, reserved 1048576K
GC Heap History (20 events):
Event: 41.055 GC heap after
{Heap after GC invocations=366 (full 15):
 PSYoungGen      total 8192K, used 5095K [0x00000000eab00000, 0x00000000ebc80000, 0x0000000100000000)
  eden space 3072K, 0% used [0x00000000eab00000,0x00000000eab00000,0x00000000eae00000)
  from space 5120K, 99% used [0x00000000eb480000,0x00000000eb979e18,0x00000000eb980000)
  to   space 6656K, 0% used [0x00000000eae00000,0x00000000eae00000,0x00000000eb480000)
 ParOldGen       total 289280K, used 281895K [0x00000000c0000000, 0x00000000d1a80000, 0x00000000eab00000)
  object space 289280K, 97% used [0x00000000c0000000,0x00000000d1349ef0,0x00000000d1a80000)
 Metaspace       used 78116K, committed 79488K, reserved 1179648K
  class space    used 7942K, committed 8576K, reserved 1048576K
}
Event: 41.066 GC heap before
{Heap before GC invocations=367 (full 15):
 PSYoungGen      total 8192K, used 8167K [0x00000000eab00000, 0x00000000ebc80000, 0x0000000100000000)
  eden space 3072K, 100% used [0x00000000eab00000,0x00000000eae00000,0x00000000eae00000)
  from space 5120K, 99% used [0x00000000eb480000,0x00000000eb979e18,0x00000000eb980000)
  to   space 6656K, 0% used [0x00000000eae00000,0x00000000eae00000,0x00000000eb480000)
 ParOldGen       total 289280K, used 281895K [0x00000000c0000000, 0x00000000d1a80000, 0x00000000eab00000)
  object space 289280K, 97% used [0x00000000c0000000,0x00000000d1349ef0,0x00000000d1a80000)
 Metaspace       used 78119K, committed 79488K, reserved 1179648K
  class space    used 7942K, committed 8576K, reserved 1048576K
}
Event: 41.069 GC heap after
{Heap after GC invocations=367 (full 15):
 PSYoungGen      total 9728K, used 5229K [0x00000000eab00000, 0x00000000eba00000, 0x0000000100000000)
  eden space 3072K, 0% used [0x00000000eab00000,0x00000000eab00000,0x00000000eae00000)
  from space 6656K, 78% used [0x00000000eae00000,0x00000000eb31b5a0,0x00000000eb480000)
  to   space 5632K, 0% used [0x00000000eb480000,0x00000000eb480000,0x00000000eba00000)
 ParOldGen       total 289280K, used 282804K [0x00000000c0000000, 0x00000000d1a80000, 0x00000000eab00000)
  object space 289280K, 97% used [0x00000000c0000000,0x00000000d142d020,0x00000000d1a80000)
 Metaspace       used 78119K, committed 79488K, reserved 1179648K
  class space    used 7942K, committed 8576K, reserved 1048576K
}
Event: 41.086 GC heap before
{Heap before GC invocations=368 (full 15):
 PSYoungGen      total 9728K, used 8301K [0x00000000eab00000, 0x00000000eba00000, 0x0000000100000000)
  eden space 3072K, 100% used [0x00000000eab00000,0x00000000eae00000,0x00000000eae00000)
  from space 6656K, 78% used [0x00000000eae00000,0x00000000eb31b5a0,0x00000000eb480000)
  to   space 5632K, 0% used [0x00000000eb480000,0x00000000eb480000,0x00000000eba00000)
 ParOldGen       total 289280K, used 282804K [0x00000000c0000000, 0x00000000d1a80000, 0x00000000eab00000)
  object space 289280K, 97% used [0x00000000c0000000,0x00000000d142d020,0x00000000d1a80000)
 Metaspace       used 78140K, committed 79488K, reserved 1179648K
  class space    used 7943K, committed 8576K, reserved 1048576K
}
Event: 41.089 GC heap after
{Heap after GC invocations=368 (full 15):
 PSYoungGen      total 9216K, used 4932K [0x00000000eab00000, 0x00000000eb980000, 0x0000000100000000)
  eden space 4096K, 0% used [0x00000000eab00000,0x00000000eab00000,0x00000000eaf00000)
  from space 5120K, 96% used [0x00000000eb480000,0x00000000eb951198,0x00000000eb980000)
  to   space 5120K, 0% used [0x00000000eaf80000,0x00000000eaf80000,0x00000000eb480000)
 ParOldGen       total 289280K, used 283578K [0x00000000c0000000, 0x00000000d1a80000, 0x00000000eab00000)
  object space 289280K, 98% used [0x00000000c0000000,0x00000000d14eeb38,0x00000000d1a80000)
 Metaspace       used 78140K, committed 79488K, reserved 1179648K
  class space    used 7943K, committed 8576K, reserved 1048576K
}
Event: 41.127 GC heap before
{Heap before GC invocations=369 (full 15):
 PSYoungGen      total 9216K, used 9021K [0x00000000eab00000, 0x00000000eb980000, 0x0000000100000000)
  eden space 4096K, 99% used [0x00000000eab00000,0x00000000eaefe440,0x00000000eaf00000)
  from space 5120K, 96% used [0x00000000eb480000,0x00000000eb951198,0x00000000eb980000)
  to   space 5120K, 0% used [0x00000000eaf80000,0x00000000eaf80000,0x00000000eb480000)
 ParOldGen       total 289280K, used 283578K [0x00000000c0000000, 0x00000000d1a80000, 0x00000000eab00000)
  object space 289280K, 98% used [0x00000000c0000000,0x00000000d14eeb38,0x00000000d1a80000)
 Metaspace       used 78158K, committed 79488K, reserved 1179648K
  class space    used 7943K, committed 8576K, reserved 1048576K
}
Event: 41.130 GC heap after
{Heap after GC invocations=369 (full 15):
 PSYoungGen      total 9728K, used 4498K [0x00000000eab00000, 0x00000000eba00000, 0x0000000100000000)
  eden space 4608K, 0% used [0x00000000eab00000,0x00000000eab00000,0x00000000eaf80000)
  from space 5120K, 87% used [0x00000000eaf80000,0x00000000eb3e4bc8,0x00000000eb480000)
  to   space 5120K, 0% used [0x00000000eb500000,0x00000000eb500000,0x00000000eba00000)
 ParOldGen       total 289280K, used 284088K [0x00000000c0000000, 0x00000000d1a80000, 0x00000000eab00000)
  object space 289280K, 98% used [0x00000000c0000000,0x00000000d156e2f8,0x00000000d1a80000)
 Metaspace       used 78158K, committed 79488K, reserved 1179648K
  class space    used 7943K, committed 8576K, reserved 1048576K
}
Event: 41.161 GC heap before
{Heap before GC invocations=370 (full 15):
 PSYoungGen      total 9728K, used 9106K [0x00000000eab00000, 0x00000000eba00000, 0x0000000100000000)
  eden space 4608K, 100% used [0x00000000eab00000,0x00000000eaf80000,0x00000000eaf80000)
  from space 5120K, 87% used [0x00000000eaf80000,0x00000000eb3e4bc8,0x00000000eb480000)
  to   space 5120K, 0% used [0x00000000eb500000,0x00000000eb500000,0x00000000eba00000)
 ParOldGen       total 289280K, used 284088K [0x00000000c0000000, 0x00000000d1a80000, 0x00000000eab00000)
  object space 289280K, 98% used [0x00000000c0000000,0x00000000d156e2f8,0x00000000d1a80000)
 Metaspace       used 78166K, committed 79488K, reserved 1179648K
  class space    used 7943K, committed 8576K, reserved 1048576K
}
Event: 41.164 GC heap after
{Heap after GC invocations=370 (full 15):
 PSYoungGen      total 9728K, used 3668K [0x00000000eab00000, 0x00000000eb900000, 0x0000000100000000)
  eden space 5632K, 0% used [0x00000000eab00000,0x00000000eab00000,0x00000000eb080000)
  from space 4096K, 89% used [0x00000000eb500000,0x00000000eb895340,0x00000000eb900000)
  to   space 4096K, 0% used [0x00000000eb100000,0x00000000eb100000,0x00000000eb500000)
 ParOldGen       total 289280K, used 285275K [0x00000000c0000000, 0x00000000d1a80000, 0x00000000eab00000)
  object space 289280K, 98% used [0x00000000c0000000,0x00000000d1696c38,0x00000000d1a80000)
 Metaspace       used 78166K, committed 79488K, reserved 1179648K
  class space    used 7943K, committed 8576K, reserved 1048576K
}
Event: 41.349 GC heap before
{Heap before GC invocations=371 (full 15):
 PSYoungGen      total 9728K, used 9300K [0x00000000eab00000, 0x00000000eb900000, 0x0000000100000000)
  eden space 5632K, 100% used [0x00000000eab00000,0x00000000eb080000,0x00000000eb080000)
  from space 4096K, 89% used [0x00000000eb500000,0x00000000eb895340,0x00000000eb900000)
  to   space 4096K, 0% used [0x00000000eb100000,0x00000000eb100000,0x00000000eb500000)
 ParOldGen       total 289280K, used 285275K [0x00000000c0000000, 0x00000000d1a80000, 0x00000000eab00000)
  object space 289280K, 98% used [0x00000000c0000000,0x00000000d1696c38,0x00000000d1a80000)
 Metaspace       used 78169K, committed 79488K, reserved 1179648K
  class space    used 7943K, committed 8576K, reserved 1048576K
}
Event: 41.360 GC heap after
{Heap after GC invocations=371 (full 15):
 PSYoungGen      total 9216K, used 3100K [0x00000000eab00000, 0x00000000eb780000, 0x0000000100000000)
  eden space 5632K, 0% used [0x00000000eab00000,0x00000000eab00000,0x00000000eb080000)
  from space 3584K, 86% used [0x00000000eb100000,0x00000000eb407370,0x00000000eb480000)
  to   space 3072K, 0% used [0x00000000eb480000,0x00000000eb480000,0x00000000eb780000)
 ParOldGen       total 289280K, used 286017K [0x00000000c0000000, 0x00000000d1a80000, 0x00000000eab00000)
  object space 289280K, 98% used [0x00000000c0000000,0x00000000d17505e0,0x00000000d1a80000)
 Metaspace       used 78169K, committed 79488K, reserved 1179648K
  class space    used 7943K, committed 8576K, reserved 1048576K
}
Event: 42.117 GC heap before
{Heap before GC invocations=372 (full 15):
 PSYoungGen      total 9216K, used 8732K [0x00000000eab00000, 0x00000000eb780000, 0x0000000100000000)
  eden space 5632K, 100% used [0x00000000eab00000,0x00000000eb080000,0x00000000eb080000)
  from space 3584K, 86% used [0x00000000eb100000,0x00000000eb407370,0x00000000eb480000)
  to   space 3072K, 0% used [0x00000000eb480000,0x00000000eb480000,0x00000000eb780000)
 ParOldGen       total 289280K, used 286017K [0x00000000c0000000, 0x00000000d1a80000, 0x00000000eab00000)
  object space 289280K, 98% used [0x00000000c0000000,0x00000000d17505e0,0x00000000d1a80000)
 Metaspace       used 78256K, committed 79616K, reserved 1179648K
  class space    used 7950K, committed 8576K, reserved 1048576K
}
Event: 42.120 GC heap after
{Heap after GC invocations=372 (full 15):
 PSYoungGen      total 8192K, used 2290K [0x00000000eab00000, 0x00000000eb700000, 0x0000000100000000)
  eden space 5632K, 0% used [0x00000000eab00000,0x00000000eab00000,0x00000000eb080000)
  from space 2560K, 89% used [0x00000000eb480000,0x00000000eb6bc918,0x00000000eb700000)
  to   space 3072K, 0% used [0x00000000eb100000,0x00000000eb100000,0x00000000eb400000)
 ParOldGen       total 289280K, used 287109K [0x00000000c0000000, 0x00000000d1a80000, 0x00000000eab00000)
  object space 289280K, 99% used [0x00000000c0000000,0x00000000d18614e8,0x00000000d1a80000)
 Metaspace       used 78256K, committed 79616K, reserved 1179648K
  class space    used 7950K, committed 8576K, reserved 1048576K
}
Event: 42.463 GC heap before
{Heap before GC invocations=373 (full 15):
 PSYoungGen      total 8192K, used 7868K [0x00000000eab00000, 0x00000000eb700000, 0x0000000100000000)
  eden space 5632K, 99% used [0x00000000eab00000,0x00000000eb072720,0x00000000eb080000)
  from space 2560K, 89% used [0x00000000eb480000,0x00000000eb6bc918,0x00000000eb700000)
  to   space 3072K, 0% used [0x00000000eb100000,0x00000000eb100000,0x00000000eb400000)
 ParOldGen       total 289280K, used 287109K [0x00000000c0000000, 0x00000000d1a80000, 0x00000000eab00000)
  object space 289280K, 99% used [0x00000000c0000000,0x00000000d18614e8,0x00000000d1a80000)
 Metaspace       used 78271K, committed 79616K, reserved 1179648K
  class space    used 7950K, committed 8576K, reserved 1048576K
}
Event: 42.466 GC heap after
{Heap after GC invocations=373 (full 15):
 PSYoungGen      total 8704K, used 3026K [0x00000000eab00000, 0x00000000eb780000, 0x0000000100000000)
  eden space 5632K, 0% used [0x00000000eab00000,0x00000000eab00000,0x00000000eb080000)
  from space 3072K, 98% used [0x00000000eb100000,0x00000000eb3f4aa0,0x00000000eb400000)
  to   space 3584K, 0% used [0x00000000eb400000,0x00000000eb400000,0x00000000eb780000)
 ParOldGen       total 289280K, used 287109K [0x00000000c0000000, 0x00000000d1a80000, 0x00000000eab00000)
  object space 289280K, 99% used [0x00000000c0000000,0x00000000d18614e8,0x00000000d1a80000)
 Metaspace       used 78271K, committed 79616K, reserved 1179648K
  class space    used 7950K, committed 8576K, reserved 1048576K
}
Event: 42.584 GC heap before
{Heap before GC invocations=374 (full 15):
 PSYoungGen      total 8704K, used 8658K [0x00000000eab00000, 0x00000000eb780000, 0x0000000100000000)
  eden space 5632K, 100% used [0x00000000eab00000,0x00000000eb080000,0x00000000eb080000)
  from space 3072K, 98% used [0x00000000eb100000,0x00000000eb3f4aa0,0x00000000eb400000)
  to   space 3584K, 0% used [0x00000000eb400000,0x00000000eb400000,0x00000000eb780000)
 ParOldGen       total 289280K, used 287109K [0x00000000c0000000, 0x00000000d1a80000, 0x00000000eab00000)
  object space 289280K, 99% used [0x00000000c0000000,0x00000000d18614e8,0x00000000d1a80000)
 Metaspace       used 78278K, committed 79616K, reserved 1179648K
  class space    used 7950K, committed 8576K, reserved 1048576K
}
Event: 42.588 GC heap after
{Heap after GC invocations=374 (full 15):
 PSYoungGen      total 8192K, used 3563K [0x00000000eab00000, 0x00000000eb980000, 0x0000000100000000)
  eden space 4608K, 0% used [0x00000000eab00000,0x00000000eab00000,0x00000000eaf80000)
  from space 3584K, 99% used [0x00000000eb400000,0x00000000eb77aee8,0x00000000eb780000)
  to   space 4608K, 0% used [0x00000000eaf80000,0x00000000eaf80000,0x00000000eb400000)
 ParOldGen       total 289280K, used 287753K [0x00000000c0000000, 0x00000000d1a80000, 0x00000000eab00000)
  object space 289280K, 99% used [0x00000000c0000000,0x00000000d19026f8,0x00000000d1a80000)
 Metaspace       used 78278K, committed 79616K, reserved 1179648K
  class space    used 7950K, committed 8576K, reserved 1048576K
}
Event: 42.689 GC heap before
{Heap before GC invocations=375 (full 15):
 PSYoungGen      total 8192K, used 8171K [0x00000000eab00000, 0x00000000eb980000, 0x0000000100000000)
  eden space 4608K, 100% used [0x00000000eab00000,0x00000000eaf80000,0x00000000eaf80000)
  from space 3584K, 99% used [0x00000000eb400000,0x00000000eb77aee8,0x00000000eb780000)
  to   space 4608K, 0% used [0x00000000eaf80000,0x00000000eaf80000,0x00000000eb400000)
 ParOldGen       total 289280K, used 287753K [0x00000000c0000000, 0x00000000d1a80000, 0x00000000eab00000)
  object space 289280K, 99% used [0x00000000c0000000,0x00000000d19026f8,0x00000000d1a80000)
 Metaspace       used 78284K, committed 79616K, reserved 1179648K
  class space    used 7950K, committed 8576K, reserved 1048576K
}
Event: 42.693 GC heap after
{Heap after GC invocations=375 (full 15):
 PSYoungGen      total 8704K, used 3917K [0x00000000eab00000, 0x00000000eb780000, 0x0000000100000000)
  eden space 4608K, 0% used [0x00000000eab00000,0x00000000eab00000,0x00000000eaf80000)
  from space 4096K, 95% used [0x00000000eaf80000,0x00000000eb3536e0,0x00000000eb380000)
  to   space 4096K, 0% used [0x00000000eb380000,0x00000000eb380000,0x00000000eb780000)
 ParOldGen       total 289280K, used 289088K [0x00000000c0000000, 0x00000000d1a80000, 0x00000000eab00000)
  object space 289280K, 99% used [0x00000000c0000000,0x00000000d1a50330,0x00000000d1a80000)
 Metaspace       used 78284K, committed 79616K, reserved 1179648K
  class space    used 7950K, committed 8576K, reserved 1048576K
}
Event: 42.693 GC heap before
{Heap before GC invocations=376 (full 16):
 PSYoungGen      total 8704K, used 3917K [0x00000000eab00000, 0x00000000eb780000, 0x0000000100000000)
  eden space 4608K, 0% used [0x00000000eab00000,0x00000000eab00000,0x00000000eaf80000)
  from space 4096K, 95% used [0x00000000eaf80000,0x00000000eb3536e0,0x00000000eb380000)
  to   space 4096K, 0% used [0x00000000eb380000,0x00000000eb380000,0x00000000eb780000)
 ParOldGen       total 289280K, used 289088K [0x00000000c0000000, 0x00000000d1a80000, 0x00000000eab00000)
  object space 289280K, 99% used [0x00000000c0000000,0x00000000d1a50330,0x00000000d1a80000)
 Metaspace       used 78284K, committed 79616K, reserved 1179648K
  class space    used 7950K, committed 8576K, reserved 1048576K
}

