### ISSUE TITLE
Power: Value types: Nested field class for aconst_init is not patched correctly in non-SVM AOT compilation 

### ISSUE THREAD

**Issue by a7ehuo** [eclipse-openj9/openj9#15423]
Value type bytecode `aconst_init` is represented as `newvalue  jitNewValue` in ILGen and later lowered as `new` in CG. If a field of VT is also a VT, we will generate `newvalue  jitNewValue` for the field instance as well. 

I'm testing [enabling AOT compilation for aconst_init](https://github.com/a7ehuo/openj9/commit/53fa21adeb6621d2043acabcfb05f5bf6d747af6), using the following test code, I noticed the field class `SingleFieldPrimitive`  for `NestedFieldsPrimitive` is not patched correctly on AOT load on Power. `NestedFieldsPrimitive` seems to be patched correctly. If I understand it correctly,` $r2` should contain `SingleFieldPrimitive` after `0x7fffd6de00b8`. but `$r2` shows `0x273400` which is `TestAOTAConstInit2` instead of `SingleFieldPrimitive`. `SingleFieldPrimitive` should be `0x273800`. 

```java
primitive public class NestedFieldsPrimitive {
    public final SingleFieldPrimitive f1;

    public NestedFieldsPrimitive() {
        this.f1 = new SingleFieldPrimitive();
    }

    public NestedFieldsPrimitive(int val) {
        this.f1 = new SingleFieldPrimitive(val);
    }
}
public class TestAOTAConstInit2 {

   public static NestedFieldsPrimitive _nfp;

   public static void test() {
      _nfp = NestedFieldsPrimitive.default; // aconst_init

   public static void main(String[] args) {
      test();
      test();
   }
}
```

```
n1n       BBStart <block_2>                                                                   [    0x7ad5eb004530] bci=[-1,0,-] rc=0 vc=0 vn=- li=- udi=- nc=0
n7n       treetop                                                                             [    0x7ad5eb004710] bci=[-1,0,-] rc=0 vc=0 vn=- li=- udi=- nc=1
n6n         newvalue  jitNewValue[#101  helper Method] [flags 0x400 0x0 ] (Identityless sharedMemory )  [    0x7ad5eb0046c0] bci=[-1,0,-] rc=2 vc=0 vn=- li=- udi=- nc=2 flg=0x2000
n4n           loadaddr  SingleFieldPrimitive[#384  Static] [flags 0x18307 0x0 ]               [    0x7ad5eb004620] bci=[-1,0,-] rc=1 vc=0 vn=- li=- udi=- nc=0
n5n           iconst 0                                                                        [    0x7ad5eb004670] bci=[-1,0,-] rc=1 vc=0 vn=- li=- udi=- nc=0
n8n       allocationFence on n6n                                                              [    0x7ad5eb004760] bci=[-1,0,-] rc=0 vc=0 vn=- li=- udi=- nc=0
n10n      treetop                                                                             [    0x7ad5eb004800] bci=[-1,0,-] rc=0 vc=0 vn=- li=- udi=- nc=1
n9n         newvalue  jitNewValue[#101  helper Method] [flags 0x400 0x0 ] (Identityless sharedMemory )  [    0x7ad5eb0047b0] bci=[-1,0,-] rc=2 vc=0 vn=- li=- udi=- nc=2 flg=0x2000
n3n           loadaddr  NestedFieldsPrimitive[#383  Static] [flags 0x18307 0x0 ]              [    0x7ad5eb0045d0] bci=[-1,0,-] rc=1 vc=0 vn=- li=- udi=- nc=0
n6n           ==>newvalue
```

**---- AOT Compilation ----** 
```
------------------------------
 n7n      (  0)  treetop                                                                              [    0x7ad5eb004710] bci=[-1,0,-] rc=0 vc=66 vn=- li=2 udi=- nc=1
 n6n      (  3)    new  jitNewValue[#101  helper Method] [flags 0x400 0x0 ] (in &GPR_0044) (highWordZero Unsigned X!=0 skipZeroInit allocationCanBeRemoved sharedMemory )  [    0x7ad5eb0046c0] bci=[-1,0,-] rc=3 vc=66 vn=- li=2 udi=20384 nc=1 flg=0xc004
 n4n      (  0)      loadaddr  SingleFieldPrimitive[#384  Static] [flags 0x18307 0x0 ] (in GPR_0034)  [    0x7ad5eb004620] bci=[-1,0,-] rc=0 vc=66 vn=- li=2 udi=16976 nc=0
------------------------------

 [    0x7ad5eb0c3920]	0 	Label L0032:	
 [    0x7ad5eb0c4160]	0 	ld 	GPR_0033, [gr16, 0]		; Backpatched branch to Unresolved Data Snippet Label L0036		# SymRef  SingleFieldPrimitive[#389  Static] [flags 0x18307 0x0 ]
 [    0x7ad5eb0c42c0]	0 	addi 	GPR_0034, [GPR_0033, 0]		# SymRef  SingleFieldPrimitive[#384  Static] [flags 0x18307 0x0 ]
 [    0x7ad5eb0c4a80]	0 	ld 	GPR_0040, [gr15, 96]
 [    0x7ad5eb0c4bd0]	0 	ld 	GPR_0039, [gr15, 104]
 [    0x7ad5eb0c4c70]	0 	addi 	GPR_0037, GPR_0040, 16
 [    0x7ad5eb0c4d10]	0 	cmpld 	CCR_0036, GPR_0037, GPR_0039
 [    0x7ad5eb0c4db0]	0 	bgt 	CCR_0036, Outlined Label L0033
 [    0x7ad5eb0c4f00]	0 	std 	[gr15, 96], GPR_0037
 [    0x7ad5eb0c78c0]	0 	stw 	[GPR_0040, 0], GPR_0034
```

**Mixed Mode Disassembly**
```
    0x7ad5f0ed00a4 00000020 [    0x7ad5eb0a6130] 48000131          0 	bl 	Snippet Label L0036	
    0x7ad5f0ed00a8 00000024 [    0x7ad5eb0a61c0] 60420000          0 	ori 	gr2, gr2, 0
    0x7ad5f0ed00ac 00000028 [    0x7ad5eb0a6260] 784207c6          0 	rldicr 	gr2, gr2, 0000000000000020, FFFFFFFF00000000
    0x7ad5f0ed00b0 0000002c [    0x7ad5eb0a6310] 64420000          0 	oris 	gr2, gr2, 0
    0x7ad5f0ed00b4 00000030 [    0x7ad5eb0a63b0] 60420000          0 	ori 	gr2, gr2, 0
    0x7ad5f0ed00b8 00000034 [    0x7ad5eb0c42c0] 38420000          0 	addi 	gr2, [gr2, 0]		# SymRef  SingleFieldPrimitive[#384  Static] [flags 0x18307 0x0 ]
    0x7ad5f0ed00bc 00000038 [    0x7ad5eb0c4a80] e90f0060          0 	ld 	gr8, [gr15, 96]
    0x7ad5f0ed00c0 0000003c [    0x7ad5eb0c4bd0] e8af0068          0 	ld 	gr5, [gr15, 104]
    0x7ad5f0ed00c4 00000040 [    0x7ad5eb0c4c70] 38080010          0 	addi 	gr0, gr8, 16
    0x7ad5f0ed00c8 00000044 [    0x7ad5eb0c4d10] 7c202840          0 	cmpld 	cr0, gr0, gr5
    0x7ad5f0ed00cc 00000048 [    0x7ad5eb0c4db0] 418100e4          0 	bgt 	cr0, Outlined Label L0033
    0x7ad5f0ed00d0 0000004c [    0x7ad5eb0c4f00] f80f0060          0 	std 	[gr15, 96], gr0
    0x7ad5f0ed00d4 00000050 [    0x7ad5eb0c78c0] 90480000          0 	stw 	[gr8, 0], gr2
```

**---- AOT Load ----** 
```
+ (AOT load) TestAOTAConstInit2.test()V @ 00007FFFD6DE0084-00007FFFD6DE026C Q_SZ=0 Q_SZI=0 QW=1 j9m=0000000000273658 bcsz=7 compThreadID=0
```

```
0x7fffd6de00a4 {TestAOTAConstInit2.test} +8           -1:0         31010048 bl        0x7fffd6de01d4 U>> +84 Snippet->  // iloadw 3
0x7fffd6de00a8 {TestAOTAConstInit2.test} +9                        00004260 ori       r2, r2, 0 <<< ^+94
0x7fffd6de00ac {TestAOTAConstInit2.test} +10                       c6074278 sldi      r2, r2, 0x20
0x7fffd6de00b0 {TestAOTAConstInit2.test} +11                       00004264 oris      r2, r2, 0
0x7fffd6de00b4 {TestAOTAConstInit2.test} +12                       00004260 ori       r2, r2, 0
0x7fffd6de00b8 {TestAOTAConstInit2.test} +13                       00004238 addi      r2, r2, 0
0x7fffd6de00bc {TestAOTAConstInit2.test} +14                       60000fe9 ld        r8, 0x60(r15) J9VMThread.heapAlloc // TLH Alloc 
0x7fffd6de00c0 {TestAOTAConstInit2.test} +15                       6800afe8 ld        r5, 0x68(r15) J9VMThread.heapTop
0x7fffd6de00c4 {TestAOTAConstInit2.test} +16                       10000838 addi      r0, r8, 0x10
0x7fffd6de00c8 {TestAOTAConstInit2.test} +17                       4028207c cmpld     r0, r5
0x7fffd6de00cc {TestAOTAConstInit2.test} +18                  *    e4008141 bgt       0x7fffd6de01b0 C>> +75 
0x7fffd6de00d0 {TestAOTAConstInit2.test} +19                  |    60000ff8 std       r0, 0x60(r15) J9VMThread.heapAlloc
0x7fffd6de00d4 {TestAOTAConstInit2.test} +20                  |    00004890 stw       r2, 0(r8)
```

```
TR_J9SC:classMatchesCachedVersion class 0000000000273800 SingleFieldPrimitive
TR_J9SC:classMatchesCachedVersion class 0000000000273400 TestAOTAConstInit2

Thread 2 "main" hit Breakpoint 1, 0x00007fffd6de00b8 in ?? ()
(gdb) p/x $r2
$1 = 0x273400
(gdb) ni
0x00007fffd6de00bc in ?? ()
(gdb) p/x $r2.  //<--- supposed to be SingleFieldPrimitive 0x273800
$2 = 0x273400
(gdb) p/x $r15
$4 = 0xc3a00
(gdb) p/x $r8
$5 = 0x7ffff7bed870
(gdb) ni
0x00007fffd6de00c0 in ?? ()
(gdb)  p/x $r2
$6 = 0x273400
(gdb)  p/x $r15
$7 = 0xc3a00
(gdb)  p/x $r8
$8 = 0xfe0dc948
```

[0623_NestedFieldsPrimitive_AOT_Power.zip](https://github.com/eclipse-openj9/openj9/files/8970530/0623_NestedFieldsPrimitive_AOT_Power.zip)

**Comment by a7ehuo** [comment]
There is a similar issue on X86 but I'm not sure if Power is the same root cause. 

For X86-64, it creates a relocation record `TR_ClassAddress` for the `romClass` of `SingleFieldPrimitive` in [omr/compiler/x/amd64/codegen/OMRMemoryReference.cpp](https://github.com/eclipse-openj9/openj9-omr/blob/a57ad601d6664d97958c59884c4d34a0ce2f960a/compiler/x/amd64/codegen/OMRMemoryReference.cpp#L450-L453) for the class load instruction. The `TR_ClassAddress` relocation record requires cpIndex for the class symref, but when the field of VT is VT, the cpIndex for the field class `SingleFieldPrimitive` is unknown, so [it is set as 0 in ILGen](https://github.com/a7ehuo/openj9/blob/53fa21adeb6621d2043acabcfb05f5bf6d747af6/runtime/compiler/ilgen/Walker.cpp#L6744).  Because cpindex is incorrect, the patched address is also incorrect.

**Comment by a7ehuo** [comment]
@zl-wang I'm wondering if you could shed some light on this issue? Thank you!

**Comment by zl-wang** [comment]
@a7ehuo  for all possibilities i can see, it should be the same issue as x86.  the only uncertainty i have is with regard to the real after-relocation instr sequence.  the sequence you showed for AOT-load seemed not patched yet, since every immediate-field in the instr sequence is still 0 (i.e. you cannot have non-zero r2, as it is).  if it is patched/relocated already, how come you can get 0x273400?  so that, it is an excellent confirmation (de-mystifying) if you can show the really-executed sequence in debugger as it is running.

**Comment by zl-wang** [comment]
a second look at the code:   it is an unresolved class.  i.e. it is resolved at runtime to be 0x273400 (and patched in). so, it must be the same problem ... wrong cpIndex likely ... resulting in wrong clazz being patched in.   it is not relocated.

**Comment by a7ehuo** [comment]
Thanks for the information @zl-wang! I think I have a better understanding of it now.

**1.** 
>the sequence you showed for AOT-load seemed not patched yet

I used kca to dump the instructions using `breakAfterCompile` on AOT load, then I ran the code and stopped right before `$r2` is updated and accessed. I guess that's why it was not patched yet. I reran the test and show the instructions at the same time. Now I can see the address is patched to `0x273400`. 

```
Thread 2 "main" hit Breakpoint 2, 0x00007fffd6de00a8 in ?? ()
=> 0x00007fffd6de00a8:	00 00 42 60	ori     r2,r2,0
(gdb) p/x $r2
$1 = 0x0
(gdb) si
0x00007fffd6de00ac in ?? ()
=> 0x00007fffd6de00ac:	c6 07 42 78	rldicr  r2,r2,32,31
(gdb) p/x $r2
$2 = 0x0
(gdb) si
0x00007fffd6de00b0 in ?? ()
=> 0x00007fffd6de00b0:	27 00 42 64	oris    r2,r2,39 //<------ 39 (0x27), no longer 0
(gdb) p/x $r2
$3 = 0x0
(gdb) si
0x00007fffd6de00b4 in ?? ()
=> 0x00007fffd6de00b4:	00 34 42 60	ori     r2,r2,13312 //<------ 13312 (0x3400)
(gdb) p/x $r2
$4 = 0x270000
(gdb) si
0x00007fffd6de00b8 in ?? ()
=> 0x00007fffd6de00b8:	00 00 42 38	addi    r2,r2,0
(gdb) p/x $r2
$5 = 0x273400
(gdb) si
0x00007fffd6de00bc in ?? ()
=> 0x00007fffd6de00bc:	60 00 0f e9	ld      r8,96(r15)
(gdb) p/x $r2
$6 = 0x273400
```

**2.** 
>it is an unresolved class

This is where I was trying to understand how Power does it differently, since I don't see any `TR_ClassAddress` relocation record for the class used in the `loadaddr` instruction as what I'm seeing on X86 or [on Z](https://github.com/eclipse-openj9/openj9/issues/15424#issuecomment-1165796207). I think now I have a better understanding of it. Power likely uses `TR_ConstantPool` for unresolved class relocation record. 

There are 3 relocation records associated with node `0x7ad5eb004620` (`loadaddr  SingleFieldPrimitive`) for the Unresolved Data Snippet `L0036`[1]. I think the relocation record `TR_ConstantPool` offset(PC) `0x0160` is to patch the class. The [CPIndex is used here](https://github.com/eclipse-openj9/openj9/blob/483e879d91bef6225f89c870089be438e9938146/runtime/compiler/p/codegen/J9UnresolvedDataSnippet.cpp#L168-L171), and I can see it's passed in as `0` [2]. It's passed in `0` because we don't know it's cpIdex [if it's a VT that's a field of another VT](https://github.com/eclipse-openj9/openj9/blob/da77f9f134bd46b7a5e0a608101f4d55eb4da8c9/runtime/compiler/ilgen/Walker.cpp#L6720-L6725). The root cause looks the same as other platforms. 

[1]
```
    0x7ad5f0ed00a4 00000020 [    0x7ad5eb0a6130] 48000131          0 	bl 	Snippet Label L0036	
    0x7ad5f0ed00a8 00000024 [    0x7ad5eb0a61c0] 60420000          0 	ori 	gr2, gr2, 0
    0x7ad5f0ed00ac 00000028 [    0x7ad5eb0a6260] 784207c6          0 	rldicr 	gr2, gr2, 0000000000000020, FFFFFFFF00000000
    0x7ad5f0ed00b0 0000002c [    0x7ad5eb0a6310] 64420000          0 	oris 	gr2, gr2, 0
    0x7ad5f0ed00b4 00000030 [    0x7ad5eb0a63b0] 60420000          0 	ori 	gr2, gr2, 0
    0x7ad5f0ed00b8 00000034 [    0x7ad5eb0c42c0] 38420000          0 	addi 	gr2, [gr2, 0]		# SymRef  SingleFieldPrimitive[#384  Static] [flags 0x18307 0x0 ]
```
```
00007AD5F0ED01D4 00000150                                        Snippet Label L0036:		; Unresolved Data Snippet
    0x7ad5f0ed01d4 00000150                      481ff50d          bl 	00007AD5F10CF6E0		; Through Trampoline
    0x7ad5f0ed01d8 00000154                      f0ed00a4 00007ad5 .long 	00007AD5F0ED00A4		; Code cache return address
    0x7ad5f0ed01e0 0000015c                      80000000          .long 	0x80000000		; pTOC|VD|SY|IX|cpIndex of the data reference
    0x7ad5f0ed01e4 00000160                      d16d8750 00007ad5 .long 	00007AD5D16D8750		; Constant pool address
    0x7ad5f0ed01ec 00000168                      00000000          .long 	0x00000000		; Offset to be merged
    0x7ad5f0ed01f0 0000016c                      3c400000          .long 	0x3c400000		; Instruction template
    0x7ad5f0ed01f4 00000170                      00000000          .long 	0x00000000		; Lock word initialized to 0
    0x7ad5f0ed01f8 00000174                      deadbeef          .long 	0xdeadbeef		; <clinit> case - 1st instruction (0xdeadbeef)
    0x7ad5f0ed01fc 00000178                      4bfffeac          b 	00007AD5F0ED00A8		; <clinit> case - Branch back to main line code
```

```
TR_HelperAddress (1)                /root/home/ahuo/src/openj9-openjdk-jdk.valuetypes/openj9/runtime/compiler/p/codegen/J9UnresolvedDataSnippet.cpp   146      0194       0150 00007AD5EB004620
TargetAddress1:00007AD5EB0A8CF0,  TargetAddress2:0000000000000000
TR_AbsoluteMethodAddress (3)        /root/home/ahuo/src/openj9-openjdk-jdk.valuetypes/openj9/runtime/compiler/p/codegen/J9UnresolvedDataSnippet.cpp   157      0198       0154 00007AD5EB004620
TargetAddress1:0000000000000000,  TargetAddress2:0000000000000000
TR_ConstantPool (0)                 /root/home/ahuo/src/openj9-openjdk-jdk.valuetypes/openj9/runtime/compiler/p/codegen/J9UnresolvedDataSnippet.cpp   191      01a4       0160 00007AD5EB004620
TargetAddress1:00007AD5D16D8750,  TargetAddress2:FFFFFFFFFFFFFFFF
```

[2]
```
loadaddr  SingleFieldPrimitive[#384  Static] //<--- symref #384


Thread 4 "JIT Compilation" hit Breakpoint 1, J9::Power::UnresolvedDataSnippet::emitSnippetBody (this=0x7ffff42340a0)
    at /root/home/ahuo/src/openj9-openjdk-jdk.valuetypes/openj9/runtime/compiler/p/codegen/J9UnresolvedDataSnippet.cpp:160
160	   if (getDataSymbolReference()->getSymbol()->isCallSiteTableEntry())
(gdb) print *_dataSymbolReference
$1 = {<J9::SymbolReference> = {<OMR::SymbolReference> = {_vptr.SymbolReference = 0x7ffff6f3cc30 <vtable for TR::SymbolReference+16>, 
      _symbol = 0x7ffff41d0370, _extraInfo = 0x0, _offset = 0, _size = 0, _owningMethodIndex = {_value = 0}, _cpIndex = 0, 
      _unresolvedIndex = 0, _referenceNumber = 384, _flags = {_flags = 536870912}, _knownObjectIndex = -1, {_useDefAliases = 0x0, 
        _independentSymRefs = 0x0}}, <No data fields>}, <No data fields>}
```
