### ISSUE TITLE
serviceability_jvmti_j9_0 serviceability/jvmti/ObjectMonitorUsage/ObjectMonitorUsage.java timed out

### ISSUE THREAD

**Issue by JasonFengJ9** [eclipse-openj9/openj9#21890]
**Failure link**
---
From internal [Test_openjdk24_j9_extended.openjdk_ppc64le_linux_testList_2](https://hyc-runtimes-jenkins.swg-devops.com/job/Test_openjdk24_j9_extended.openjdk_ppc64le_linux_testList_2/41/) (sles15le-svl-rt3-1)

```**Java Version**
openjdk version "24.0.1-beta" 2025-04-15
IBM Semeru Runtime Open Edition 24.0.1+9-202505150003 (build 24.0.1-beta+9-202505150003)
Eclipse OpenJ9 VM 24.0.1+9-202505150003 (build master-9a36a00f72, JRE 24 Linux ppc64le-64-Bit Compressed References 20250515_60 (JIT enabled, AOT enabled)
OpenJ9   - 9a36a00f72
OMR      - b9fa405a4
JCL      - b819e31a4 based on jdk-24.0.1+9)
```

[Rerun in Grinder](https://hyc-runtimes-jenkins.swg-devops.com/job/Grinder/parambuild/?SDK_RESOURCE=customized&amp;TARGET=serviceability_jvmti_j9_0&amp;BASE_DOCKER_REGISTRY_CREDENTIAL_ID=&amp;TEST_FLAG=&amp;UPSTREAM_TEST_JOB_NAME=Test_openjdk24_j9_extended.openjdk_ppc64le_linux&amp;DOCKER_REQUIRED=false&amp;ACTIVE_NODE_TIMEOUT=5&amp;VENDOR_TEST_DIRS=&amp;EXTRA_DOCKER_ARGS=&amp;TKG_OWNER_BRANCH=adoptium%3Amaster&amp;OPENJ9_SYSTEMTEST_OWNER_BRANCH=eclipse%3Amaster&amp;PLATFORM=ppc64le_linux&amp;GENERATE_JOBS=true&amp;KEEP_REPORTDIR=true&amp;PERSONAL_BUILD=false&amp;DOCKER_REGISTRY_DIR=&amp;RERUN_ITERATIONS=0&amp;ADOPTOPENJDK_REPO=https%3A%2F%2Fgithub.com%2Fadoptium%2Faqa-tests.git&amp;SETUP_JCK_RUN=false&amp;DOCKER_REGISTRY_URL_CREDENTIAL_ID=&amp;LABEL=&amp;EXTRA_OPTIONS=&amp;CUSTOMIZED_SDK_URL=https%3A%2F%2Fna.artifactory.swg-devops.com%2Fartifactory%2Fsys-rt-generic-local%2Fhyc-runtimes-jenkins.swg-devops.com%2Fbuild-scripts%2Fjobs%2Fjdk24%2Fjdk24-linux-ppc64le-openj9%2F60%2Fibm-semeru-open-jdk_ppc64le_linux_JDK24U_2025-05-15-00-01.tar.gz+https%3A%2F%2Fna.artifactory.swg-devops.com%2Fartifactory%2Fsys-rt-generic-local%2Fhyc-runtimes-jenkins.swg-devops.com%2Fbuild-scripts%2Fjobs%2Fjdk24%2Fjdk24-linux-ppc64le-openj9%2F60%2Fibm-semeru-open-testimage_ppc64le_linux_JDK24U_2025-05-15-00-01.tar.gz&amp;BUILD_IDENTIFIER=&amp;JENKINS_KEY=Jenkins+4096+key&amp;ADOPTOPENJDK_BRANCH=master&amp;LIGHT_WEIGHT_CHECKOUT=false&amp;USE_JRE=false&amp;ARTIFACTORY_SERVER=na.artifactory.swg-devops&amp;KEEP_WORKSPACE=false&amp;USER_CREDENTIALS_ID=83181e25-eea4-4f55-8b3e-e79615733226&amp;JDK_VERSION=24&amp;DOCKER_REGISTRY_URL=&amp;ITERATIONS=1&amp;VENDOR_TEST_REPOS=&amp;JDK_REPO=git%40github.com%3Aibmruntimes%2Fopenj9-openjdk-jdk24&amp;JCK_GIT_BRANCH=main&amp;RELEASE_TAG=&amp;OPENJ9_BRANCH=master&amp;OPENJ9_SHA=&amp;JCK_GIT_REPO=&amp;VENDOR_TEST_BRANCHES=&amp;OPENJ9_REPO=https%3A%2F%2Fgithub.com%2Feclipse-openj9%2Fopenj9.git&amp;UPSTREAM_JOB_NAME=&amp;CLOUD_PROVIDER=&amp;CUSTOM_TARGET=&amp;VENDOR_TEST_SHAS=&amp;JDK_BRANCH=openj9&amp;LABEL_ADDITION=&amp;ARTIFACTORY_REPO=sys-rt-generic-local%2Chyc-runtimes-team-restricted-oracle-sdk-generic-local&amp;ARTIFACTORY_ROOT_DIR=&amp;UPSTREAM_TEST_JOB_NUMBER=48&amp;DOCKERIMAGE_TAG=&amp;TEST_TIME=&amp;JDK_IMPL=openj9&amp;SSH_AGENT_CREDENTIAL=83181e25-eea4-4f55-8b3e-e79615733226&amp;AUTO_DETECT=true&amp;SLACK_CHANNEL=%23rt-jenkins&amp;DYNAMIC_COMPILE=false&amp;RELATED_NODES=&amp;ADOPTOPENJDK_SYSTEMTEST_OWNER_BRANCH=adoptium%3Amaster&amp;APPLICATION_OPTIONS=&amp;CUSTOMIZED_SDK_URL_CREDENTIAL_ID=7c1c2c28-650f-49e0-afd1-ca6b60479546&amp;ARCHIVE_TEST_RESULTS=false&amp;NUM_MACHINES=&amp;OPENJDK_SHA=&amp;TRSS_URL=https%3A%2F%2Ftrssrtp1.fyre.ibm.com%2F&amp;RERUN_FAILURE=false&amp;USE_TESTENV_PROPERTIES=false&amp;BUILD_LIST=openjdk&amp;ADDITIONAL_ARTIFACTS_REQUIRED=&amp;UPSTREAM_JOB_NUMBER=&amp;STF_OWNER_BRANCH=adoptium%3Amaster&amp;TIME_LIMIT=25&amp;JVM_OPTIONS=&amp;PARALLEL=None) - Change TARGET to run only the failed test targets

**Optional info**
---
Failure output (captured from console output)
---
```
[2025-05-15T01:23:03.393Z] variation: Mode150
[2025-05-15T01:23:03.393Z] JVM_OPTIONS:  -XX:+UseCompressedOops -Xverbosegclog 

[2025-05-15T01:41:01.440Z] TEST: serviceability/jvmti/ObjectMonitorUsage/ObjectMonitorUsage.java

[2025-05-15T01:41:01.443Z] TEST RESULT: Error. Program `/home/jenkins/workspace/Test_openjdk24_j9_extended.openjdk_ppc64le_linux_testList_2/jdkbinary/j2sdk-image/bin/java' timed out (timeout set to 960000ms, elapsed time including timeout handling was 964546ms).
[2025-05-15T01:41:01.443Z] --------------------------------------------------
[2025-05-15T01:41:01.443Z] Test results: passed: 162; error: 1

[2025-05-15T01:41:13.098Z] serviceability_jvmti_j9_0_FAILED
```

[50x internal Grinder](https://hyc-runtimes-jenkins.swg-devops.com/job/Grinder/50395/)

**Comment by JasonFengJ9** [comment]
Looked at [core.20250515.085412.835.0001.dmp & javacore.20250515.085414.835.0002.txt](https://na.artifactory.swg-devops.com/artifactory/sys-rt-generic-local/hyc-runtimes-jenkins.swg-devops.com/Grinder_iteration_1/5446/openjdk_test_output.tar.gz)
```
3XMTHREADINFO      "MainThread" J9VMThread:0x00000000002B6800, omrthread_t:0x00007FFF882655C8, java/lang/Thread:0x00000000E00C0218, state:P, rawStateValue:0x80, prio=5
3XMJAVALTHREAD            (java/lang/Thread getId:0x18, isDaemon:false)
3XMJAVALTHRCCL            jdk/internal/loader/ClassLoaders$AppClassLoader(0x00000000E0056E10)
3XMTHREADINFO1            (native thread ID:0x37E, native priority:0x5, native policy:UNKNOWN, vmstate:P, vm thread flags:0x00020081)
3XMTHREADINFO2            (native stack address range from:0x00007FFF6BF80000, to:0x00007FFF6C000000, size:0x80000)
3XMCPUTIME               CPU usage total: 0.156638786 secs, current category="Application"
3XMTHREADBLOCK     Parked on: java/util/concurrent/CountDownLatch$Sync@0x00000000FFDC1A90 Owned by: <unknown>
3XMHEAPALLOC             Heap bytes allocated since last GC cycle=0 (0x0)
3XMTHREADINFO3           Java callstack:
4XESTACKTRACE                at jdk/internal/misc/Unsafe.park(Native Method)
4XESTACKTRACE                at java/util/concurrent/locks/LockSupport.park(LockSupport.java:223)
4XESTACKTRACE                at java/util/concurrent/locks/AbstractQueuedSynchronizer.acquire(AbstractQueuedSynchronizer.java:789)
4XESTACKTRACE                at java/util/concurrent/locks/AbstractQueuedSynchronizer.acquireSharedInterruptibly(AbstractQueuedSynchronizer.java:1138)
4XESTACKTRACE                at java/util/concurrent/CountDownLatch.await(CountDownLatch.java:230)
4XESTACKTRACE                at java/lang/VirtualThread.joinNanos(VirtualThread.java:1006)
4XESTACKTRACE                at java/lang/Thread.join(Thread.java:1878)
4XESTACKTRACE                at java/lang/Thread.join(Thread.java:1971)
4XESTACKTRACE                at ObjectMonitorUsage.joinThreads(ObjectMonitorUsage.java:111)
4XESTACKTRACE                at ObjectMonitorUsage.test1(ObjectMonitorUsage.java:199)
4XESTACKTRACE                at ObjectMonitorUsage.test(ObjectMonitorUsage.java:321)
4XESTACKTRACE                at ObjectMonitorUsage.main(ObjectMonitorUsage.java:331)
4XESTACKTRACE                at java/lang/invoke/LambdaForm$DMH/0x000000000400d130.invokeStatic(LambdaForm$DMH)
4XESTACKTRACE                at java/lang/invoke/LambdaForm$MH/0x0000000004013420.invoke(LambdaForm$MH)
4XESTACKTRACE                at java/lang/invoke/LambdaForm$MH/0x0000000004013940.invokeExact_MT(LambdaForm$MH)
4XESTACKTRACE                at jdk/internal/reflect/DirectMethodHandleAccessor.invokeImpl(DirectMethodHandleAccessor.java:155)
4XESTACKTRACE                at jdk/internal/reflect/DirectMethodHandleAccessor.invoke(DirectMethodHandleAccessor.java:104)
4XESTACKTRACE                at java/lang/reflect/Method.invoke(Method.java:571)
4XESTACKTRACE                at com/sun/javatest/regtest/agent/MainWrapper$MainTask.run(MainWrapper.java:138)
4XESTACKTRACE                at java/lang/Thread.runWith(Thread.java:1471)
4XESTACKTRACE                at java/lang/Thread.run(Thread.java:1458)
```

`MainThread` is a virtual thread awaiting for termination at https://github.com/ibmruntimes/openj9-openjdk-jdk24/blob/b1ac779dfbfebf988be3c8b3a24aafaa23c33c62/src/java.base/share/classes/java/lang/VirtualThread.java#L1006
which was parked at https://github.com/ibmruntimes/openj9-openjdk-jdk24/blob/b1ac779dfbfebf988be3c8b3a24aafaa23c33c62/src/java.base/share/classes/java/util/concurrent/locks/LockSupport.java#L223 but never received a permit for returning.

```
> !stack 0x002b6800
<2b6800> 	!j9method 0x00000000000C66B0   jdk/internal/misc/Unsafe.park(ZJ)V
<2b6800> 	!j9method 0x0000000000100848   java/util/concurrent/locks/LockSupport.park(Ljava/lang/Object;)V
<2b6800> 	!j9method 0x00000000001AE870   java/util/concurrent/locks/AbstractQueuedSynchronizer.acquire(Ljava/util/concurrent/locks/AbstractQueuedSynchronizer$Node;IZZZJ)I
<2b6800> 	!j9method 0x00000000001AEA30   java/util/concurrent/locks/AbstractQueuedSynchronizer.acquireSharedInterruptibly(I)V
<2b6800> 	!j9method 0x00000000002ED568   java/util/concurrent/CountDownLatch.await()V
<2b6800> 	!j9method 0x0000000000107390   java/lang/VirtualThread.joinNanos(J)Z
<2b6800> 	!j9method 0x00000000000EAE08   java/lang/Thread.join(J)V
<2b6800> 	!j9method 0x00000000000EAE48   java/lang/Thread.join()V
<2b6800> 	!j9method 0x00000000002A6BD8   ObjectMonitorUsage.joinThreads([Ljava/lang/Thread;)V
<2b6800> 	!j9method 0x00000000002A6C58   ObjectMonitorUsage.test1(Z)V
<2b6800> 	!j9method 0x00000000002A6CB8   ObjectMonitorUsage.test(Z)V
<2b6800> 	!j9method 0x00000000002A6CD8   ObjectMonitorUsage.main([Ljava/lang/String;)V
<2b6800> 	!j9method 0x00000000002B52A8   java/lang/invoke/LambdaForm$DMH/0x000000000400d130.invokeStatic(Ljava/lang/Object;Ljava/lang/Object;)V
<2b6800> 	!j9method 0x00000000002C6CB8   java/lang/invoke/LambdaForm$MH/0x0000000004013420.invoke(Ljava/lang/Object;Ljava/lang/Object;Ljava/lang/Object;)Ljava/lang/Object;
<2b6800> 	!j9method 0x00000000002C71B8   java/lang/invoke/LambdaForm$MH/0x0000000004013940.invokeExact_MT(Ljava/lang/Object;Ljava/lang/Object;Ljava/lang/Object;Ljava/lang/Object;)Ljava/lang/Object;
<2b6800> 	!j9method 0x0000000000255298   jdk/internal/reflect/DirectMethodHandleAccessor.invokeImpl(Ljava/lang/Object;[Ljava/lang/Object;)Ljava/lang/Object;
<2b6800> 	!j9method 0x0000000000255258   jdk/internal/reflect/DirectMethodHandleAccessor.invoke(Ljava/lang/Object;[Ljava/lang/Object;)Ljava/lang/Object;
<2b6800> 	!j9method 0x00000000000E2050   java/lang/reflect/Method.invoke(Ljava/lang/Object;[Ljava/lang/Object;)Ljava/lang/Object;
<2b6800> 	!j9method 0x00000000002A64E8   com/sun/javatest/regtest/agent/MainWrapper$MainTask.run()V
<2b6800> 	!j9method 0x00000000000EAB88   java/lang/Thread.runWith(Ljava/lang/Object;Ljava/lang/Runnable;)V
<2b6800> 	!j9method 0x00000000000EAB68   java/lang/Thread.run()V
<2b6800> 	                        JNI call-in frame
<2b6800> 	                        Native method frame

**<2b6800> Bytecode frame: bp = 0x00000000002BC9B0, sp = 0x00000000002BC9A0, pc = 0x00007FFF350C410E, cp = 0x00000000000EB510, arg0EA = 0x00000000002BC9B8, flags = 0x0000000000000000
<2b6800> 	Method: java/lang/Thread.join()V !j9method 0x00000000000EAE48
<2b6800> 	Bytecode index = 2
<2b6800> 	Using debug local mapper
<2b6800> 	Locals starting at 0x00000000002BC9B8 for 0x0000000000000001 slots
<2b6800> 		O-Slot: a0[0x00000000002BC9B8] = 0x00000000FFEEA430

> !j9object 0x00000000FFEEA430
!J9Object 0x00000000FFEEA430 {
	struct J9Class* clazz = !j9class 0x107C00 // java/lang/VirtualThread
	Object flags = 0x00000012;
	I lockword = 0x00000008 (offset = 0) (java/lang/Object) <hidden>
	J eetop = 0x0000000000000000 (offset = 4) (java/lang/Thread)
	J tid = 0x000000000000003C (offset = 12) (java/lang/Thread)
	Ljava/lang/String; name = !fj9object 0xffeec148 (offset = 44) (java/lang/Thread)
	Z interrupted = 0x00000000 (offset = 96) (java/lang/Thread)
	Ljava/lang/ClassLoader; contextClassLoader = !fj9object 0xe0056e10 (offset = 48) (java/lang/Thread)
	Ljava/lang/Thread$FieldHolder; holder = !fj9object 0x0 (offset = 52) (java/lang/Thread)
	Ljava/lang/ThreadLocal$ThreadLocalMap; threadLocals = !fj9object 0x0 (offset = 56) (java/lang/Thread)
	Ljava/lang/ThreadLocal$ThreadLocalMap; inheritableThreadLocals = !fj9object 0x0 (offset = 60) (java/lang/Thread)
	Ljava/lang/Object; scopedValueBindings = !fj9object 0xe00027c8 (offset = 64) (java/lang/Thread)
	Ljava/lang/Object; interruptLock = !fj9object 0xffeec160 (offset = 68) (java/lang/Thread)
	Ljava/lang/Object; parkBlocker = !fj9object 0x0 (offset = 72) (java/lang/Thread)
	Lsun/nio/ch/Interruptible; nioBlocker = !fj9object 0x0 (offset = 76) (java/lang/Thread)
	Ljdk/internal/vm/Continuation; cont = !fj9object 0x0 (offset = 80) (java/lang/Thread)
	Ljava/lang/Thread$UncaughtExceptionHandler; uncaughtExceptionHandler = !fj9object 0x0 (offset = 84) (java/lang/Thread)
	J threadLocalRandomSeed = 0x0000000000000000 (offset = 20) (java/lang/Thread)
	I threadLocalRandomProbe = 0x00000000 (offset = 100) (java/lang/Thread)
	I threadLocalRandomSecondarySeed = 0x00000000 (offset = 104) (java/lang/Thread)
	Ljdk/internal/vm/ThreadContainer; container = !fj9object 0xffee1f58 (offset = 88) (java/lang/Thread)
	Ljdk/internal/vm/StackableScope; headStackableScopes = !fj9object 0x0 (offset = 92) (java/lang/Thread)
	Z started = 0x00000000 (offset = 108) (java/lang/Thread)
	J tls = 0x0000000000000000 (offset = 36) (java/lang/Thread) <hidden>
	J internalSuspendState = 0x0000000000000000 (offset = 28) (java/lang/Thread) <hidden>
	Ljava/util/concurrent/Executor; scheduler = !fj9object 0xffee0798 (offset = 132) (java/lang/VirtualThread)
	Ljdk/internal/vm/Continuation; cont = !fj9object 0xffeea9e8 (offset = 136) (java/lang/VirtualThread)
	Ljava/lang/Runnable; runContinuation = !fj9object 0xffeeaa20 (offset = 140) (java/lang/VirtualThread)
	I state = 0x00000002 (offset = 112) (java/lang/VirtualThread)
	Z parkPermit = 0x00000000 (offset = 160) (java/lang/VirtualThread)
	Z blockPermit = 0x00000000 (offset = 164) (java/lang/VirtualThread)
	Z onWaitingList = 0x00000000 (offset = 168) (java/lang/VirtualThread)
	Ljava/lang/VirtualThread; next = !fj9object 0x0 (offset = 144) (java/lang/VirtualThread)
	Z notified = 0x00000000 (offset = 172) (java/lang/VirtualThread)
	B timedWaitSeqNo = 0x00000000 (offset = 176) (java/lang/VirtualThread)
	J timeout = 0x0000000000000000 (offset = 116) (java/lang/VirtualThread)
	Ljava/util/concurrent/Future; timeoutTask = !fj9object 0x0 (offset = 148) (java/lang/VirtualThread)
	Ljava/lang/Thread; carrierThread = !fj9object 0xffeea8f8 (offset = 152) (java/lang/VirtualThread)
	Ljava/util/concurrent/CountDownLatch; termination = !fj9object 0xffeea420 (offset = 156) (java/lang/VirtualThread)
	J inspectorCount = 0x0000000000000000 (offset = 124) (java/lang/VirtualThread) <hidden>
}
```
`J eetop = 0x0000000000000000 (offset = 4) (java/lang/Thread)` indicates that this VirtualThread already terminated.
`I lockword = 0x00000008 (offset = 0) (java/lang/Object) <hidden>` seems a invalid state like https://github.com/eclipse-openj9/openj9/issues/21639#issuecomment-2852811671

@babsingh does this appear a dup of https://github.com/eclipse-openj9/openj9/issues/21826?

**Comment by JasonFengJ9** [comment]
> does the issue still occur when running with -Xint or with -Xjit:exclude={*ObjectMonitorUsage$EnteringTask.run*}? 
This appears to be a JIT-related issue

[50x -Xint grinder](https://hyc-runtimes-jenkins.swg-devops.com/job/Grinder/50568/) - in progress
[50x -Xjit:exclude={*ObjectMonitorUsage$EnteringTask.run*} grinder](https://hyc-runtimes-jenkins.swg-devops.com/job/Grinder/50571) - only one known failure https://github.com/eclipse-openj9/openj9/issues/21695
Yes, this appears to be a JIT-related issue.

> Do you have access to the native stack for 0x002dd900 (ForkJoinPool-1-worker-6)?

@babsingh which core file/link is this?

**Comment by babsingh** [comment]
> which core file/link is this?

core.20250515.085412.835.0001.dmp ... it's the same one used in https://github.com/eclipse-openj9/openj9/issues/21890#issuecomment-2887669894.

**Comment by fengxue-IS** [comment]
> @fengxue-IS Would you happen to know why J9ObjectMonitor->platformThreadWaitCount and J9Thread->owner are showing invalid values in the failing scenario?

The platformThreadWaitCount isn't updated using barrier/CAS so it could have overwritten between threads, but the given value (0x6BC53858) doesn't seem to be possible just from that. more like an random value.
The owner field is only updated by the detach/attach helper in ContinuationHelpers.cpp and omr code which have not been changed.

I feel the `0x933c8` address maybe incorrect in this case.

**Comment by JasonFengJ9** [comment]
Run `serviceability/jvmti/ObjectMonitorUsage/ObjectMonitorUsage.java` in a local machine and reproduced a hang, some observations from the core generated via `gdb`:

From `jdmpview`
```
> !threads
        !stack 0x000bf100       !j9vmthread 0x000bf100  !j9thread 0x7fffb401deb0        tid 0x34c3 (13507) // (main)
...
        !stack 0x00309400       !j9vmthread 0x00309400  !j9thread 0x7ffecc016258        tid 0x350e (13582) // (VirtualThread-unblocker)
        !stack 0x00306e00       !j9vmthread 0x00306e00  !j9thread 0x7fffb42dc968        tid 0x350f (13583) // (ForkJoinPool-1-worker-1)
        !stack 0x0030df00       !j9vmthread 0x0030df00  !j9thread 0x7ffeb40094e0        tid 0x3510 (13584) // (ForkJoinPool-1-worker-3)
        !stack 0x002ca500       !j9vmthread 0x002ca500  !j9thread 0x7ffeb4009a58        tid 0x3511 (13585) // (ForkJoinPool-1-worker-2)
        !stack 0x00310500       !j9vmthread 0x00310500  !j9thread 0x7ffe98007680        tid 0x3512 (13586) // (ForkJoinPool-1-worker-4)
        !stack 0x00312a00       !j9vmthread 0x00312a00  !j9thread 0x7ffe98007bf8        tid 0x3513 (13587) // (ForkJoinPool-1-worker-5)
        !stack 0x0030b900       !j9vmthread 0x0030b900  !j9thread 0x7ffe9800d9a0        tid 0x3514 (13588) // (ForkJoinPool-1-worker-6)
        !stack 0x00315000       !j9vmthread 0x00315000  !j9thread 0x7ffe9800df18        tid 0x3515 (13589) // (ForkJoinPool-1-worker-8)
        !stack 0x00354c00       !j9vmthread 0x00354c00  !j9thread 0x7ffe98012ca0        tid 0x3516 (13590) // (ForkJoinPool-1-worker-7)

> !stack 0x000bf100
<bf100>         !j9method 0x00000000000EE030   jdk/internal/misc/Unsafe.park(ZJ)V
<bf100>         !j9method 0x0000000000128148   java/util/concurrent/locks/LockSupport.park(Ljava/lang/Object;)V
<bf100>         !j9method 0x00000000001D4A40   java/util/concurrent/locks/AbstractQueuedSynchronizer.acquire(Ljava/util/concurrent/locks/AbstractQueuedSynchronizer$Node;IZZZJ)I
<bf100>         !j9method 0x00000000001D4C00   java/util/concurrent/locks/AbstractQueuedSynchronizer.acquireSharedInterruptibly(I)V
<bf100>         !j9method 0x000000000031E5E8   java/util/concurrent/CountDownLatch.await()V
<bf100>         !j9method 0x000000000012EF90   java/lang/VirtualThread.joinNanos(J)Z
<bf100>         !j9method 0x0000000000112788   java/lang/Thread.join(J)V
<bf100>         !j9method 0x00000000001127C8   java/lang/Thread.join()V
<bf100>         !j9method 0x00000000002D3898   ObjectMonitorUsage.joinThreads([Ljava/lang/Thread;)V
<bf100>         !j9method 0x00000000002D3938   ObjectMonitorUsage.test2(Z)V
<bf100>         !j9method 0x00000000002D3978   ObjectMonitorUsage.test(Z)V
<bf100>         !j9method 0x00000000002D3998   ObjectMonitorUsage.main([Ljava/lang/String;)V

> !stack 0x00309400
<309400>        !j9method 0x000000000012F410   java/lang/VirtualThread.takeVirtualThreadListToUnblock()Ljava/lang/VirtualThread;
<309400>        !j9method 0x000000000012F3F0   java/lang/VirtualThread.unblockVirtualThreads()V
<309400>        !j9method 0x0000000000334150   java/lang/VirtualThread$$Lambda/0x0000000000000000.run()V
<309400>        !j9method 0x0000000000112508   java/lang/Thread.runWith(Ljava/lang/Object;Ljava/lang/Runnable;)V
<309400>        !j9method 0x00000000001124E8   java/lang/Thread.run()V
<309400>        !j9method 0x00000000001E5A80   jdk/internal/misc/InnocuousThread.run()V

> !stack 0x0030df00
<30df00>        !j9method 0x00000000002D4800   ObjectMonitorUsage$EnteringTask.run()V
<30df00>        !j9method 0x0000000000112508   java/lang/Thread.runWith(Ljava/lang/Object;Ljava/lang/Runnable;)V
<30df00>        !j9method 0x000000000012ED30   java/lang/VirtualThread.run(Ljava/lang/Runnable;)V
<30df00>        !j9method 0x0000000000334D28   java/lang/VirtualThread$VThreadContinuation$1.run()V
<30df00>        !j9method 0x0000000000140070   jdk/internal/vm/Continuation.enter(Ljdk/internal/vm/Continuation;)V

Other worker threads have similar stacktrace
> !stack 0x00354c00
<354c00>        !j9method 0x00000000000EE030   jdk/internal/misc/Unsafe.park(ZJ)V
<354c00>        !j9method 0x00000000003174B8   java/util/concurrent/ForkJoinPool.awaitWork(Ljava/util/concurrent/ForkJoinPool$WorkQueue;I)I
<354c00>        !j9method 0x0000000000317498   java/util/concurrent/ForkJoinPool.deactivate(Ljava/util/concurrent/ForkJoinPool$WorkQueue;I)I
<354c00>        !j9method 0x0000000000317478   java/util/concurrent/ForkJoinPool.runWorker(Ljava/util/concurrent/ForkJoinPool$WorkQueue;)V
<354c00>        !j9method 0x0000000000318ED0   java/util/concurrent/ForkJoinWorkerThread.run()V

> !vthreads
!continuationstack 0x0000000000000000 !j9vmcontinuation 0x0000000000000000 !j9object 0x00000000FFE220E8 (Continuation) !j9object 0x0000000000000000 (VThread) - <N/A>
``` 

From `gdb`
```
(gdb) thread 2
[Switching to thread 2 (Thread 0x7fffb8e1f120 (LWP 13507))]
#0  0x00007fffb8ace9b4 in __futex_abstimed_wait_cancelable64 () from /lib64/libc.so.6
(gdb) bt
#0  0x00007fffb8ace9b4 in __futex_abstimed_wait_cancelable64 () from /lib64/libc.so.6
#1  0x00007fffb8ad3818 in pthread_cond_wait@@GLIBC_2.17 () from /lib64/libc.so.6
#2  0x00007fffb899aed0 in omrthread_park (millis=0, nanos=0) at /home/jenkins/workspace/build-scripts/jobs/jdk24/jdk24-linux-ppc64le-openj9/workspace/build/src/omr/thread/common/omrthread.c:3312
#3  0x00007fffb3ca3c8c in timeCompensationHelper (vmThread=0xbf100, threadHelperType=<optimized out>, monitor=0x0, millis=0, nanos=0)
    at /home/jenkins/workspace/build-scripts/jobs/jdk24/jdk24-linux-ppc64le-openj9/workspace/build/src/openj9/runtime/vm/threadhelp.cpp:464
#4  0x00007fffb3ca4eb8 in threadParkImpl (vmThread=0xbf100, timeoutIsEpochRelative=<optimized out>, timeout=0) at /home/jenkins/workspace/build-scripts/jobs/jdk24/jdk24-linux-ppc64le-openj9/workspace/build/src/openj9/runtime/vm/threadpark.cpp:104
#5  0x00007fffb36c30d8 in Java_sun_misc_Unsafe_park (env=0xbf100, receiver=<optimized out>, isAbsolute=<optimized out>, time=0)
    at /home/jenkins/workspace/build-scripts/jobs/jdk24/jdk24-linux-ppc64le-openj9/workspace/build/src/openj9/runtime/jcl/common/sun_misc_Unsafe.cpp:354
#6  0x00007fffb3e491b8 in ffi_call_LINUX64 () at /home/jenkins/workspace/build-scripts/jobs/jdk24/jdk24-linux-ppc64le-openj9/workspace/build/src/openj9/runtime/libffi/powerpc/linux64.S:178
#7  0x00007fffb3e48e84 in ffi_call_int (cif=0x7fffb8e1d158, fn=<optimized out>, rvalue=<optimized out>, avalue=<optimized out>, closure=<optimized out>)
    at /home/jenkins/workspace/build-scripts/jobs/jdk24/jdk24-linux-ppc64le-openj9/workspace/build/src/openj9/runtime/libffi/powerpc/ffi.c:105
#8  0x00007fffb3d54088 in VM_DebugBytecodeInterpreterCompressed::cJNICallout (isStatic=<optimized out>, function=0x7fffb36c3070 <Java_sun_misc_Unsafe_park(JNIEnv*, jobject, jboolean, jlong)>, returnStorage=0xbf220, returnType=<synthetic pointer>,
    javaArgs=<optimized out>, receiverAddress=<optimized out>, _pc=<synthetic pointer>: <optimized out>, _sp=<synthetic pointer>: <optimized out>, this=0x7fffb8e1d280)
    at /home/jenkins/workspace/build-scripts/jobs/jdk24/jdk24-linux-ppc64le-openj9/workspace/build/src/openj9/runtime/vm/BytecodeInterpreter.hpp:2786

(gdb) thread 54
[Switching to thread 54 (Thread 0x7fff9541f120 (LWP 13584))]
#0  0x00007fff95d0f068 in ?? ()
(gdb) bt
#0  0x00007fff95d0f068 in ?? ()
#1  0x00007fff95d0f074 in ?? ()
#2  0x00007fffb3c18b50 in runJavaThread (currentThread=0xffe80e88) at /home/jenkins/workspace/build-scripts/jobs/jdk24/jdk24-linux-ppc64le-openj9/workspace/build/src/openj9/runtime/vm/callin.cpp:682
#3  0x00007fffb3cbf508 in javaProtectedThreadProc (portLibrary=0xffe06900, entryarg=0x30df00) at /home/jenkins/workspace/build-scripts/jobs/jdk24/jdk24-linux-ppc64le-openj9/workspace/build/src/openj9/runtime/vm/vmthread.cpp:2153
#4  0x00007fffb84196d4 in omrsig_protect (portLibrary=0xffe06900, fn=0x7fffb3cbf440 <javaProtectedThreadProc(J9PortLibrary*, void*)>, fn_arg=0x30df00, handler=0x7fffb3c43c50 <structuredSignalHandler>, handler_arg=0xffe80fb0, flags=<optimized out>,
    result=0x7fff9541c3e8) at /home/jenkins/workspace/build-scripts/jobs/jdk24/jdk24-linux-ppc64le-openj9/workspace/build/src/omr/port/unix/omrsignal.c:425
#5  0x00007fffb3cba9a0 in javaThreadProc (entryarg=0x7fffb402aee0) at /home/jenkins/workspace/build-scripts/jobs/jdk24/jdk24-linux-ppc64le-openj9/workspace/build/src/openj9/runtime/vm/vmthread.cpp:414
#6  0x00007fffb899cc00 in thread_wrapper (arg=0x7ffeb40094e0) at /home/jenkins/workspace/build-scripts/jobs/jdk24/jdk24-linux-ppc64le-openj9/workspace/build/src/omr/thread/common/omrthread.c:1724
#7  0x00007fffb8ad43cc in start_thread () from /lib64/libc.so.6

(gdb) thread 52
[Switching to thread 52 (Thread 0x7fff9538f120 (LWP 13582))]
#0  0x00007fffb899c0e0 in omrthread_monitor_exit (monitor=0x7fffb40befd8) at /home/jenkins/workspace/build-scripts/jobs/jdk24/jdk24-linux-ppc64le-openj9/workspace/build/src/omr/thread/common/omrthread.c:4266
warning: 4266   /home/jenkins/workspace/build-scripts/jobs/jdk24/jdk24-linux-ppc64le-openj9/workspace/build/src/omr/thread/common/omrthread.c: No such file or directory
(gdb) bt
#0  0x00007fffb899c0e0 in omrthread_monitor_exit (monitor=0x7fffb40befd8) at /home/jenkins/workspace/build-scripts/jobs/jdk24/jdk24-linux-ppc64le-openj9/workspace/build/src/omr/thread/common/omrthread.c:4266
#1  0x00007fffb3ce2e64 in takeVirtualThreadListToUnblock (currentThread=0x309400) at /home/jenkins/workspace/build-scripts/jobs/jdk24/jdk24-linux-ppc64le-openj9/workspace/build/src/openj9/runtime/vm/ContinuationHelpers.cpp:1276
#2  0x00007fffb8d49d7c in JVM_TakeVirtualThreadListToUnblock (env=<optimized out>, ignored=<optimized out>) at /home/jenkins/workspace/build-scripts/jobs/jdk24/jdk24-linux-ppc64le-openj9/workspace/build/src/openj9/runtime/j9vm/javanextvmi.cpp:677
#3  0x00007fffb8e2ddd0 in JVM_TakeVirtualThreadListToUnblock (env=<optimized out>, ignored=<optimized out>)
    at /home/jenkins/workspace/build-scripts/jobs/jdk24/jdk24-linux-ppc64le-openj9/workspace/build/src/build/linux-ppc64le-server-release/vm/runtime/redirector/generated.c:8664
#4  0x00007fffb3e491b8 in ffi_call_LINUX64 () at /home/jenkins/workspace/build-scripts/jobs/jdk24/jdk24-linux-ppc64le-openj9/workspace/build/src/openj9/runtime/libffi/powerpc/linux64.S:178
#5  0x00007fffb3e48e84 in ffi_call_int (cif=0x7fff9538b118, fn=<optimized out>, rvalue=<optimized out>, avalue=<optimized out>, closure=<optimized out>)
    at /home/jenkins/workspace/build-scripts/jobs/jdk24/jdk24-linux-ppc64le-openj9/workspace/build/src/openj9/runtime/libffi/powerpc/ffi.c:105
#6  0x00007fffb3d54088 in VM_DebugBytecodeInterpreterCompressed::cJNICallout (isStatic=<optimized out>, function=0x7fffb8e2dda0 <JVM_TakeVirtualThreadListToUnblock>, returnStorage=0x309520, returnType=<synthetic pointer>, javaArgs=<optimized out>,
    receiverAddress=<optimized out>, _pc=<synthetic pointer>: <optimized out>, _sp=<synthetic pointer>: <optimized out>, this=0x7fff9538b240)
    at /home/jenkins/workspace/build-scripts/jobs/jdk24/jdk24-linux-ppc64le-openj9/workspace/build/src/openj9/runtime/vm/BytecodeInterpreter.hpp:2786

Other work threads have similar stacktrace:
(gdb) thread 53
[Switching to thread 53 (Thread 0x7fff9553f120 (LWP 13583))]
#0  0x00007fffb8ace9b4 in __futex_abstimed_wait_cancelable64 () from /lib64/libc.so.6
(gdb) bt
#0  0x00007fffb8ace9b4 in __futex_abstimed_wait_cancelable64 () from /lib64/libc.so.6
#1  0x00007fffb8ad3818 in pthread_cond_wait@@GLIBC_2.17 () from /lib64/libc.so.6
#2  0x00007fffb899aed0 in omrthread_park (millis=0, nanos=0) at /home/jenkins/workspace/build-scripts/jobs/jdk24/jdk24-linux-ppc64le-openj9/workspace/build/src/omr/thread/common/omrthread.c:3312
#3  0x00007fffb3ca3c8c in timeCompensationHelper (vmThread=0x306e00, threadHelperType=<optimized out>, monitor=0x0, millis=0, nanos=0)
    at /home/jenkins/workspace/build-scripts/jobs/jdk24/jdk24-linux-ppc64le-openj9/workspace/build/src/openj9/runtime/vm/threadhelp.cpp:464
#4  0x00007fffb3ca4eb8 in threadParkImpl (vmThread=0x306e00, timeoutIsEpochRelative=<optimized out>, timeout=0) at /home/jenkins/workspace/build-scripts/jobs/jdk24/jdk24-linux-ppc64le-openj9/workspace/build/src/openj9/runtime/vm/threadpark.cpp:104
#5  0x00007fffb36c30d8 in Java_sun_misc_Unsafe_park (env=0x306e00, receiver=<optimized out>, isAbsolute=<optimized out>, time=0)
    at /home/jenkins/workspace/build-scripts/jobs/jdk24/jdk24-linux-ppc64le-openj9/workspace/build/src/openj9/runtime/jcl/common/sun_misc_Unsafe.cpp:354
#6  0x00007fffb3e491b8 in ffi_call_LINUX64 () at /home/jenkins/workspace/build-scripts/jobs/jdk24/jdk24-linux-ppc64le-openj9/workspace/build/src/openj9/runtime/libffi/powerpc/linux64.S:178
#7  0x00007fffb3e48e84 in ffi_call_int (cif=0x7fff9553b118, fn=<optimized out>, rvalue=<optimized out>, avalue=<optimized out>, closure=<optimized out>)
    at /home/jenkins/workspace/build-scripts/jobs/jdk24/jdk24-linux-ppc64le-openj9/workspace/build/src/openj9/runtime/libffi/powerpc/ffi.c:105
#8  0x00007fffb3d54088 in VM_DebugBytecodeInterpreterCompressed::cJNICallout (isStatic=<optimized out>, function=0x7fffb36c3070 <Java_sun_misc_Unsafe_park(JNIEnv*, jobject, jboolean, jlong)>, returnStorage=0x306f20, returnType=<synthetic pointer>,
    javaArgs=<optimized out>, receiverAddress=<optimized out>, _pc=<synthetic pointer>: <optimized out>, _sp=<synthetic pointer>: <optimized out>, this=0x7fff9553b240)
    at /home/jenkins/workspace/build-scripts/jobs/jdk24/jdk24-linux-ppc64le-openj9/workspace/build/src/openj9/runtime/vm/BytecodeInterpreter.hpp:2786
```
It seems `VirtualThread.joinNanos()` stuck waiting for the virtual thread exit.

**Comment by babsingh** [comment]
`VirtualThread.joinNanos()` is simply waiting for the virtual threads (either `wThreads` or `eThreads`) to complete. Based on the diagnostic information above, all virtual threads appear to be unmounted. @JasonFengJ9, can you inspect what the virtual threads are doing using `!vthreads`? Please take a look at the `!continuationstack`, `!j9vmcontinuation`, `Continuation`, and `VThread` objects. We need to determine why the virtual threads are not completing.

```
> !vthreads
!continuationstack 0x00007ffee4003470 !j9vmcontinuation 0x00007ffee4003470 !j9object 0x00000000FFEEA9E8 (Continuation) !j9object 0x00000000FFEEA430 (VThread) - EnteringVT0
...
```
```
    /* Scenario #2:
     * - owning:         1
     * - entering:       N
     * - re-entering:    0
     * - to be notified: N
     */
    static void test2(boolean isVirtual) throws Error {
        String vtag = vtag(isVirtual);
        log("\n### test2: started " + vtag);

        setTestedMonitor(lockCheck);
        Thread[] wThreads = startWaitingThreads(isVirtual);
        Thread[] eThreads = null;

        synchronized (lockCheck) {
            // Virtual threads are not supported by the GetObjectMonitorUsage.
            // Correct the expected values for the virtual thread case.
            int expEnteringCount = isVirtual ? 0 : NUMBER_OF_ENTERING_THREADS;
            int expWaitingCount  = isVirtual ? 0 : NUMBER_OF_WAITING_THREADS;

            eThreads = startEnteringThreads(isVirtual);

            // The numbers below describe the testing scenario, not the expected results.
            // The expected numbers are different for virtual threads because
            // they are not supported by JVMTI GetObjectMonitorUsage.
            // entry count: 1
            // count of threads waiting to enter:       NUMBER_OF_ENTERING_THREADS
            // count of threads waiting to re-enter:    0
            // count of threads waiting to be notified: NUMBER_OF_WAITING_THREADS
            check(lockCheck, expOwnerThread(), expEntryCount(),
                  expEnteringCount,
                  expWaitingCount);

            lockCheck.notifyAll();
        }
        joinThreads(wThreads); <--- Wait either over here
        joinThreads(eThreads); <--- or waits over here
        setTestedMonitor(null);
        log("### test2: finished " + vtag);
    }

**Comment by JasonFengJ9** [comment]
> can you inspect what the virtual threads are doing using !vthreads? Please take a look at the !continuationstack, !j9vmcontinuation, Continuation, and VThread objects. 

Will update after the fyre machine is back online (didn't download the core file).

**Comment by JasonFengJ9** [comment]
Not much info from ` !vthreads`
```
> !vthreads
!continuationstack 0x0000000000000000 !j9vmcontinuation 0x0000000000000000 !j9object 0x00000000FFE220E8 (Continuation) !j9object 0x0000000000000000 (VThread) - <N/A>

> !j9object 0x00000000FFE220E8
!J9Object 0x00000000FFE220E8 {
	struct J9Class* clazz = !j9class 0x334A00 // java/lang/VirtualThread$VThreadContinuation
	Object flags = 0x00000010;
	I lockword = 0x00000008 (offset = 0) (java/lang/Object) <hidden>
	J vmRef = 0x0000000000000000 (offset = 4) (jdk/internal/vm/Continuation)
	Ljava/lang/Thread; vthread = !fj9object 0x0 (offset = 20) (jdk/internal/vm/Continuation)
	Ljava/lang/Object; blocker = !fj9object 0x0 (offset = 24) (jdk/internal/vm/Continuation)
	[Ljava/lang/Object; scopedValueCache = !fj9object 0x0 (offset = 28) (jdk/internal/vm/Continuation)
	Ljdk/internal/vm/ContinuationScope; scope = !fj9object 0xffe01908 (offset = 32) (jdk/internal/vm/Continuation)
	Ljava/lang/Runnable; runnable = !fj9object 0xffe22120 (offset = 36) (jdk/internal/vm/Continuation)
	Ljdk/internal/vm/Continuation; parent = !fj9object 0x0 (offset = 40) (jdk/internal/vm/Continuation)
	J state = 0x0000000000000023 (offset = 12) (jdk/internal/vm/Continuation)
	Z isAccessible = 0x00000001 (offset = 44) (jdk/internal/vm/Continuation)
	I continuationLink = 0x00000000 (offset = 48) (jdk/internal/vm/Continuation) <hidden>
```
`!continuationstack 0x0000000000000000`,  `!j9vmcontinuation 0x0000000000000000`, and `!j9object 0x0000000000000000 (VThread)` all point to `0x0`.

**Comment by babsingh** [comment]
@JasonFengJ9 Can you share the system core file?

**Comment by JasonFengJ9** [comment]
@babsingh here is the link to the core file (no password) - https://ibm.box.com/s/gzrxioqtknhdyb19ozptllyqdb0vkg3l

**Comment by babsingh** [comment]
@JasonFengJ9 `!vthreads` doesn't list all virtual threads; likely because the GC hasn’t flushed the thread-local cache or updated the virtual thread list yet.

I did find one virtual thread mounted on `ForkJoinPool-1-worker-3` (a carrier thread). No other carrier threads currently have virtual threads mounted.

The annotated `jdmpview` output is below. In short, the top method frame of the virtual thread is JIT-compiled: `ObjectMonitorUsage$EnteringTask.run`, which includes `monitorenter` and `monitorexit` bytecodes. The **exception handler path** is being taken for `monitorexit`. In the system core file, the virtual thread is at bytecode `16 astore2`, which stores the exception object; executing this bytecode shouldn't lead to a hang.

@hzongaro Could the JIT team take a look? This might be similar to other failures involving invalid `eetop`/`currentThread` values.

```
> !threads <--- See all the threads with an associated J9VMThread
...

> !stack 0x0030df00 <--- Only ONE carrier thread (ForkJoinPool-1-worker-3) has a virtual thread mounted
<30df00> 	!j9method 0x00000000002D4800   ObjectMonitorUsage$EnteringTask.run()V <--- TOP frame is JIT compiled
<30df00> 	!j9method 0x0000000000112508   java/lang/Thread.runWith(Ljava/lang/Object;Ljava/lang/Runnable;)V
<30df00> 	!j9method 0x000000000012ED30   java/lang/VirtualThread.run(Ljava/lang/Runnable;)V
<30df00> 	!j9method 0x0000000000334D28   java/lang/VirtualThread$VThreadContinuation$1.run()V
<30df00> 	!j9method 0x0000000000140070   jdk/internal/vm/Continuation.enter(Ljdk/internal/vm/Continuation;)V
<30df00> 	                        JNI call-in frame
<30df00> 	                        Native method frame

> !j9vmthread 0x0030df00 | grep -i threadobject <--- Virtual thread is correctly mounted
	0xa8: struct J9Object* threadObject = !j9object 0x00000000FFE80EE8 // java/lang/VirtualThread
	0xb08: struct J9Object* carrierThreadObject = !j9object 0x00000000FFE8DE78 // jdk/internal/misc/CarrierThread


> !stack 0x00306e00 <--- All OTHER carrier threads (ForkJoinPool-1-worker-*) are just waiting for work (don't have a mounted virtual thread)
<306e00> 	!j9method 0x00000000000EE030   jdk/internal/misc/Unsafe.park(ZJ)V
<306e00> 	!j9method 0x00000000003174B8   java/util/concurrent/ForkJoinPool.awaitWork(Ljava/util/concurrent/ForkJoinPool$WorkQueue;I)I
<306e00> 	!j9method 0x0000000000317498   java/util/concurrent/ForkJoinPool.deactivate(Ljava/util/concurrent/ForkJoinPool$WorkQueue;I)I
<306e00> 	!j9method 0x0000000000317478   java/util/concurrent/ForkJoinPool.runWorker(Ljava/util/concurrent/ForkJoinPool$WorkQueue;)V
<306e00> 	!j9method 0x0000000000318ED0   java/util/concurrent/ForkJoinWorkerThread.run()V
<306e00> 	                        JNI call-in frame
<306e00> 	                        Native method frame

> !j9object 0x00000000FFE80EE8 <--- NO ISSUES OBSERVED
!J9Object 0x00000000FFE80EE8 {
	struct J9Class* clazz = !j9class 0x12F800 // java/lang/VirtualThread
	Object flags = 0x00000008;
	I lockword = 0x00000008 (offset = 0) (java/lang/Object) <hidden>
	J eetop = 0x0000000000000000 (offset = 4) (java/lang/Thread)
	J tid = 0x0000000000000060 (offset = 12) (java/lang/Thread)
	Ljava/lang/String; name = !fj9object 0xffe80ed0 (offset = 44) (java/lang/Thread)
	Z interrupted = 0x00000000 (offset = 96) (java/lang/Thread)
	Ljava/lang/ClassLoader; contextClassLoader = !fj9object 0xffe031a8 (offset = 48) (java/lang/Thread)
	Ljava/lang/Thread$FieldHolder; holder = !fj9object 0x0 (offset = 52) (java/lang/Thread)
	Ljava/lang/ThreadLocal$ThreadLocalMap; threadLocals = !fj9object 0x0 (offset = 56) (java/lang/Thread)
	Ljava/lang/ThreadLocal$ThreadLocalMap; inheritableThreadLocals = !fj9object 0x0 (offset = 60) (java/lang/Thread)
	Ljava/lang/Object; scopedValueBindings = !fj9object 0x851627c8 (offset = 64) (java/lang/Thread)
	Ljava/lang/Object; interruptLock = !fj9object 0xffe80fa0 (offset = 68) (java/lang/Thread)
	Ljava/lang/Object; parkBlocker = !fj9object 0x0 (offset = 72) (java/lang/Thread)
	Lsun/nio/ch/Interruptible; nioBlocker = !fj9object 0x0 (offset = 76) (java/lang/Thread)
	Ljdk/internal/vm/Continuation; cont = !fj9object 0x0 (offset = 80) (java/lang/Thread)
	Ljava/lang/Thread$UncaughtExceptionHandler; uncaughtExceptionHandler = !fj9object 0x0 (offset = 84) (java/lang/Thread)
	J threadLocalRandomSeed = 0x0000000000000000 (offset = 20) (java/lang/Thread)
	I threadLocalRandomProbe = 0x00000000 (offset = 100) (java/lang/Thread)
	I threadLocalRandomSecondarySeed = 0x00000000 (offset = 104) (java/lang/Thread)
	Ljdk/internal/vm/ThreadContainer; container = !fj9object 0xffe08a98 (offset = 88) (java/lang/Thread)
	Ljdk/internal/vm/StackableScope; headStackableScopes = !fj9object 0x0 (offset = 92) (java/lang/Thread)
	Z started = 0x00000000 (offset = 108) (java/lang/Thread)
	J tls = 0x0000000000000000 (offset = 36) (java/lang/Thread) <hidden>
	J internalSuspendState = 0x0000000000000000 (offset = 28) (java/lang/Thread) <hidden>
	Ljava/util/concurrent/Executor; scheduler = !fj9object 0xffe0ce30 (offset = 132) (java/lang/VirtualThread)
	Ljdk/internal/vm/Continuation; cont = !fj9object 0xffe80fb0 (offset = 136) (java/lang/VirtualThread)
	Ljava/lang/Runnable; runContinuation = !fj9object 0xffe80ff8 (offset = 140) (java/lang/VirtualThread)
	I state = 0x00000002 (offset = 112) (java/lang/VirtualThread)
	Z parkPermit = 0x00000000 (offset = 160) (java/lang/VirtualThread)
	Z blockPermit = 0x00000000 (offset = 164) (java/lang/VirtualThread)
	Z onWaitingList = 0x00000000 (offset = 168) (java/lang/VirtualThread)
	Ljava/lang/VirtualThread; next = !fj9object 0x0 (offset = 144) (java/lang/VirtualThread)
	Z notified = 0x00000000 (offset = 172) (java/lang/VirtualThread)
	B timedWaitSeqNo = 0x00000000 (offset = 176) (java/lang/VirtualThread)
	J timeout = 0x0000000000000000 (offset = 116) (java/lang/VirtualThread)
	Ljava/util/concurrent/Future; timeoutTask = !fj9object 0x0 (offset = 148) (java/lang/VirtualThread)
	Ljava/lang/Thread; carrierThread = !fj9object 0xffe8de78 (offset = 152) (java/lang/VirtualThread)
	Ljava/util/concurrent/CountDownLatch; termination = !fj9object 0x0 (offset = 156) (java/lang/VirtualThread)
	J inspectorCount = 0x0000000000000000 (offset = 124) (java/lang/VirtualThread) <hidden>
}

> !fj9object 0xffe80fb0 <--- NO ISSUES OBSERVED
!J9Object 0x00000000FFE80FB0 {
	struct J9Class* clazz = !j9class 0x334A00 // java/lang/VirtualThread$VThreadContinuation
	Object flags = 0x00000000;
	I lockword = 0x00000008 (offset = 0) (java/lang/Object) <hidden>
	J vmRef = 0x00007FFEAC008C90 (offset = 4) (jdk/internal/vm/Continuation)
	Ljava/lang/Thread; vthread = !fj9object 0xffe80ee8 (offset = 20) (jdk/internal/vm/Continuation)
	Ljava/lang/Object; blocker = !fj9object 0x0 (offset = 24) (jdk/internal/vm/Continuation)
	[Ljava/lang/Object; scopedValueCache = !fj9object 0x0 (offset = 28) (jdk/internal/vm/Continuation)
	Ljdk/internal/vm/ContinuationScope; scope = !fj9object 0xffe01908 (offset = 32) (jdk/internal/vm/Continuation)
	Ljava/lang/Runnable; runnable = !fj9object 0xffe80fe8 (offset = 36) (jdk/internal/vm/Continuation)
	Ljdk/internal/vm/Continuation; parent = !fj9object 0x0 (offset = 40) (jdk/internal/vm/Continuation)
	J state = 0x000000000030DF01 (offset = 12) (jdk/internal/vm/Continuation)
	Z isAccessible = 0x00000000 (offset = 44) (jdk/internal/vm/Continuation)
	I continuationLink = 0xFFE80DF0 (offset = 48) (jdk/internal/vm/Continuation) <hidden>
}

> !j9vmcontinuation 0x00007FFEAC008C90 <--- NO ISSUES OBSERVED
J9VMContinuation at 0x7ffeac008c90 {
  Fields for J9VMContinuation:
	0x0: UDATA* arg0EA = !j9x 0x0000000000340AB0
	0x8: UDATA* bytecodes = !j9x 0x0000000000000000
	0x10: UDATA* sp = !j9x 0x0000000000340A88
	0x18: U8* pc = !j9x 0x0000000000000003
	0x20: struct J9Method* literals = !j9method 0x0000000000000000
	0x28: UDATA* stackOverflowMark = !j9x 0x00000000003406F0
	0x30: UDATA* stackOverflowMark2 = !j9x 0x00000000003406F0
	0x38: struct J9JavaStack* stackObject = !j9javastack 0x000000000033F6E8
	0x40: struct J9JITDecompilationInfo* decompilationStack = !j9jitdecompilationinfo 0x0000000000000000
	0x48: UDATA* j2iFrame = !j9x 0x0000000000000000
	0x50: struct J9JITGPRSpillArea jitGPRs = !j9jitgprspillarea 0x00007FFEAC008CE0
	0x160: struct J9I2JState i2jState = !j9i2jstate 0x00007FFEAC008DF0
	0x180: struct J9VMEntryLocalStorage* oldEntryLocalStorage = !j9vmentrylocalstorage 0x0000000000000000
	0x188: UDATA dropFlags = 0x0000000000000000 (0)
	0x190: UDATA returnState = 0x0000000000000004 (4)
	0x198: IDATA waitingMonitorEnterCount = 0x0000000000000000 (0)
	0x1a0: UDATA ownedMonitorCount = 0x0000000000000000 (0)
	0x1a8: struct J9Pool* monitorEnterRecordPool = !j9pool 0x00007FFEB4004A20
	0x1b0: struct J9MonitorEnterRecord* monitorEnterRecords = !j9monitorenterrecord 0x0000000000000000
	0x1b8: struct J9MonitorEnterRecord* jniMonitorEnterRecords = !j9monitorenterrecord 0x0000000000000000
	0x1c0: struct J9Object* vthread = !j9object 0x00000000FFE80EE8 // java/lang/VirtualThread
	0x1c8: struct J9VMContinuation* nextWaitingContinuation = !j9vmcontinuation 0x0000000000000000
	0x1d0: struct J9ObjectMonitor* objectWaitMonitor = !j9objectmonitor 0x0000000000000000
	0x1d8: struct J9ObjectMonitor* enteredMonitors = !j9objectmonitor 0x0000000000000000
	0x1e0: UDATA runtimeFlags = 0x0000000000000000 (0)
	0x1e8: I64 startTicks = 0x0000000000000000 (0)
	0x1f0: struct J9VMThread* previousOwner = !j9vmthread 0x0000000000000000
}

> !stackslots 0x0030df00 <--- TOP FRAME IS JIT COMPILED
<30df00> *** BEGIN STACK WALK, flags = 01400001 walkThread = 3,202,816 ***
<30df00> 	START_AT_JIT_FRAME
<30df00> 	ITERATE_O_SLOTS
<30df00> 	RECORD_BYTECODE_PC_OFFSET
<30df00> Initial values: walkSP = 0x000000000034E870, PC = 0x00007FFF95D0F068, literals = 0x0000000000000000, A0 = 0x000000000034E868, j2iFrame = 0x0000000000000000, decomp = 0x0000000000000000
<30df00> JIT frame: bp = 0x000000000034E8D8, pc = 0x00007FFF95D0F068, unwindSP = 0x000000000034E870, cp = 0x00000000002D4510, arg0EA = 0x000000000034E8E0, jitInfo = 0x00007FFF774FEBF8
<30df00> 	Method: ObjectMonitorUsage$EnteringTask.run()V !j9method 0x00000000002D4800
<30df00> 	Bytecode index = 16, inlineDepth = 0, PC offset = 0xFFFFFFFFFFFFCD6C
<30df00> 	stackMap=0x00007FFF774FED70, slots=I16(0x0001) parmBaseOffset=I16(0x0008), parmSlots=U16(0x0001), localBaseOffset=I16(0xFFE0)
<30df00> 	Described JIT args starting at 0x000000000034E8E0 for U16(0x0001) slots
<30df00> 		O-Slot: : a0[0x000000000034E8E0] = 0x00000000FFE80E88
<30df00> 	Described JIT temps starting at 0x000000000034E8B8 for IDATA(0x0000000000000004) slots
<30df00> 		O-Slot: : t3[0x000000000034E8B8] = 0x00000000FFE938B0
<30df00> 		O-Slot: : t2[0x000000000034E8C0] = 0x0000000000000000
<30df00> 		O-Slot: : t1[0x000000000034E8C8] = 0x00000000FFE004A8
<30df00> 		O-Slot: : t0[0x000000000034E8D0] = 0x00000000FFE004A8
<30df00> 	JIT-RegisterMap = UDATA(0x0000000000000000)
<30df00> 	JIT-Frame-RegisterMap[0x000000000034E888] = UDATA(0x00000000FFE8F9C0) (jit_r26)
<30df00> 	JIT-Frame-RegisterMap[0x000000000034E890] = UDATA(0x0000000000000000) (jit_r27)
<30df00> 	JIT-Frame-RegisterMap[0x000000000034E898] = UDATA(0x0000000000000001) (jit_r28)
<30df00> 	JIT-Frame-RegisterMap[0x000000000034E8A0] = UDATA(0x0000000000000000) (jit_r29)
<30df00> 	JIT-Frame-RegisterMap[0x000000000034E8A8] = UDATA(0x0000000000000001) (jit_r30)
<30df00> 	JIT-Frame-RegisterMap[0x000000000034E8B0] = UDATA(0x0000000000000001) (jit_r31)
<30df00> I2J values: PC = 0x00007FFF5D2C38A7, A0 = 0x000000000034E910, walkSP = 0x000000000034E8E8, literals = 0x0000000000112508, JIT PC = 0x00007FFFB32CE898, pcAddress = 0x00007FFF9541BF68, decomp = 0x0000000000000000
<30df00> Bytecode frame: bp = 0x000000000034E8F8, sp = 0x000000000034E8E8, pc = 0x00007FFF5D2C38A7, cp = 0x0000000000112E90, arg0EA = 0x000000000034E910, flags = 0x0000000000000000
<30df00> 	Method: java/lang/Thread.runWith(Ljava/lang/Object;Ljava/lang/Runnable;)V !j9method 0x0000000000112508
<30df00> 	Bytecode index = 7
<30df00> 	Using debug local mapper
<30df00> 	Locals starting at 0x000000000034E910 for 0x0000000000000003 slots
<30df00> 		O-Slot: a0[0x000000000034E910] = 0x00000000FFE80EE8
<30df00> 		O-Slot: a1[0x000000000034E908] = 0x00000000851627C8
<30df00> 		O-Slot: a2[0x000000000034E900] = 0x00000000FFE80E88
...


// <30df00> 	Bytecode index = 16, inlineDepth = 0, PC offset = 0xFFFFFFFFFFFFCD6C
    0 aload0
    1 iconst1
    2 putfield 3 ObjectMonitorUsage$EnteringTask.ready Z
    5 getstatic 5 ObjectMonitorUsage.lockCheck Ljava/lang/Object;
    8 dup
    9 astore1
   10 monitorenter  <--- acquire monitor on lockCheck
   11 aload1
   12 monitorexit   <--- normal release of monitor
   13 goto 21       <--- Skip exception handler
   16 astore2       <--- Store the exception object
   17 aload1
   18 monitorexit   <--- Release lock (exception case)
   19 aload2
   20 athrow        <--- Rethrow the exception
   21 return0

```

**Comment by JasonFengJ9** [comment]
> @hzongaro Could the JIT team take a look? This might be similar to other failures involving invalid eetop/currentThread values.

FYI @hzongaro

**Comment by zl-wang** [comment]
offload to @IBMJimmyk

**Comment by IBMJimmyk** [comment]
I can try taking a look at this.

**Comment by IBMJimmyk** [comment]
I tried running this workload locally on a ppcle Linux machine and observed hangs even under `-Xint`.

Machine: `pjavaubun02.rtp.raleigh.ibm.com`

Java build is a JDK24 with recent source code:
```
openjdk version "24.0.1-internal" 2025-04-15
OpenJDK Runtime Environment (build 24.0.1-internal-adhoc.root.openj9-openjdk-jdk24)
Eclipse OpenJ9 VM (build master-d5a2273bb0, JRE 24 Linux ppc64le-64-Bit Compressed References 20250617_000000 (JIT enabled, AOT disabled)
OpenJ9   - d5a2273bb0
OMR      - 6873ddb55
JCL      - 7adb8bad278 based on jdk-24.0.1+9)
```

Test command:
```
java -Xint -Xshareclasses:none -Xnoaot -Djdk.virtualThreadScheduler.parallelism=10 -agentpath:/team/jimmyk/Defects/21890-virtualThreads/testimage/jdk-24.0.1plus9-test-image/hotspot/jtreg/native/libObjectMonitorUsage.so ObjectMonitorUsage
```

Example failure outputs:
```
### test0: started virtual
>>> [12]
>>>          owner:               none (0x0)
>>>          entry_count:         0
>>>          waiter_count:        0
>>>          notify_waiter_count: 0
***HANGS***
```
```
### test1: started virtual
>>> [13]
>>>          owner:               main (0x0x1ecfc0)
>>>          entry_count:         1
>>>          waiter_count:        0
>>>          notify_waiter_count: 0
>>> [14]
>>>          owner:               main (0x0x1ecfc0)
>>>          entry_count:         1
>>>          waiter_count:        0
>>>          notify_waiter_count: 0
***HANGS***
```

Failure rate is 17/500 runs (~1/29).

I also tried running the test with Hotspot it always passed (1000/1000).

@JasonFengJ9 Can you confirm if you can reproduce the problem with `-Xint` on your setup? Earlier grinders might have gotten lucky with not hitting the hang while under `-Xint`. If not, is there anything about my setup that seems to be different than yours?

**Comment by JasonFengJ9** [comment]
The hang is seen with following command line:
```
java -Xint -Xshareclasses:none -Xnoaot -Djdk.virtualThreadScheduler.parallelism=10 -agentpath:/home/jenkins/issue21890/jdk24-0619-openj9/test-images/hotspot/jtreg/native/libObjectMonitorUsage.so -cp /home/jenkins/issue21890/jdk24-0618 ObjectMonitorUsage
```

Without **`-Xnoaot`**, the test passes in multiple 500x runs.
```
java -Xint -Xshareclasses:none -Djdk.virtualThreadScheduler.parallelism=10 -agentpath:/home/jenkins/issue21890/jdk24-0619-openj9/test-images/hotspot/jtreg/native/libObjectMonitorUsage.so -cp /home/jenkins/issue21890/jdk24-0618 ObjectMonitorUsage
```

Captured a core when the hang occurred, `jdmpview` shows `JIT` threads, @IBMJimmyk is this expected? in addition, any thoughts about how `-Xnoaot` could cause a hang?
```
> !threads
	!stack 0x000bf100	!j9vmthread 0x000bf100	!j9thread 0x7fffa401dee0	tid 0x4dfd (19965) // (main)
	!stack 0x000c1700	!j9vmthread 0x000c1700	!j9thread 0x7fffa4189a30	tid 0x4dff (19967) // (JIT Compilation Thread-000 Suspended)
	!stack 0x000c3c00	!j9vmthread 0x000c3c00	!j9thread 0x7fffa4189fa8	tid 0x4e00 (19968) // (JIT Compilation Thread-001)
	!stack 0x000c6200	!j9vmthread 0x000c6200	!j9thread 0x7fffa418af60	tid 0x4e01 (19969) // (JIT Compilation Thread-002 Suspended)
	!stack 0x000c8800	!j9vmthread 0x000c8800	!j9thread 0x7fffa418b4d8	tid 0x4e02 (19970) // (JIT Compilation Thread-003 Suspended)
	!stack 0x000cad00	!j9vmthread 0x000cad00	!j9thread 0x7fffa418c490	tid 0x4e03 (19971) // (JIT Compilation Thread-004 Suspended)
	!stack 0x000cd300	!j9vmthread 0x000cd300	!j9thread 0x7fffa418ca08	tid 0x4e04 (19972) // (JIT Compilation Thread-005 Suspended)
	!stack 0x000cf900	!j9vmthread 0x000cf900	!j9thread 0x7fffa418d9c0	tid 0x4e05 (19973) // (JIT Compilation Thread-006 Suspended)
	!stack 0x000d1f00	!j9vmthread 0x000d1f00	!j9thread 0x7fffa418df38	tid 0x4e06 (19974) // (JIT Diagnostic Compilation Thread-007 Suspended)
	!stack 0x000d4400	!j9vmthread 0x000d4400	!j9thread 0x7fffa419c2b0	tid 0x4e07 (19975) // (JVMTI event reporting thread)
	!stack 0x000d6a00	!j9vmthread 0x000d6a00	!j9thread 0x7fffa419c828	tid 0x4e08 (19976) // (JIT-SamplerThread)
	!stack 0x000d9000	!j9vmthread 0x000d9000	!j9thread 0x7fffa419d730	tid 0x4e09 (19977) // (IProfiler)
```

**Comment by IBMJimmyk** [comment]
It turns out that `-Xnoaot` unexpectedly causes the JIT to be loaded even if `-Xint` is set. So this might still be a JIT issue after all. I will continue to take a look.

**Comment by IBMJimmyk** [comment]
The problem does seem to be related to a compiled method.

I am currently using this JVM (different from above):
```
openjdk version "24.0.1-internal" 2025-04-15
OpenJDK Runtime Environment (build 24.0.1-internal-adhoc.jenkins.BuildJDK24ppc64lelinuxPersonal)
Eclipse OpenJ9 VM (build master-f26458259ca, JRE 24 Linux ppc64le-64-Bit Compressed References 20250618_100 (JIT enabled, AOT disabled)
OpenJ9   - f26458259ca
OMR      - 41204d22161
JCL      - 7adb8bad278 based on jdk-24.0.1+9)
```

I am able to reliably (100% or close to it) reproduce the hang with the following command:
```
java -Xjit:"disableInlineMonEnt,disableInlineMonExit,lastoptindex=0,optlevel=noopt,count=0,disableasynccompilation,limit={*ObjectMonitorUsage*EnteringTask.run*},tracefull,log=trace/virtual.log" -Xshareclasses:none -Xnoaot -Xdump:none -Djdk.virtualThreadScheduler.parallelism=10 -agentpath:/team/jimmyk/Defects/21890-virtualThreads/testimage/jdk-24.0.1plus9-test-image/hotspot/jtreg/native/libObjectMonitorUsage.so ObjectMonitorUsage
```

This causes only one method to be compiled: `ObjectMonitorUsage$EnteringTask.run()V`.
Test no longer fails if that method is also excluded.

The Xjit options turns off all optimizations. `monent` and `monexit` are performed via calls to the VM rather than with inlined assembly.
With everything turned off, the method is now under 100 instructions in size so I can reasonably check the whole thing.
I am currently looking through the assembly to see if I can catch the problem.

**Comment by IBMJimmyk** [comment]
```
   0x00007fffc2e900d0:  ld      r3,1880(r16)     //* two instruction sequence to load static object lockCheck into r31
   0x00007fffc2e900d4:  ld      r31,0(r3)        //*
   0x00007fffc2e900d8:  std     r31,48(r14)      // lockCheck recorded to stack at 48(r14)
   0x00007fffc2e900dc:  tdeqi   r31,0            // null check on lockCheck in r31
   0x00007fffc2e900e0:  ori     r3,r15,0         // copy VMThread to r3
   0x00007fffc2e900e4:  ori     r4,r31,0         // copy lockCheck to r4
   0x00007fffc2e900e8:  ld      r12,920(r16)
   0x00007fffc2e900ec:  bl      0x7fffc308f100   // call jitMonitorEntry
   0x00007fffc2e900f0:  std     r31,40(r14)
   0x00007fffc2e900f4:  ld      r4,48(r14)       // load lockCheck into r4 from 48(r14)
   0x00007fffc2e900f8:  tdeqi   r4,0             // null check lockCheck
   0x00007fffc2e900fc:  ori     r3,r15,0         // copy VMThread to r3
   0x00007fffc2e90100:  ld      r12,936(r16)
   0x00007fffc2e90104:  bl      0x7fffc308f140   // call jitMonitorExit
   0x00007fffc2e90108:  b       0x7fffc2e9010c   // jump to return sequence
```
There's not really a whole lot of code here and it doesn't do very much.
`jitMonitorEntry` eventually reaches `objectMonitorEnterNonBlocking`.
`jitMonitorExit` eventually reaches `objectMonitorExit`.

It might be the something goes wrong in the transition.

**Comment by IBMJimmyk** [comment]
I'm now using a slightly different command. `traceILGen` and `disableOSR` were added as options. `count=10` is now used instead of `count=0`. The test was modified to run `test1` multiple times in a row to be compatible with the higher count. `test0`, `test2`, `test3` are no longer run to focus on the `test1` hang. `NUMBER_OF_ENTERING_THREADS` is set to 2 to further simply things.

```
java -Xjit:"traceILGen,disableOSR,disableInlineMonEnt,disableInlineMonExit,lastoptindex=0,optlevel=noopt,count=10,disableasynccompilation,limit={*ObjectMonitorUsage*EnteringTask.run*},tracefull,log=trace/virtual.log" -Xshareclasses:none -Xnoaot -Xdump:none -Xnocompressedrefs -Djdk.virtualThreadScheduler.parallelism=10 -agentpath:/team/jimmyk/Defects/21890-virtualThreads/testimage/jdk-24.0.1plus9-test-image/hotspot/jtreg/native/libObjectMonitorUsage.so ObjectMonitorUsage
```

The trees at the very start of the tracefile look like this:
```
<trees
        title="Pre IlGenOpt Trees"
        method="ObjectMonitorUsage$EnteringTask.run()V"
        hotness="no-opt">

Pre IlGenOpt Trees: for ObjectMonitorUsage$EnteringTask.run()V

------------------------------------------------------------------------------------------------------------------------------------------------------------------------
n11n      BBStart <block_2>                                                                   [    0x74b003004a50] bci=[-1,0,368] rc=0 vc=0 vn=- li=- udi=- nc=0
n17n      istorei  ObjectMonitorUsage$EnteringTask.ready Z[#401  volatile Shadow +24] [flags 0x6601 0x0 ]  [    0x74b003004c30] bci=[-1,2,368] rc=0 vc=0 vn=- li=- udi=- nc=2
n13n        aload  <'this' parm LObjectMonitorUsage$EnteringTask;>[#400  Parm] [flags 0x40000107 0x0 ] (X!=0 )  [    0x74b003004af0] bci=[-1,0,368] rc=1 vc=0 vn=- li=- udi=- nc=0 flg=0x4
n16n        iand                                                                              [    0x74b003004be0] bci=[-1,2,368] rc=1 vc=0 vn=- li=- udi=- nc=2
n14n          iconst 1 (X!=0 X>=0 )                                                           [    0x74b003004b40] bci=[-1,1,368] rc=1 vc=0 vn=- li=- udi=- nc=0 flg=0x104
n15n          iconst 1 (X!=0 X>=0 )                                                           [    0x74b003004b90] bci=[-1,2,368] rc=1 vc=0 vn=- li=- udi=- nc=0 flg=0x104
n19n      astore  <auto slot 1>[#403  Auto] [flags 0x7 0x0 ]                                  [    0x74b003004cd0] bci=[-1,9,369] rc=0 vc=0 vn=- li=- udi=- nc=1
n18n        aload  ObjectMonitorUsage.lockCheck Ljava/lang/Object;[#402  Static] [flags 0x307 0x0 ]  [    0x74b003004c80] bci=[-1,5,369] rc=3 vc=0 vn=- li=- udi=- nc=0
n21n      NULLCHK on n18n [#32]                                                               [    0x74b003004d70] bci=[-1,10,369] rc=0 vc=0 vn=- li=- udi=- nc=1
n20n        monent  jitMonitorEntry[#116  helper Method] [flags 0x400 0x0 ]                   [    0x74b003004d20] bci=[-1,10,369] rc=1 vc=0 vn=- li=- udi=- nc=1
n18n          ==>aload
n22n      astore  <temp slot 4 holds monitoredObject>[#404  Auto] [flags 0x8000007 0x0 ]      [    0x74b003004dc0] bci=[-1,10,369] rc=0 vc=0 vn=- li=- udi=- nc=1
n18n        ==>aload
n12n      BBEnd </block_2> =====                                                              [    0x74b003004aa0] bci=[-1,10,369] rc=0 vc=0 vn=- li=- udi=- nc=0

n3n       BBStart <block_3>                                                                   [    0x74b0030047d0] bci=[-1,11,370] rc=0 vc=0 vn=- li=- udi=- nc=0
n24n      monexitfence                                                                        [    0x74b003004e60] bci=[-1,12,370] rc=0 vc=0 vn=- li=- udi=- nc=0
n26n      NULLCHK on n23n [#32]                                                               [    0x74b003004f00] bci=[-1,12,370] rc=0 vc=0 vn=- li=- udi=- nc=1
n25n        monexit  jitMonitorExit[#118  helper Method] [flags 0x400 0x0 ]                   [    0x74b003004eb0] bci=[-1,12,370] rc=1 vc=0 vn=- li=- udi=- nc=1
n23n          aload  <auto slot 1>[#403  Auto] [flags 0x7 0x0 ]                               [    0x74b003004e10] bci=[-1,11,370] rc=1 vc=0 vn=- li=- udi=- nc=0
n4n       BBEnd </block_3> =====                                                              [    0x74b003004820] bci=[-1,12,370] rc=0 vc=0 vn=- li=- udi=- nc=0

n5n       BBStart <block_4>                                                                   [    0x74b003004870] bci=[-1,13,370] rc=0 vc=0 vn=- li=- udi=- nc=0
n27n      goto --> block_5 BBStart at n1n                                                     [    0x74b003004f50] bci=[-1,13,370] rc=0 vc=0 vn=- li=- udi=- nc=0
n6n       BBEnd </block_4> =====                                                              [    0x74b0030048c0] bci=[-1,13,370] rc=0 vc=0 vn=- li=- udi=- nc=0

n1n       BBStart <block_5>                                                                   [    0x74b003004730] bci=[-1,21,371] rc=0 vc=0 vn=- li=- udi=- nc=0
n28n      return                                                                              [    0x74b003004fa0] bci=[-1,21,371] rc=0 vc=0 vn=- li=- udi=- nc=0
n2n       BBEnd </block_5> =====                                                              [    0x74b003004780] bci=[-1,21,371] rc=0 vc=0 vn=- li=- udi=- nc=0

n7n       BBStart <block_6> (catches ...)                                                     [    0x74b003004910] bci=[-1,16,370] rc=0 vc=0 vn=- li=- udi=- nc=0
n31n      astore  <pending push temp 0>[#405  Auto] [flags 0x7 0x800 ]                        [    0x74b003005090] bci=[-1,16,370] rc=0 vc=0 vn=- li=- udi=- nc=1
n29n        aload  ExceptionMeta[#319  MethodMeta +64] [flags 0x207 0x0 ]                     [    0x74b003004ff0] bci=[-1,16,370] rc=2 vc=0 vn=- li=- udi=- nc=0
n30n      asynccheck  jitCheckAsyncMessages[#23  helper Method] [flags 0x400 0x0 ]            [    0x74b003005040] bci=[-1,16,370] rc=0 vc=0 vn=- li=- udi=- nc=0
n32n      astore  <temp slot 5>[#406  Auto] [flags 0x7 0x0 ]                                  [    0x74b0030050e0] bci=[-1,16,370] rc=0 vc=0 vn=- li=- udi=- nc=1
n29n        ==>aload
n34n      astore  ExceptionMeta[#319  MethodMeta +64] [flags 0x207 0x0 ]                      [    0x74b003005180] bci=[-1,16,370] rc=0 vc=0 vn=- li=- udi=- nc=1
n33n        aconst NULL (X==0 )                                                               [    0x74b003005130] bci=[-1,16,370] rc=1 vc=0 vn=- li=- udi=- nc=0 flg=0x2
n36n      astore  <auto slot 2>[#407  Auto] [flags 0x7 0x0 ]                                  [    0x74b003005220] bci=[-1,16,370] rc=0 vc=0 vn=- li=- udi=- nc=1
n35n        aload  <temp slot 5>[#406  Auto] [flags 0x7 0x0 ] (X!=0 )                         [    0x74b0030051d0] bci=[-1,16,370] rc=1 vc=0 vn=- li=- udi=- nc=0 flg=0x4
n38n      monexitfence                                                                        [    0x74b0030052c0] bci=[-1,18,370] rc=0 vc=0 vn=- li=- udi=- nc=0
n40n      NULLCHK on n37n [#32]                                                               [    0x74b003005360] bci=[-1,18,370] rc=0 vc=0 vn=- li=- udi=- nc=1
n39n        monexit  jitMonitorExit[#118  helper Method] [flags 0x400 0x0 ]                   [    0x74b003005310] bci=[-1,18,370] rc=1 vc=0 vn=- li=- udi=- nc=1
n37n          aload  <auto slot 1>[#403  Auto] [flags 0x7 0x0 ]                               [    0x74b003005270] bci=[-1,17,370] rc=1 vc=0 vn=- li=- udi=- nc=0
n8n       BBEnd </block_6> =====                                                              [    0x74b003004960] bci=[-1,18,370] rc=0 vc=0 vn=- li=- udi=- nc=0

n9n       BBStart <block_7>                                                                   [    0x74b0030049b0] bci=[-1,19,370] rc=0 vc=0 vn=- li=- udi=- nc=0
n43n      NULLCHK on n41n [#32]                                                               [    0x74b003005450] bci=[-1,20,370] rc=0 vc=0 vn=- li=- udi=- nc=1
n42n        athrow  jitThrowException[#24  helper Method] [flags 0x400 0x0 ]                  [    0x74b003005400] bci=[-1,20,370] rc=1 vc=0 vn=- li=- udi=- nc=1
n41n          aload  <auto slot 2>[#407  Auto] [flags 0x7 0x0 ]                               [    0x74b0030053b0] bci=[-1,19,370] rc=1 vc=0 vn=- li=- udi=- nc=0
n10n      BBEnd </block_7> =====                                                              [    0x74b003004a00] bci=[-1,20,370] rc=0 vc=0 vn=- li=- udi=- nc=0

n44n      BBStart <block_8> (freq 3) (catches ...) (cold)                                     [    0x74b0030054a0] bci=[-1,16,370] rc=0 vc=0 vn=- li=- udi=- nc=0
n58n      monexitfence                                                                        [    0x74b0030801e0] bci=[-1,16,370] rc=0 vc=0 vn=- li=- udi=- nc=0
n57n      BBEnd </block_8> (cold) =====                                                       [    0x74b003080190] bci=[-1,18,370] rc=0 vc=0 vn=- li=- udi=- nc=0

n59n      BBStart <block_9> (freq 3) (cold)                                                   [    0x74b003080230] bci=[-1,16,370] rc=0 vc=0 vn=- li=- udi=- nc=0
n61n      asynccheck  jitCheckAsyncMessages[#23  helper Method] [flags 0x400 0x0 ]            [    0x74b0030802d0] bci=[-1,16,370] rc=0 vc=0 vn=- li=- udi=- nc=0
n62n      goto --> block_9 BBStart at n59n                                                    [    0x74b003080320] bci=[-1,16,370] rc=0 vc=0 vn=- li=- udi=- nc=0
n60n      BBEnd </block_9> (cold)                                                             [    0x74b003080280] bci=[-1,16,370] rc=0 vc=0 vn=- li=- udi=- nc=0
```

Note `block_9` at the bottom. This is an infinite loop and it's where the hang occurs. The loop is an asynccheck then loops back on itself forever.

Even with `traceILGen` the tracefile does not say where the trees in block 9 come from.

**Comment by zl-wang** [comment]
please look back to the bytecode ... of course don't expect asyncCheck in bytecode, it is added by ILgen for a loop. so, you should expect a goto bytecode to near above.

**Comment by IBMJimmyk** [comment]
The bytecodes looks like this:
```
        0, JBaload0
        1, JBiconst1
        2, JBputfield                            3
        5, JBgetstatic                           5
        8, JBdup
        9, JBastore1
       10, JBmonitorenter
       11, JBaload1
       12, JBmonitorexit
       13, JBgoto                   8,   21,
       16, JBastore2
       17, JBaload1
       18, JBmonitorexit
       19, JBaload2
       20, JBathrow
       21, JBreturn0
```
There is a `goto` at 13.

**Comment by zl-wang** [comment]
that goto bytecode is jumping to the return ... how come the endless loop is beyond me.
intuitively some ILgen bug to me, but
is the same IL gen-ed for a good run (no VT, let's say)? if yes, how can it come out of the block9 loop to end the run?
something to look further here

**Comment by IBMJimmyk** [comment]
It still happens even on Semeru JDK21 with no virtual threads:

Java code:
```
    static class EnteringTask implements Runnable {
        public void run() {
            synchronized (lockCheck) {
            }
        }
    }
```
Bytecodes:
```
        0, JBgetstatic                           3
        3, JBdup
        4, JBastore1
        5, JBmonitorenter
        6, JBaload1
        7, JBmonitorexit
        8, JBgoto                   8,   16,
       11, JBastore2
       12, JBaload1
       13, JBmonitorexit
       14, JBaload2
       15, JBathrow
       16, JBreturn0
```
Trees:
```
n11n      BBStart <block_2>                                                                   [    0x73c1e41649c0] bci=[-1,0,91] rc=0 vc=0 vn=- li=- udi=- nc=0
n14n      ResolveCHK [#320]                                                                   [    0x73c1e4164ab0] bci=[-1,0,91] rc=0 vc=0 vn=- li=- udi=- nc=1
n13n        aload  ObjectMonitorUsage.lockCheck Ljava/lang/Object;[#399  unresolved notAccessed volatile Static] [flags 0x2307 0x0 ]  [    0x73c1e4164a60] bci=[-1,0,91] rc=4 vc=0 vn=- li=-
udi=- nc=0
n15n      astore  <auto slot 1>[#400  Auto] [flags 0x7 0x0 ]                                  [    0x73c1e4164b00] bci=[-1,4,91] rc=0 vc=0 vn=- li=- udi=- nc=1
n13n        ==>aload
n17n      NULLCHK on n13n [#32]                                                               [    0x73c1e4164ba0] bci=[-1,5,91] rc=0 vc=0 vn=- li=- udi=- nc=1
n16n        monent  jitMonitorEntry[#115  helper Method] [flags 0x400 0x0 ]                   [    0x73c1e4164b50] bci=[-1,5,91] rc=1 vc=0 vn=- li=- udi=- nc=1
n13n          ==>aload
n18n      astore  <temp slot 4 holds monitoredObject>[#401  Auto] [flags 0x8000007 0x0 ]      [    0x73c1e4164bf0] bci=[-1,5,91] rc=0 vc=0 vn=- li=- udi=- nc=1
n13n        ==>aload
n12n      BBEnd </block_2> =====                                                              [    0x73c1e4164a10] bci=[-1,5,91] rc=0 vc=0 vn=- li=- udi=- nc=0

n3n       BBStart <block_3>                                                                   [    0x73c1e4164740] bci=[-1,6,92] rc=0 vc=0 vn=- li=- udi=- nc=0
n20n      monexitfence                                                                        [    0x73c1e4164c90] bci=[-1,7,92] rc=0 vc=0 vn=- li=- udi=- nc=0
n22n      NULLCHK on n19n [#32]                                                               [    0x73c1e4164d30] bci=[-1,7,92] rc=0 vc=0 vn=- li=- udi=- nc=1
n21n        monexit  jitMonitorExit[#117  helper Method] [flags 0x400 0x0 ]                   [    0x73c1e4164ce0] bci=[-1,7,92] rc=1 vc=0 vn=- li=- udi=- nc=1
n19n          aload  <auto slot 1>[#400  Auto] [flags 0x7 0x0 ]                               [    0x73c1e4164c40] bci=[-1,6,92] rc=1 vc=0 vn=- li=- udi=- nc=0
n4n       BBEnd </block_3> =====                                                              [    0x73c1e4164790] bci=[-1,7,92] rc=0 vc=0 vn=- li=- udi=- nc=0

n5n       BBStart <block_4>                                                                   [    0x73c1e41647e0] bci=[-1,8,92] rc=0 vc=0 vn=- li=- udi=- nc=0
n23n      goto --> block_5 BBStart at n1n                                                     [    0x73c1e4164d80] bci=[-1,8,92] rc=0 vc=0 vn=- li=- udi=- nc=0
n6n       BBEnd </block_4> =====                                                              [    0x73c1e4164830] bci=[-1,8,92] rc=0 vc=0 vn=- li=- udi=- nc=0

n1n       BBStart <block_5>                                                                   [    0x73c1e41646a0] bci=[-1,16,93] rc=0 vc=0 vn=- li=- udi=- nc=0
n24n      return                                                                              [    0x73c1e4164dd0] bci=[-1,16,93] rc=0 vc=0 vn=- li=- udi=- nc=0
n2n       BBEnd </block_5> =====                                                              [    0x73c1e41646f0] bci=[-1,16,93] rc=0 vc=0 vn=- li=- udi=- nc=0

n7n       BBStart <block_6> (catches ...)                                                     [    0x73c1e4164880] bci=[-1,11,92] rc=0 vc=0 vn=- li=- udi=- nc=0
n26n      astore  <temp slot 5>[#402  Auto] [flags 0x7 0x0 ]                                  [    0x73c1e4164e70] bci=[-1,11,92] rc=0 vc=0 vn=- li=- udi=- nc=1
n25n        aload  ExceptionMeta[#318  MethodMeta +64] [flags 0x207 0x0 ]                     [    0x73c1e4164e20] bci=[-1,11,92] rc=1 vc=0 vn=- li=- udi=- nc=0
n28n      astore  ExceptionMeta[#318  MethodMeta +64] [flags 0x207 0x0 ]                      [    0x73c1e4164f10] bci=[-1,11,92] rc=0 vc=0 vn=- li=- udi=- nc=1
n27n        aconst NULL (X==0 )                                                               [    0x73c1e4164ec0] bci=[-1,11,92] rc=1 vc=0 vn=- li=- udi=- nc=0 flg=0x2
n30n      astore  <auto slot 2>[#403  Auto] [flags 0x7 0x0 ]                                  [    0x73c1e4164fb0] bci=[-1,11,92] rc=0 vc=0 vn=- li=- udi=- nc=1
n29n        aload  <temp slot 5>[#402  Auto] [flags 0x7 0x0 ] (X!=0 )                         [    0x73c1e4164f60] bci=[-1,11,92] rc=1 vc=0 vn=- li=- udi=- nc=0 flg=0x4
n32n      monexitfence                                                                        [    0x73c1e4165050] bci=[-1,13,92] rc=0 vc=0 vn=- li=- udi=- nc=0
n34n      NULLCHK on n31n [#32]                                                               [    0x73c1e41650f0] bci=[-1,13,92] rc=0 vc=0 vn=- li=- udi=- nc=1
n33n        monexit  jitMonitorExit[#117  helper Method] [flags 0x400 0x0 ]                   [    0x73c1e41650a0] bci=[-1,13,92] rc=1 vc=0 vn=- li=- udi=- nc=1
n31n          aload  <auto slot 1>[#400  Auto] [flags 0x7 0x0 ]                               [    0x73c1e4165000] bci=[-1,12,92] rc=1 vc=0 vn=- li=- udi=- nc=0
n8n       BBEnd </block_6> =====                                                              [    0x73c1e41648d0] bci=[-1,13,92] rc=0 vc=0 vn=- li=- udi=- nc=0

n9n       BBStart <block_7>                                                                   [    0x73c1e4164920] bci=[-1,14,92] rc=0 vc=0 vn=- li=- udi=- nc=0
n37n      NULLCHK on n35n [#32]                                                               [    0x73c1e41651e0] bci=[-1,15,92] rc=0 vc=0 vn=- li=- udi=- nc=1
n36n        athrow  jitThrowException[#24  helper Method] [flags 0x400 0x0 ]                  [    0x73c1e4165190] bci=[-1,15,92] rc=1 vc=0 vn=- li=- udi=- nc=1
n35n          aload  <auto slot 2>[#403  Auto] [flags 0x7 0x0 ]                               [    0x73c1e4165140] bci=[-1,14,92] rc=1 vc=0 vn=- li=- udi=- nc=0
n10n      BBEnd </block_7> =====                                                              [    0x73c1e4164970] bci=[-1,15,92] rc=0 vc=0 vn=- li=- udi=- nc=0

n38n      BBStart <block_8> (freq 3) (catches ...) (cold)                                     [    0x73c1e4165230] bci=[-1,11,92] rc=0 vc=0 vn=- li=- udi=- nc=0
n50n      monexitfence                                                                        [    0x73c1e41655f0] bci=[-1,11,92] rc=0 vc=0 vn=- li=- udi=- nc=0
n49n      BBEnd </block_8> (cold) =====                                                       [    0x73c1e41655a0] bci=[-1,13,92] rc=0 vc=0 vn=- li=- udi=- nc=0

n51n      BBStart <block_9> (freq 3) (cold)                                                   [    0x73c1e4165640] bci=[-1,11,92] rc=0 vc=0 vn=- li=- udi=- nc=0
n53n      asynccheck  jitCheckAsyncMessages[#23  helper Method] [flags 0x400 0x0 ]            [    0x73c1e41e0050] bci=[-1,11,92] rc=0 vc=0 vn=- li=- udi=- nc=0
n54n      goto --> block_9 BBStart at n51n                                                    [    0x73c1e41e00a0] bci=[-1,11,92] rc=0 vc=0 vn=- li=- udi=- nc=0
n52n      BBEnd </block_9> (cold)                                                             [    0x73c1e41e0000] bci=[-1,11,92] rc=0 vc=0 vn=- li=- udi=- nc=0
```
I doesn't take the exception path when I run it so block 9 doesn't run. Although, I'm not sure why the original virtual threads test is taking the exception path either.

**Comment by IBMJimmyk** [comment]
I forgot to mention this before but the unmodified test case can be found here:
https://github.com/ibmruntimes/openj9-openjdk-jdk24/blob/7adb8bad278d7cfcd77aa44bdb00919437c16a35/test/hotspot/jtreg/serviceability/jvmti/ObjectMonitorUsage/ObjectMonitorUsage.java
I'm currently using a modified version that only runs the virtual thread version of `test1` and runs it multiple times in a row. It can be found here:
https://github.ibm.com/jimmyk/workspace/blob/30ef35a05b1d191c13d7f68b47455ec1755eef18/testCode/ObjectMonitorUsage/ObjectMonitorUsage.java

**Comment by zl-wang** [comment]
are you able to confirm:  when the "hang" happened, at least one VT was mounted and was busy looping in block#9?
since that is the only method JIT-ed and block#9 is part of a catcher (i.e. you can come here only by VM/runtime exception handling code jumping to the appropriate catcher somehow).  had better ask @tajila and @fengxue-IS diagnose this further from VM/runtime perspective.

**Comment by IBMJimmyk** [comment]
Yes. I was able to verify via gdb that a thread was looping in block 9 during a hang.

**Comment by IBMJimmyk** [comment]
I tried adding `-Xdump:java:events=throw` to a run and I now get this before the hang:
```
### test1: started virtual
>>> [2]
>>>          owner:               main (0x0x7a67145a9fb0)
>>>          entry_count:         1
>>>          waiter_count:        0
>>>          notify_waiter_count: 0
>>> [3]
>>>          owner:               main (0x0x7a67145a9fb0)
>>>          entry_count:         1
>>>          waiter_count:        0
>>>          notify_waiter_count: 0
JVMDUMP039I Processing dump event "throw", detail "java/lang/IllegalMonitorStateException" at 2025/06/24 13:12:12 - please wait.
JVMDUMP032I JVM requested Java dump using '/team/jimmyk/Defects/21890-virtualThreads/workspace/javacore.20250624.131212.856433.0006.txt' in response to an event
JVMDUMP010I Java dump written to /team/jimmyk/Defects/21890-virtualThreads/workspace/javacore.20250624.131212.856433.0006.txt
JVMDUMP013I Processed dump event "throw", detail "java/lang/IllegalMonitorStateException".
JVMDUMP039I Processing dump event "throw", detail "java/lang/IllegalMonitorStateException" at 2025/06/24 13:12:12 - please wait.
JVMDUMP032I JVM requested Java dump using '/team/jimmyk/Defects/21890-virtualThreads/workspace/javacore.20250624.131212.856433.0007.txt' in response to an event
JVMDUMP010I Java dump written to /team/jimmyk/Defects/21890-virtualThreads/workspace/javacore.20250624.131212.856433.0007.txt
JVMDUMP013I Processed dump event "throw", detail "java/lang/IllegalMonitorStateException".
****HANGS****
```
This test isn't supposed to generate an `IllegalMonitorStateException` so that's a problem. I double checked with an `-Xint` run and I don't see any `IllegalMonitorStateException`. For this failing run, `disableInlineMonEnt,disableInlineMonExit` Xjit options are set which means JIT code does not attempt to modify monitor state and calls the VM.

**Comment by IBMJimmyk** [comment]
I tried looking at some trace messages:
```
20:03:51.389*0x7d757cb04f00            j9vm.118      > internalFindClass (loader=00007D757C219408 options=1 UTF8=java/lang/IllegalMonitorStateException Unicode=)
20:03:51.389 0x7d757cb04f00    j9vm.227    *   ** ASSERTION FAILED ** at /root/hostdir/openj9-openjdk-jdk24/openj9/runtime/vm/classsupport.c:1295: ((vmThread)->publicFlags & J9_PUBLIC_FLAGS_VM_ACCESS)
```
This test can also fail as an assertion instead of hanging but they might have similar triggers.

The assert (227) and trace message (118) are side by side here:
https://github.com/eclipse-openj9/openj9/blob/b0b2559c9c2e2b1b29dc149ec9fed39b12e8d6d1/runtime/vm/classsupport.c#L1293-L1295

So `internalFindClassInModule` is being called without VM access and this triggers the assert. `internalFindClassInModule` is being called as part of handling an `IllegalMonitorStateException` which shouldn't be happening. Once again, with Xint set the `IllegalMonitorStateException` does not show up in the trace message.

The `IllegalMonitorStateException` originates from this thread:
```
3XMTHREADINFO      "ForkJoinPool-1-worker-1" J9VMThread:0x00007D757CB04F00, omrthread_t:0x00007D700C016128, java/lang/Thread:0x00007D757BE55458, state:P, rawStateValue:0x80, prio=5
3XMJAVALTHREAD            (java/lang/Thread getId:0x56, isDaemon:true)
3XMJAVALTHRCCL            jdk/internal/loader/ClassLoaders$AppClassLoader(0x00007D7180F05068)
3XMTHREADINFO1            (native thread ID:0xD66A8, native priority:0x5, native policy:UNKNOWN, vmstate:P, vm thread flags:0x00020000)
3XMTHREADINFO2            (native stack address range from:0x00007D70F9E50000, to:0x00007D70F9ED0000, size:0x80000)
3XMCPUTIME               CPU usage total: 0.325377774 secs, current category="Application"
3XMTHREADBLOCK     Parked on: java/util/concurrent/ForkJoinPool@0x00007D757BE04AB8 Owned by: <unknown>
3XMHEAPALLOC             Heap bytes allocated since last GC cycle=184856 (0x2D218)
3XMTHREADINFO3           Java callstack:
4XESTACKTRACE                at jdk/internal/misc/Unsafe.park(Native Method)
4XESTACKTRACE                at java/util/concurrent/ForkJoinPool.awaitWork(ForkJoinPool.java:2059)
4XESTACKTRACE                at java/util/concurrent/ForkJoinPool.deactivate(ForkJoinPool.java:2013)
4XESTACKTRACE                at java/util/concurrent/ForkJoinPool.runWorker(ForkJoinPool.java:1978)
4XESTACKTRACE                at java/util/concurrent/ForkJoinWorkerThread.run(ForkJoinWorkerThread.java:187)
3XMTHREADINFO3           Native callstack:
4XENATIVESTACK                (0x00007D7581C31B64 [libj9prt29.so+0x31b64])
4XENATIVESTACK                (0x00007D7581C386B4 [libj9prt29.so+0x386b4])
4XENATIVESTACK                (0x00007D7581C321B0 [libj9prt29.so+0x321b0])
4XENATIVESTACK                (0x00007D7581C317A4 [libj9prt29.so+0x317a4])
4XENATIVESTACK                (0x00007D7581C386B4 [libj9prt29.so+0x386b4])
4XENATIVESTACK                (0x00007D7581C318B4 [libj9prt29.so+0x318b4])
4XENATIVESTACK                (0x00007D7581C33590 [libj9prt29.so+0x33590])
4XENATIVESTACK               __kernel_sigtramp_rt64+0x0 (0x00007D7582610444 [linux-vdso64.so.1+0x444])
4XENATIVESTACK                (0x00007D75823802C0 [libc.so.6+0xb02c0])
4XENATIVESTACK               pthread_cond_wait+0x194 (0x00007D75823847E4 [libc.so.6+0xb47e4])
4XENATIVESTACK               omrthread_park+0x130 (0x00007D7581E1B3D0 [libj9thr29.so+0xb3d0])
4XENATIVESTACK                (0x00007D7581F22FDC [libj9vm29.so+0xa2fdc])
4XENATIVESTACK                (0x00007D7581F24178 [libj9vm29.so+0xa4178])
4XENATIVESTACK               Java_sun_misc_Unsafe_park+0x68 (0x00007D7580093018 [libjclse29.so+0x53018])
4XENATIVESTACK                (0x00007D75820CC7D8 [libj9vm29.so+0x24c7d8])
4XENATIVESTACK                (0x00007D75820CC46C [libj9vm29.so+0x24c46c])
4XENATIVESTACK                (0x00007D758200FE5C [libj9vm29.so+0x18fe5c])
4XENATIVESTACK                (0x00007D7582033BA0 [libj9vm29.so+0x1b3ba0])
4XENATIVESTACK                (0x00007D7581E98C20 [libj9vm29.so+0x18c20])
4XENATIVESTACK                (0x00007D7581F3E178 [libj9vm29.so+0xbe178])
4XENATIVESTACK                (0x00007D7581C386B4 [libj9prt29.so+0x386b4])
4XENATIVESTACK                (0x00007D7581F39780 [libj9vm29.so+0xb9780])
4XENATIVESTACK                (0x00007D7581E1D11C [libj9thr29.so+0xd11c])
4XENATIVESTACK                (0x00007D7582385804 [libc.so.6+0xb5804])
3XMTHREADINFO4           Type: Platform
```

**Comment by zl-wang** [comment]
highly likely related or the same problem:  https://github.com/eclipse-openj9/openj9/issues/21824

**Comment by IBMJimmyk** [comment]
I do see r15 change when a virtual thread is remounted. Is that not supposed to be possible? The object address looks to be correct. I did talk to @r30shah and he was seeing a register corruption issue on Z but it doesn't seem like Power has the same problem.

**Comment by zl-wang** [comment]
then, i am wondering if the object was locked in flat-lock form and it was not patched over **r15**  changing, and resulting in the IllegalMonitorState. it should be patched as described in team channel.

**Comment by IBMJimmyk** [comment]
JIT'd version of `EnteringTask.run ` calls out to `jitMonitorExit` which goes to the VM to handle the monitor exit. It eventually gets to running `objectMonitorExit`.

It runs into a problem at this line:
https://github.com/eclipse-openj9/openj9/blob/5f6a02d9486fa76dd2386800ca414fad63ef5fea/runtime/vm/monhelpers.c#L299

The call to `omrthread_monitor_exit` returns `J9THREAD_ILLEGAL_MONITOR_STATE`. I think this is what triggers the illegal monitor exception that eventually leads to a hand or assert. I am currently trying to figure out why this happens.

I tried adding this trace before the call:
```
Trc_VM_jimmyk_objectMonitorExit_InflatedPath(vmStruct, object, vmStruct, monitor->owner, vmStruct->osThread);
```
Which prints:
```
20:44:47.241 0x7ffe8c006500            j9vm.802      - (obj=00007FFFEE14B180) jimmyk InflatedPath VMThread=00007FFE8C006500 owner=00007FFE8C003BF0 OSThread=00007FFE8C003BF0
```

And this after the call:
```
Trc_VM_jimmyk_objectMonitorExit_rcCheck(vmStruct, object, vmStruct, rc);
```
Which prints:
```
20:44:47.241 0x7ffe8c006500            j9vm.804      - (obj=00007FFFEE14B180) jimmyk monexit rcCheck VMThread=00007FFE8C006500, rc=1
```
rc of 1 is `J9THREAD_ILLEGAL_MONITOR_STATE`

**Comment by zl-wang** [comment]
those tracing(s) (look all reasonable) didn't indicate what the problem is. you may. need to go to `omrthread_monitor_exit` to see.

**Comment by IBMJimmyk** [comment]
I plan to do that next. I tried adding trace statements inside of `omrthread_monitor_exit` but this causes segfaults for unknown reasons. I am currently trying to work around that.

**Comment by zl-wang** [comment]
@TobiAjila @hzongaro @vijaysun-omr i suspected there might be a fundamental issue here in theory to me.  given the monitor inflated already (using underlying pthread_mutex).  i have no doubt pthread_mutex is stateful with owner (pthread) info etc.  when the monitor holder virtual-thread is unmounted from one pthread and remounted to another different pthread, isn't it expected to run into failures (reflected as OpenJ9 IllegalMonitorState) when trying to monitorExit?

**Comment by IBMJimmyk** [comment]
As mentioned in the previous comment, I am looking at this call:
https://github.com/eclipse-openj9/openj9/blob/5f6a02d9486fa76dd2386800ca414fad63ef5fea/runtime/vm/monhelpers.c#L299

Just before the call:
```
14:18:16.293 0x7ffff0ac7b00            j9vm.802      - (obj=00007FFFEE14B180) jimmyk InflatedPath VMThread=00007FFFF0AC7B00 owner=00007FFE8C00E768 OSThread=00007FFE8C00E768
```
`owner` is `monitor->owner` and `OSThread` is `vmStruct->osThread`

gdb has the test paused right at the start of `omrthread_monitor_exit`. This is the first time through which is a passing case.
```
(gdb) disas $pc,+128
Dump of assembler code from 0x7ffff777c5c0 to 0x7ffff777c640:
=> 0x00007ffff777c5c0 <omrthread_monitor_exit+0>:       addis   r2,r12,3
...

(gdb) x/1xg $r3+8
0x7ffef0005810: 0x00007ffe8c00e768
```
`monitor->owner` is `0x7ffe8c00e768` which matches the print statement.

Program continues here:
```
   0x00007ffff777c5c0 <omrthread_monitor_exit+0>:       addis   r2,r12,3
   0x00007ffff777c5c4 <omrthread_monitor_exit+4>:       addi    r2,r2,-18368
   0x00007ffff777c5c8 <omrthread_monitor_exit+8>:       mflr    r0
   0x00007ffff777c5cc <omrthread_monitor_exit+12>:      std     r31,-8(r1)
   0x00007ffff777c5d0 <omrthread_monitor_exit+16>:      std     r0,16(r1)
   0x00007ffff777c5d4 <omrthread_monitor_exit+20>:      stdu    r1,-48(r1)
   0x00007ffff777c5d8 <omrthread_monitor_exit+24>:      nop
   0x00007ffff777c5dc <omrthread_monitor_exit+28>:      mr      r31,r3
   0x00007ffff777c5e0 <omrthread_monitor_exit+32>:      ld      r9,-32720(r2)
   0x00007ffff777c5e4 <omrthread_monitor_exit+36>:      lwz     r3,104(r9)
   0x00007ffff777c5e8 <omrthread_monitor_exit+40>:      bl      0x7ffff7774920 <0000001a.plt_call.pthread_getspecific@@GLIBC_2.34>
   0x00007ffff777c5ec <omrthread_monitor_exit+44>:      ld      r2,24(r1)
   0x00007ffff777c5f0 <omrthread_monitor_exit+48>:      ld      r9,8(r31)
   0x00007ffff777c5f4 <omrthread_monitor_exit+52>:      li      r10,1
=> 0x00007ffff777c5f8 <omrthread_monitor_exit+56>:      cmpd    r9,r3
   0x00007ffff777c5fc <omrthread_monitor_exit+60>:      beq     0x7ffff777c620 <omrthread_monitor_exit+96>
   0x00007ffff777c600 <omrthread_monitor_exit+64>:      addi    r1,r1,48
   0x00007ffff777c604 <omrthread_monitor_exit+68>:      mr      r3,r10
   0x00007ffff777c608 <omrthread_monitor_exit+72>:      ld      r0,16(r1)
   0x00007ffff777c60c <omrthread_monitor_exit+76>:      ld      r31,-8(r1)
   0x00007ffff777c610 <omrthread_monitor_exit+80>:      mtlr    r0
   0x00007ffff777c614 <omrthread_monitor_exit+84>:      blr
```
The line at +56 corresponds with this check: https://github.com/eclipse-omr/omr/blob/ba6204884ecdc0f486bd9718cb7c4b151f4d0a2a/thread/common/omrthread.c#L4273
`$r9` has `monitor->owner`.
`$r3` has `self`. It comes from the call to `pthread_getspecific`
They match so everything is good:
```
(gdb) p/x $r9
$3 = 0x7ffe8c00e768
(gdb) p/x $r3
$2 = 0x7ffe8c00e768
```

On the second pass, which will fail, things are different.

Just before the call:
```
14:26:16.955 0x7ffe8c008500            j9vm.802      - (obj=00007FFFEE14B180) jimmyk InflatedPath VMThread=00007FFE8C008500 owner=00007FFE8C005C20 OSThread=00007FFE8C005C20
```
At the start of `omrthread_monitor_exit`, owner is `monitor->owner` and is still `0x7FFE8C005C20`.
```
(gdb) x/1xg $r3+8
0x7ffef0005810: 0x00007ffe8c005c20
```
At the comparison point:
```
(gdb) p/x $r9
$6 = 0x7ffe8c005c20
(gdb) p/x $r3
$7 = 0x7ffe8c00e768
```
`$r9` has `0x7ffe8c005c20` which is `monitor->owner`.
`$r3` has `0x7ffe8c00e768` which is `self`. This is the exact same `self` as the first pass through but it doesn't match `monitor->owner` anymore.
Since they don't match, `J9THREAD_ILLEGAL_MONITOR_STATE` is returned from `omrthread_monitor_exit`.

**Comment by zl-wang** [comment]
looks like exactly what i suspected above

**Comment by zl-wang** [comment]
possible fix:  virtual-thread scheduler needs to honour the scheduling affinity (sticking to one pthread as its carrier), especially when there are outstanding locks (no matter native pthread_mutex or java monitor) being held at the time.

**Comment by tajila** [comment]
>  given the monitor inflated already (using underlying pthread_mutex). i have no doubt pthread_mutex is stateful with owner (pthread) info etc. when the monitor holder virtual-thread is unmounted from one pthread and remounted to another different pthread, isn't it expected to run into failures (reflected as OpenJ9 IllegalMonitorState) when trying to monitorExit?

> possible fix: virtual-thread scheduler needs to honour the scheduling affinity (sticking to one pthread as its carrier), especially when there are outstanding locks (no matter native pthread_mutex or java monitor) being held at the time.

When a vthread is unmounted all monitors are first inflated, then they are assigned to `J9_OBJECT_MONITOR_OWNER_DETACHED`. When the vthread is mounted it is assigned to its current omrThread. So there is no expectation that a vthread will be mounted to the same carrier thread the next time.

This should work so long as we are able to find all the owned monitors when unmounting. Currently, we rely on a stack walk to find all monitors.

**Comment by zl-wang** [comment]
> When a vthread is unmounted all monitors are first inflated, then they are assigned to J9_OBJECT_MONITOR_OWNER_DETACHED. When the vthread is mounted it is assigned to its current omrThread.

but you didn't/cannot change (as a result of inflation) the native pthread_mutex states, did you?  user's own states (J9ObjectMonitor etc) don't withstand.

**Comment by tajila** [comment]
> but you didn't/cannot change (as a result of inflation) the native pthread_mutex states, did you? user's own states (J9ObjectMonitor etc) don't withstand.

Not sure I follow.

Any state in the omr_monitor that references the omrthread is modified so that we can freely move vthreads around.

**Comment by zl-wang** [comment]
> Any state in the omr_monitor that references the omrthread is modified so that we can freely move vthreads around.

omr_monitor is user's own data structure ... whatever you changed there don't matter for pthread_mutex states.
something like: `pthread_mutex->owner`     you cannot change to begin with. when VT is restored to run on another pthread, you will run into failures, won't you?

**Comment by zl-wang** [comment]
> we can freely move vthreads around

you cannot. that is exactly the point i tried to make, unless pthread_mutex is stateless.

**Comment by zl-wang** [comment]
higher level:  any pthread private stuffs can suffer the same problem here as well.  imagine: those stuffs were established when VT is running on one pthread;  now trying to look up and get back those stuffs when VT is restored to run on another pthread.

**Comment by zl-wang** [comment]
or, anything with ownership (e.g. pthread_mutex exclusivity) associated with it, will have the problem.
hopefully, i made the point.

**Comment by IBMJimmyk** [comment]
I think a summary of the problem looks like this:

Virtual Thread VT1 is running on carrier thread `A`. Carrier thread `A` is assigned OS thread `A`.

VT1 attempts to lock object `lockCheck`. For simplicty, say the lock is already inflated. The owner for the monitor associated with `lockCheck` is set to VT1's Carrier Thread's OS Thread which is `A`.

VT1 is unmounted in the middle of the critical section. The owner for the monitor associated with `lockCheck` is set to `J9_OBJECT_MONITOR_OWNER_DETACHED`.

VT1 is remounted but now on carrier thread `B`. Carrier thread `B` is assigned OS thread `B`.
The owner for the monitor associated with `lockCheck` is updated to `B` to reflect the current owner of the lock.

VT1 now attempts to exit the monitor.
The owner of the lock is `B`. The OS Thread of the carrier thread for VT1 is also `B`. So this is supposed to work. But, it doesn't.

`omrthread_monitor_exit` is able to read the owner of the monitor. It gets the correct value `B`.
But, `omrthread_monitor_exit` tries to get the OSThread to compare against via `pthread_getspecific`. It isn't passed in or read from the VMThread. This returns a value that is NOT `B`.
This is treated as a mismatch which leads to a `J9THREAD_ILLEGAL_MONITOR_STATE`.
Even for the same key, `pthread_getspecific` can return different values for different threads and this might be a potential cause for the mismatch.

Does this sound about right? One thing I'm not sure of is why this only shows up if the JIT is active. If my description above is accurate, it should be triggered under `Xint` as well.

**Comment by zl-wang** [comment]
re -Xint not triggering ... if you can show two traces of info, we can try to explain further:
1) unmounting and remounting happened, while that java monitor is held;
2) remounting is to a different carrierThread/OSThread/J9VMThread/pthread (they are essentially the same thing);

**Comment by IBMJimmyk** [comment]
I can try getting that and seeing what it says. I tried out the existing trace functions for virtual threads but it's taking a bit of time to figure out which ones are the ones I want.

**Comment by tajila** [comment]
> omr_monitor is user's own data structure ... whatever you changed there don't matter for pthread_mutex states.
something like: pthread_mutex->owner you cannot change to begin with. when VT is restored to run on another pthread, you will run into failures, won't you?

This is not the issue being described in https://github.com/eclipse-openj9/openj9/issues/21890#issuecomment-3008786180 IIUC. Specifically the following issue:

```
$r9 has 0x7ffe8c005c20 which is monitor->owner.
$r3 has 0x7ffe8c00e768 which is self. This is the exact same self as the first pass through but it doesn't match monitor->owner anymore.
Since they don't match, J9THREAD_ILLEGAL_MONITOR_STATE is returned from omrthread_monitor_exit.
```

>  pthread_mutex->owner you cannot change to begin with. 

The owner in this context is `((J9ThreadMonitor *)monitor)->owner` which we have full control of. Which means that the issue above can only be caused by a mismatch in the structure that we control.

The `((J9ThreadMonitor *)monitor)->mutex` which is what I think you are referring to is opaque to us. We cannot modify this as you mentioned but more important we do not rely on any data it contains.

> higher level: any pthread private stuffs can suffer the same problem here as well. imagine: those stuffs were established when VT is running on one pthread; now trying to look up and get back those stuffs when VT is restored to run on another pthread.

There are two variants for `omrthread_monitor_enter/exit` three_tier (default) and legacy version. In three_tier version `monitor->mutex` is not held while in the critical section, it is only held while entering or exiting. This means, that for the purposes of unmounting a vthread, there is no pthread state data associated with the monitor at all, because no pthread_mutex'es are held while the vthread is unmounted.

The legacy version, however, would never work as it uses `monitor->mutex` as a means to control the critical section (similar to what you were describing with https://github.com/eclipse-openj9/openj9/issues/21890#issuecomment-3009269446). This would fail immediately all over the place.

**Comment by zl-wang** [comment]
ok, i was not aware of the underlying change (to not hold pthread_mutex for inflated java monitor). so, this very failure was not failing exactly as i imagined.

but i can see it is related to my larger point:  pthread private stuffs ... namely `pthread_getspecific`.  there must be corresponding `pthread_setspecifc` in the past.  somehow, this set/get pair deviated from the expected 1-to-1 relationship (in this case, logically carrierThread, OSThread, J9VMThread, and pthread should be 1-to-1 all the way through).

**Comment by IBMJimmyk** [comment]
The problem is definitely related to pthreads.

I am now running with this command:
```
java -Xtrace:print={j9vm.800-804} -Xdump:java -Xms256m -Xmx256m -Xjit:"count=0,disableOSR,disableInlineMonEnt,disableInlineMonExit,lastoptindex=0,optlevel=noopt,disableasynccompilation,limit={*ObjectMonitorUsage*EnteringTask.run*}" -Xshareclasses:none -Xnoaot -Xnocompressedrefs -Djdk.virtualThreadScheduler.parallelism=2 -agentpath:/team/jimmyk/Defects/21890-virtualThreads/testimage/jdk-24.0.1plus9-test-image/hotspot/jtreg/native/libObjectMonitorUsage.so ObjectMonitorUsage
```
As before, I am looking at this call:
https://github.com/eclipse-openj9/openj9/blob/5f6a02d9486fa76dd2386800ca414fad63ef5fea/runtime/vm/monhelpers.c#L299

I updated the print statements to include `pthreadID`.

First run, just before the call:
```
16:37:20.416*0x7bf27ca3f400            j9vm.802      - (obj=00007BF27915B180) jimmyk InflatedPath VMThread=00007BF27CA3F400 monitor=00007BF180005A18 owner=00007BF120026A28 OSThread=00007BF120026A28 pthreadID=482ff0a0
```
No problems to begin with. This passes.

Second run, just before the call:
```
16:37:20.416*0x7bf120007500            j9vm.802      - (obj=00007BF27915B180) jimmyk InflatedPath VMThread=00007BF120007500 monitor=00007BF180005A18 owner=00007BF120014D70 OSThread=00007BF120014D70 pthreadID=482ff0a0
```
This leads to an exception being thrown.

The first time though `J9VMThread` is `0x7BF27CA3F400`, the `omrthread_t` (from the `osThread` field) is `0x7BF120026A28`. The pthread is `0x482ff0a0`.
For pthread `0x482ff0a0` if `pthread_getspecific` is called with the `self_ptr` key, it return `0x7BF120026A28`. This is correct so everything is good.

The second time through `J9VMThread` is `0x7BF120007500`, the `omrthread_t` is `0x7BF120014D70`. The pthread is `482ff0a0`.
This means a different virtual thread that has its own `J9VMThread` and `omrthread_t` but running on the same pthread as the first time through.
The same pthread returns the same value when `pthread_getspecific` is called with the `self_ptr` key. So it returns `0x7BF120026A28` again. This is wrong.

As far as I can tell, there is nothing in the code that attempt to change the `self` value associated with a pthread when the virtual thread is different.

As for why this doesn't happen when running under `Xint`. Here is the output from running a few times in a loop:
```
16:40:46.735*0x7abeec9d3800            j9vm.802      - (obj=00007ABEE9660710) jimmyk InflatedPath VMThread=00007ABEEC9D3800 monitor=00007ABE200056A8 owner=00007ABEEC9D0DF0 OSThread=00007ABEEC9D0DF0 pthreadID=823df0a0
16:40:46.735*0x7abdbc007400            j9vm.802      - (obj=00007ABEE9660710) jimmyk InflatedPath VMThread=00007ABDBC007400 monitor=00007ABE200056A8 owner=00007ABEEC9D1368 OSThread=00007ABEEC9D1368 pthreadID=8234f0a0
16:40:46.856*0x7abeec296200            j9vm.802      - (obj=00007ABEE9660710) jimmyk InflatedPath VMThread=00007ABEEC296200 monitor=00007ABE200056A8 owner=00007ABEEC007D30 OSThread=00007ABEEC007D30 pthreadID=f076f0a0
16:40:46.856*0x7abdbc007400            j9vm.802      - (obj=00007ABEE9660710) jimmyk InflatedPath VMThread=00007ABDBC007400 monitor=00007ABE200056A8 owner=00007ABEEC9D1368 OSThread=00007ABEEC9D1368 pthreadID=8234f0a0
16:40:46.856*0x7abeec9d3800            j9vm.802      - (obj=00007ABEE9660710) jimmyk InflatedPath VMThread=00007ABEEC9D3800 monitor=00007ABE200056A8 owner=00007ABEEC9D0DF0 OSThread=00007ABEEC9D0DF0 pthreadID=823df0a0
16:40:47.077*0x7abeec296200            j9vm.802      - (obj=00007ABEE9660710) jimmyk InflatedPath VMThread=00007ABEEC296200 monitor=00007ABE200056A8 owner=00007ABEEC007D30 OSThread=00007ABEEC007D30 pthreadID=f076f0a0
16:40:47.077*0x7abeec9d3800            j9vm.802      - (obj=00007ABEE9660710) jimmyk InflatedPath VMThread=00007ABEEC9D3800 monitor=00007ABE200056A8 owner=00007ABEEC9D0DF0 OSThread=00007ABEEC9D0DF0 pthreadID=823df0a0
16:40:47.077*0x7abdbc007400            j9vm.802      - (obj=00007ABEE9660710) jimmyk InflatedPath VMThread=00007ABDBC007400 monitor=00007ABE200056A8 owner=00007ABEEC9D1368 OSThread=00007ABEEC9D1368 pthreadID=8234f0a0
16:40:47.199*0x7abeec296200            j9vm.802      - (obj=00007ABEE9660710) jimmyk InflatedPath VMThread=00007ABEEC296200 monitor=00007ABE200056A8 owner=00007ABEEC007D30 OSThread=00007ABEEC007D30 pthreadID=f076f0a0
16:40:47.199*0x7abdbc007400            j9vm.802      - (obj=00007ABEE9660710) jimmyk InflatedPath VMThread=00007ABDBC007400 monitor=00007ABE200056A8 owner=00007ABEEC9D1368 OSThread=00007ABEEC9D1368 pthreadID=8234f0a0
16:40:47.199*0x7abeec9d3800            j9vm.802      - (obj=00007ABEE9660710) jimmyk InflatedPath VMThread=00007ABEEC9D3800 monitor=00007ABE200056A8 owner=00007ABEEC9D0DF0 OSThread=00007ABEEC9D0DF0 pthreadID=823df0a0
16:40:47.219*0x7abeec296200            j9vm.802      - (obj=00007ABEE9660710) jimmyk InflatedPath VMThread=00007ABEEC296200 monitor=00007ABE200056A8 owner=00007ABEEC007D30 OSThread=00007ABEEC007D30 pthreadID=f076f0a0
16:40:47.219*0x7abdbc007400            j9vm.802      - (obj=00007ABEE9660710) jimmyk InflatedPath VMThread=00007ABDBC007400 monitor=00007ABE200056A8 owner=00007ABEEC9D1368 OSThread=00007ABEEC9D1368 pthreadID=8234f0a0
16:40:47.219*0x7abeec9d3800            j9vm.802      - (obj=00007ABEE9660710) jimmyk InflatedPath VMThread=00007ABEEC9D3800 monitor=00007ABE200056A8 owner=00007ABEEC9D0DF0 OSThread=00007ABEEC9D0DF0 pthreadID=823df0a0
16:40:47.441*0x7abeec296200            j9vm.802      - (obj=00007ABEE9660710) jimmyk InflatedPath VMThread=00007ABEEC296200 monitor=00007ABE200056A8 owner=00007ABEEC007D30 OSThread=00007ABEEC007D30 pthreadID=f076f0a0
16:40:47.441*0x7abeec9d3800            j9vm.802      - (obj=00007ABEE9660710) jimmyk InflatedPath VMThread=00007ABEEC9D3800 monitor=00007ABE200056A8 owner=00007ABEEC9D0DF0 OSThread=00007ABEEC9D0DF0 pthreadID=823df0a0
16:40:47.441*0x7abdbc007400            j9vm.802      - (obj=00007ABEE9660710) jimmyk InflatedPath VMThread=00007ABDBC007400 monitor=00007ABE200056A8 owner=00007ABEEC9D1368 OSThread=00007ABEEC9D1368 pthreadID=8234f0a0
16:40:47.443*0x7abeec296200            j9vm.802      - (obj=00007ABEE96584E0) jimmyk InflatedPath VMThread=00007ABEEC296200 monitor=00007ABE20005B78 owner=00007ABEEC007D30 OSThread=00007ABEEC007D30 pthreadID=f076f0a0
```

It's hard to tell just by staring at it but the same `pthreadID` is never used for a different `VMThread`. Since that doesn't happen, the problem is never triggered.

If different virtual threads with different `J9VMThread`/`omrthread_t` can be assigned to the same pthread, `MACRO_SELF()` can't be used to get the `omrthread_t` since that uses `pthread_getspecific` it will return the wrong result.
For this specific case, the call was here:
https://github.com/eclipse-omr/omr/blob/ba6204884ecdc0f486bd9718cb7c4b151f4d0a2a/thread/common/omrthread.c#L4267

**Comment by tajila** [comment]
> If different virtual threads with different J9VMThread/omrthread_t can be assigned to the same pthread, MACRO_SELF() can't be used to get the omrthread_t since that uses pthread_getspecific it will return the wrong result.
For this specific case, the call was here:

By design there is a 1-to-1-to-1 relationship between J9VMThread, omrthread_t and pthread. And this doesn't change throughout the lifetime of the J9VMThread. The virtual thread implementation does not directly interact with anything below the omthread_t abstraction.

> The second time through J9VMThread is 0x7BF120007500, the omrthread_t is 0x7BF120014D70. The pthread is 482ff0a0.
This means a different virtual thread that has its own J9VMThread and omrthread_t but running on the same pthread as the first time through.

If you look at the ((J9Thread *)omrThread)->handle, does this change as well?

**Comment by IBMJimmyk** [comment]
```
18:46:13.597*0x7d496ca3c000            j9vm.802      - (obj=00007D496A06B180) jimmyk InflatedPath VMThread=00007D496CA3C000 monitor=00007D486C005808 owner=00007D4808027A38 OSThread=00007D4808027A38 pthreadID=20cff0a0 handle=20cff0a0

18:46:13.597*0x7d4808007500            j9vm.802      - (obj=00007D496A06B180) jimmyk InflatedPath VMThread=00007D4808007500 monitor=00007D486C005808 owner=00007D4808014D30 OSThread=00007D4808014D30 pthreadID=20cff0a0 handle=20c6f0a0
```
In the passing first run pthreadid and handle are both `0x20cff0a0`.
In the failing second run pthreadid does not change but handle changes to `0x20c6f0a0`.

**Comment by tajila** [comment]
`handle` and `pthreadID` should always be the same.

**Comment by tajila** [comment]
> I updated the print statements to include pthreadID.

how are you printing the pthread ID?

**Comment by IBMJimmyk** [comment]
My tracing statements look like this:
```
                size_t pthreadID = (size_t)pthread_self();
                omrthread_t saveOSThread = vmStruct->osThread;
                OSTHREAD saveOSThread2 = saveOSThread->handle;
                Trc_VM_jimmyk_objectMonitorExit_InflatedPath(vmStruct, object, vmStruct, monitor, monitor->owner, vmStruct->osThread, pthreadID, saveOSThread2);
                rc = omrthread_monitor_exit((omrthread_monitor_t)monitor);
                Trc_VM_jimmyk_objectMonitorExit_rcCheck(vmStruct, object, vmStruct, monitor, rc);
```

**Comment by IBMJimmyk** [comment]
I think I'm seeing two threads with the same pthread id?

I'm in GDB and stopped in JIT'd code here:
```
   0x00007fffc62400f0:  bl      0x7fffc643f100 //---> call jitMonitorEntry
   0x00007fffc62400f4:  std     r31,40(r14)
   0x00007fffc62400f8:  ld      r4,48(r14)
   0x00007fffc62400fc:  tdeqi   r4,0
   0x00007fffc6240100:  ori     r3,r15,0
   0x00007fffc6240104:  ld      r12,936(r16)
=> 0x00007fffc6240108:  bl      0x7fffc643f140 //---> call jitMonitorExit
```
This is the second time through so this test is about to hang/assert. Currently Thread 85 is running the JIT code.

```
(gdb) info threads
  Id   Target Id                                             Frame
...
  84   Thread 0x7fff367cf0a0 (LWP 1544312) "ForkJoinPool-1-" __futex_abstimed_wait_common64 (private=<optimized out>, cancel=true, abstime=0x0, op=<optimized out>, expected=<optimized out>, futex_word=0x7ffe94027ed4) at futex-internal.c:57
* 85   Thread 0x7fff367cf0a0 (LWP 1544317) "ForkJoinPool-1-" 0x00007fffc6240108 in ?? ()
```
Thread 84 and 85 are both have the ID `0x7fff367cf0a0`

Stepping back a bit, this was from the first good iteration. This was Thread 84. pthreadID, handle and the Thread from gdb's output all match at `0x7fff367cf0a0`.
```
20:53:23.265 0x7ffff0a3d000            j9vm.802      - (obj=00007FFFEE14B180) jimmyk InflatedPath VMThread=00007FFFF0A3D000 monitor=00007FFEE80058B8 owner=00007FFE94027A38 OSThread=00007FFE94027A38 pthreadID=00007FFF367CF0A0 handle=00007FFF367CF0A0
```

I let the program run and it fails. This was Thread 85. pThreadID and gdb both say `0x7fff367cf0a0`. `handle` says `0x7FFF3673F0A0`.
```
20:59:53.211*0x7ffe94007500            j9vm.802      - (obj=00007FFFEE14B180) jimmyk InflatedPath VMThread=00007FFE94007500 monitor=00007FFEE80058B8 owner=00007FFE94014D70 OSThread=00007FFE94014D70 pthreadID=00007FFF367CF0A0 handle=00007FFF3673F0A0
```

I'm not sure where `handle` gets that number from.
`pthread_self` is supposed to return a unique id for each thread. I don't understand why Thread 84 and Thread 85 both have the same ID.

Any thoughts?

**Comment by IBMJimmyk** [comment]
At a breakpoint just before both thread enter `jitMonitorEntry`
```
(gdb) info threads
  Id   Target Id                                             Frame
...
* 84   Thread 0x7fff367cf0a0 (LWP 1553336) "ForkJoinPool-1-" 0x00007fffc62400f0 in ?? ()
```
I let the program continue. 1 thread acquires the lock and enters the critical region and hits a breakpoint just after returning to JIT code after calling `jitMonitorEntry`. During this time Thread 85 is created:
```
[New Thread 0x7fff3673f0a0 (LWP 1553360)]

(gdb) info threads
  Id   Target Id                                             Frame
...
* 84   Thread 0x7fff367cf0a0 (LWP 1553336) "ForkJoinPool-1-" 0x00007fffc62400f4 in ?? ()
  85   Thread 0x7fff3673f0a0 (LWP 1553360) "VirtualThread-u" clone () at ../sysdeps/unix/sysv/linux/powerpc/powerpc64/clone.S:86
```
Note that the Thread ID of Thread 85 is currently different than Thread 84.

Program continues and releases the lock:
```
14:05:39.992*0x7ffff0a1c800            j9vm.802      - (obj=00007FFFEE14B180) jimmyk InflatedPath VMThread=00007FFFF0A1C800 monitor=00007FFEE8005A18 owner=00007FFE940505D8 OSThread=00007FFE940505D8 pthreadID=00007FFF367CF0A0 handle=00007FFF367CF0A0
14:05:39.992 0x7ffff0a1c800            j9vm.804      - (obj=00007FFFEE14B180) jimmyk monexit rcCheck VMThread=00007FFFF0A1C800 monitor=00007FFEE8005A18 rc=0
```
At this point, Thread 84 and Thread 85 still have different ids. But thread 85 was renamed to "ForkJoinPool-1-" from "VirtualThread-u".
```
(gdb) info threads
  Id   Target Id                                             Frame
...
* 84   Thread 0x7fff367cf0a0 (LWP 1553336) "ForkJoinPool-1-" 0x00007fffc624010c in ?? ()
  85   Thread 0x7fff3673f0a0 (LWP 1553360) "ForkJoinPool-1-" __futex_abstimed_wait_common64 (private=<optimized out>, cancel=true, abstime=0x0, op=<optimized out>, expected=<optimized out>, futex_word=0x7ffe9400408c) at futex-internal.c:57
```
The program continues and now the second thread acquires the lock and enters the critical region.
```
[Switching to Thread 0x7fff367cf0a0 (LWP 1553360)]

(gdb) info threads
  Id   Target Id                                             Frame
...
  84   Thread 0x7fff367cf0a0 (LWP 1553336) "ForkJoinPool-1-" __futex_abstimed_wait_common64 (private=<optimized out>, cancel=true, abstime=0x0, op=<optimized out>, expected=<optimized out>, futex_word=0x7ffe94050a70) at futex-internal.c:57
* 85   Thread 0x7fff367cf0a0 (LWP 1553360) "ForkJoinPool-1-" 0x00007fffc62400f4 in ?? ()
```
The ID of the thread being switch to is `0x7fff367cf0a0` which is the thread ID for Thread 84. But, it actually switches to Thread 85. The Thread ID of Thread 85 has now changed to be the same as for Thread 84.

Continuing on, we are on the second time through so it will error out on monexit
```
14:11:51.752*0x7ffe94016500            j9vm.802      - (obj=00007FFFEE14B180) jimmyk InflatedPath VMThread=00007FFE94016500 monitor=00007FFEE8005A18 owner=00007FFE94003BF0 OSThread=00007FFE94003BF0 pthreadID=00007FFF367CF0A0 handle=00007FFF3673F0A0
14:11:51.752 0x7ffe94016500            j9vm.804      - (obj=00007FFFEE14B180) jimmyk monexit rcCheck VMThread=00007FFE94016500 monitor=00007FFEE8005A18 rc=1
14:11:51.752 0x7ffff0a1c800    j9vm.227    *   ** ASSERTION FAILED ** at /root/hostdir/openj9-openjdk-jdk24/openj9/runtime/vm/classsupport.c:1295: ((vmThread)->publicFlags & J9_PUBLIC_FLAGS_VM_ACCESS)
```
`handle` has the thread id for Thread 85 at the time it was created. But, the Thread ID for thread 85 changed somehow so it fell out of sync.

**Comment by tajila** [comment]
> I'm not sure where handle gets that number from.
pthread_self is supposed to return a unique id for each thread. I don't understand why Thread 84 and Thread 85 both have the same ID.

> Any thoughts?

Are you able to dump the assembly implementation of `pthread_self`? Im wondering if there is some sort of caching that the implementation relies on.

**Comment by IBMJimmyk** [comment]
`pthread_self` looks like this:
```
(gdb) disas pthread_self
Dump of assembler code for function __GI___pthread_self:
   0x00007ffff7cf0270 <+0>:     addi    r3,r13,-30784
   0x00007ffff7cf0274 <+4>:     blr
```
Maybe `r13` is not being saved/restored properly. I'll need to double check, but I don't see it getting restored at the place where all the other preserved registers are.

**Comment by tajila** [comment]
Here is the pthread_self implementation, https://sourceware.org/git/?p=glibc.git;a=blob;f=nptl/pthread_self.c

```
pthread_t
 __pthread_self (void)
{
    return (pthread_t) THREAD_SELF;
}
```

https://sourceware.org/git/?p=glibc.git;a=blob;f=sysdeps/powerpc/nptl/tls.h

```
/* Return the thread descriptor for the current thread.  */
# define THREAD_SELF \
    ((struct pthread *) (__thread_register \
     - TLS_TCB_OFFSET - TLS_PRE_TCB_SIZE))
```

```
#ifdef __powerpc64__
register void *__thread_register asm ("r13");
#else
register void *__thread_register asm ("r2");
#endif
```



So perhaps its being cached in `__thread_register `

**Comment by tajila** [comment]
> Maybe r13 is not being saved/restored properly. I'll need to double check, but I don't see it getting restored at the place where all the other preserved registers are.

Actually, this makes sense. When a virtualThread is unmounted, we save the entire register state (including r13) and then we restore that state on the next carrier thread that its mounted on. I guess this means we should never touch r13?

**Comment by tajila** [comment]
Here is the non-volatile save on PPC

```
define({SAVE_C_NONVOLATILE_REGS},{
	SAVE_R13
	SAVE_R15
	staddr r16,JIT_GPR_SAVE_SLOT(16)
	staddr r17,JIT_GPR_SAVE_SLOT(17)
	staddr r18,JIT_GPR_SAVE_SLOT(18)
	staddr r19,JIT_GPR_SAVE_SLOT(19)
	staddr r20,JIT_GPR_SAVE_SLOT(20)
	staddr r21,JIT_GPR_SAVE_SLOT(21)
	staddr r22,JIT_GPR_SAVE_SLOT(22)
	staddr r23,JIT_GPR_SAVE_SLOT(23)
	staddr r24,JIT_GPR_SAVE_SLOT(24)
	staddr r25,JIT_GPR_SAVE_SLOT(25)
	staddr r26,JIT_GPR_SAVE_SLOT(26)
	staddr r27,JIT_GPR_SAVE_SLOT(27)
	staddr r28,JIT_GPR_SAVE_SLOT(28)
	SAVE_R29_FOR_ALL
	staddr r30,JIT_GPR_SAVE_SLOT(30)
	staddr r31,JIT_GPR_SAVE_SLOT(31)
})
```

**Comment by tajila** [comment]
I guess we can make an exception on Linux PPCLE64 to not overwrite r13 when doing a continuation swap. This can be done outside the JIT helper assembly macros.

**Comment by tajila** [comment]
Thoughts @zl-wang @gacholio

**Comment by zl-wang** [comment]
@tajila  r13 should never be touched in 64bit PPC ABIs (32bit is fine) both AIX and Linux.

**Comment by IBMJimmyk** [comment]
After the second thread is trying to return to the JIT after acquiring the lock:
```
=> 0x00007ffff6d2c91c <jitExitInterpreter0RestoreAll+540>:      ld      r13,392(r1)
   0x00007ffff6d2c920 <jitExitInterpreter0RestoreAll+544>:      ld      r16,416(r1)
   0x00007ffff6d2c924 <jitExitInterpreter0RestoreAll+548>:      ld      r17,424(r1)
   0x00007ffff6d2c928 <jitExitInterpreter0RestoreAll+552>:      ld      r18,432(r1)
   0x00007ffff6d2c92c <jitExitInterpreter0RestoreAll+556>:      ld      r19,440(r1)
   0x00007ffff6d2c930 <jitExitInterpreter0RestoreAll+560>:      ld      r20,448(r1)
   0x00007ffff6d2c934 <jitExitInterpreter0RestoreAll+564>:      ld      r21,456(r1)
   0x00007ffff6d2c938 <jitExitInterpreter0RestoreAll+568>:      ld      r22,464(r1)
   0x00007ffff6d2c93c <jitExitInterpreter0RestoreAll+572>:      ld      r23,472(r1)
   0x00007ffff6d2c940 <jitExitInterpreter0RestoreAll+576>:      ld      r24,480(r1)
   0x00007ffff6d2c944 <jitExitInterpreter0RestoreAll+580>:      ld      r25,488(r1)
   0x00007ffff6d2c948 <jitExitInterpreter0RestoreAll+584>:      ld      r26,496(r1)
   0x00007ffff6d2c94c <jitExitInterpreter0RestoreAll+588>:      ld      r27,504(r1)
   0x00007ffff6d2c950 <jitExitInterpreter0RestoreAll+592>:      ld      r28,512(r1)
   0x00007ffff6d2c954 <jitExitInterpreter0RestoreAll+596>:      ld      r29,520(r1)
   0x00007ffff6d2c958 <jitExitInterpreter0RestoreAll+600>:      ld      r30,528(r1)
   0x00007ffff6d2c95c <jitExitInterpreter0RestoreAll+604>:      ld      r31,536(r1)
   0x00007ffff6d2c960 <jitExitInterpreter0RestoreAll+608>:      ld      r0,256(r15)
   0x00007ffff6d2c964 <jitExitInterpreter0RestoreAll+612>:      mtctr   r0
   0x00007ffff6d2c968 <jitExitInterpreter0RestoreAll+616>:      bctr
```
Before:
```
(gdb) p/x $r13-30784
$15 = 0x7fff3673f0a0
```
After:
```
(gdb) p/x $r13-30784
$16 = 0x7fff367cf0a0

  84   Thread 0x7fff367cf0a0 (LWP 1554793) "ForkJoinPool-1-" __futex_abstimed_wait_common64 (private=<optimized out>, cancel=true, abstime=0x0, op=<optimized out>, expected=<optimized out>, futex_word=0x7ffe9404efb0) at futex-internal.c:57
* 85   Thread 0x7fff367cf0a0 (LWP 1554796) "ForkJoinPool-1-" jitExitInterpreter0RestoreAll () at /root/hostdir/openj9-openjdk-jdk24/build/linux-ppc64le-server-release/vm/runtime/codert_vm/pnathelp.s:34230
```
At the failing point:
```
15:28:37.832*0x7ffe94008500            j9vm.802      - (obj=00007FFFEE14B180) jimmyk InflatedPath VMThread=00007FFE94008500 monitor=00007FFEE80058B8 owner=00007FFE94005C20 OSThread=00007FFE94005C20 pthreadID=00007FFF367CF0A0 handle=00007FFF3673F0A0
15:28:37.832 0x7ffe94008500            j9vm.804      - (obj=00007FFFEE14B180) jimmyk monexit rcCheck VMThread=00007FFE94008500 monitor=00007FFEE80058B8 rc=1
15:28:37.833 0x7ffff0a1d100    j9vm.227    *   ** ASSERTION FAILED ** at /root/hostdir/openj9-openjdk-jdk24/openj9/runtime/vm/classsupport.c:1295: ((vmThread)->publicFlags & J9_PUBLIC_FLAGS_VM_ACCESS)
```
Old `r13` matches `handle` which is the right answer. It get clobbered to the wrong value. So this does appear to be the problem.

**Comment by tajila** [comment]
> @tajila r13 should never be touched in 64bit PPC ABIs (32bit is fine) both AIX and Linux.

I assume the same goes for r2 on 32bit platforms?

**Comment by zl-wang** [comment]
r2 cannot be touched for 32bit Linux only (AIX has been ok)

**Comment by tajila** [comment]
Okay, Ill make a patch to try this out. 

Thanks for your investigation @IBMJimmyk

**Comment by IBMJimmyk** [comment]
One question I have. Is there a reason `r13` was being saved and restored in the first place?:
https://github.com/eclipse-openj9/openj9/blob/8cda33821b4670c1e1c86642656226dc66da06cc/runtime/oti/phelpers.m4#L435-L436

Those lines have been in the code for years. Is there a reason why that was being done?

**Comment by IBMJimmyk** [comment]
I tried a quick change and the test looks to pass now.

Code change:
```
diff --git a/runtime/oti/phelpers.m4 b/runtime/oti/phelpers.m4
index 6398c84104..436958de45 100644
--- a/runtime/oti/phelpers.m4
+++ b/runtime/oti/phelpers.m4
@@ -432,8 +432,10 @@ define({RESTORE_CR},{

 ifdef({ASM_J9VM_ENV_DATA64},{

-define({SAVE_R13},{staddr r13,JIT_GPR_SAVE_SLOT(13)})
-define({RESTORE_R13},{laddr r13,JIT_GPR_SAVE_SLOT(13)})
+dnl define({SAVE_R13},{staddr r13,JIT_GPR_SAVE_SLOT(13)})
+dnl define({RESTORE_R13},{laddr r13,JIT_GPR_SAVE_SLOT(13)})
+define({SAVE_R13})
+define({RESTORE_R13})
 define({SAVE_R15})
 define({RESTORE_R15})
```

Command:
```
java -Xdump:none -Xms256m -Xmx256m -Xjit:"count=0,disableOSR,disableInlineMonEnt,disableInlineMonExit,lastoptindex=0,optlevel=noopt,disableasynccompilation,limit={*ObjectMonitorUsage*EnteringTask.run*}" -Xshareclasses:none -Xnoaot -Xnocompressedrefs -Djdk.virtualThreadScheduler.parallelism=2 -agentpath:/team/jimmyk/Defects/21890-virtualThreads/testimage/jdk-24.0.1plus9-test-image/hotspot/jtreg/native/libObjectMonitorUsage.so ObjectMonitorUsage
```

Test passed 10/10 times. It used to fail 100% of the time.

**Comment by tajila** [comment]
> Those lines have been in the code for years. Is there a reason why that was being done?

Not sure, @gacholio would know. Id like to avoid touching that path as there may be some unforeseen consequneces.

**Comment by gacholio** [comment]
I named the macros somewhat poorly - the intent is that the named register is saved/restored only if it does not represent the J9VMThread.

As this is a 64-bit PPC platform, r15 is the J9VMThread, so why should r13 not be saved and restored in this case?

**Comment by gacholio** [comment]
@tajila has explained the pthread issue to me. If we can confirm the JIT does not use r13 on PPC64 then we should simply remove all the calls and definitions of the r13-related macros.

**Comment by gacholio** [comment]
I would be tempted to rename the r15 macros in the same change - e.g. SAVE_R15_IF_NOT_VMTHREAD

**Comment by tajila** [comment]
@zl-wang thoughts on above?

**Comment by zl-wang** [comment]
@gacholio  in 64bit ABI(s), r13 is a system **reserved**  register, while r15 is only a **preserved** register. r13 certainly cannot be modified. in reality, r13 points to a system thread-private area of data. in the past, you can get away with restoring r13, because java thread was hard-bonded with pthread.

**Comment by tajila** [comment]
In that case lets go with @IBMJimmyk solution

**Comment by gacholio** [comment]
I think we have another issue in the C interpreter wrapper - if checks if SAVE_R13 is defined and saves/restores it if it is. I don't think an empty macro definition counts as undefined, so this needs to be changed to check for 32/64-bit.

**Comment by gacholio** [comment]
My changes do not work on AIX64 - looking into it.

**Comment by gacholio** [comment]
Looks like r13 is reserved only on LinuxPPC64. We save/restore it in the C interpreter wrapper on LinuxPPC32 and AIX32/64.

**Comment by zl-wang** [comment]
no.  r13 is a reserved register in all 64bit ABIs (both AIX and Linux BE or LE).  it is not a reserved register but a regular preserved register in all 32bit ABIs.

**Comment by gacholio** [comment]
I'll check more carefully, but I believe we are saving/restoring it on AIX32/64, which was harmless before virtual threads. The fact that AIX64 was failing when I blanketly removed it is odd.

**Comment by zl-wang** [comment]
on Linux64, it points to something called TCB (i believed, Thread Control Block). on AIX64, it anchors something similar but with a different name (PPA? Processor Private Area or something like that).

**Comment by gacholio** [comment]
@zl-wang If I stop preserving R13 on entry to the C interpreter wrapper for all PPC64, AIX64 fails all over the place.

**Comment by gacholio** [comment]
Thinking about this a bit more, I don't think the C interpreter wrapper will be an issue - if R13 is preserved, it's placed in the C stack, not the java stack, so it's not subject to the vthread context switching issue. The restored value will be correct for the underlying native thread.

**Comment by zl-wang** [comment]
> The restored value will be correct for the underlying native thread.

that is reasonable to some extent (especially for Linux).  however, on AIX64, r13 played different roles in different processor modes.  in user mode, r13 points to thread private data (per-thread global variables); in kernel mode, it points to the thread control block (like ublock but per kernel thread ... very similar to Linux TCB).  I am not sure though whether pthread-lib itself can change user-mode value of r13 in strict sense, but i suspected (very likely) values anchored/iceberged/found-from by user-mode r13 can change as the pthread progressed.  i have mentioned before ... what kinds of pthread private/specific stuffs left behind between vthread switching, unless we are sure there is no such stuffs created during vthread running or these creations are useful/applicable to all vthread(s).  in theory, if this were a problem, it would have been across platforms (i.e. states left behind).

**Comment by gacholio** [comment]
During the run of the C interpreter, the mounted vthread can change, but that does not affect the magic values in R13 (after the fix above).

If R13 can be changed by OS calls, etc during the run of the C interpreter, then the save/restore is incorrect.

It's possible that my change to make R13 reserved on all 64-bit is incorrect, but that seems unlikely (either we continue saving R13 or we don't, as intended): https://github.com/eclipse-openj9/openj9/commit/04b2450c70a82ecf6eab3eeeff1372866a8a8b60

**Comment by gacholio** [comment]
I think it very unlikely that there's a problem in the C interpreter wrapper (it would have already showed up, vthreads really don't affect this). As such, if my PR is merged, I'll consider this closed.

**Comment by tajila** [comment]
@JasonFengJ9 Please unexclude the relevant tests
