### ISSUE TITLE
JDK24: VT: Hang in MiscMonitorTests$TestReleaseOnYield

### ISSUE THREAD

**Issue by tajila** [eclipse-openj9/openj9#22218]
https://hyc-runtimes-jenkins.swg-devops.com/job/Grinder/52603/consoleFull

```
08:56:05  ACTION: junit -- Error. Program `/home/jenkins/workspace/Grinder/jdkbinary/j2sdk-image/bin/java' timed out (timeout set to 960000ms, elapsed time including timeout handling was 970741ms).
08:56:05  REASON: User specified action: run junit/othervm MiscMonitorTests 
08:56:05  TIME:   970.885 seconds
08:56:05  messages:
08:56:05  command: junit MiscMonitorTests
08:56:05  reason: User specified action: run junit/othervm MiscMonitorTests 
08:56:05  started: Fri Jul 11 05:39:51 PDT 2025
08:56:05  Mode: othervm [/othervm specified]
08:56:05  Additional options from @modules: --add-modules java.base --add-exports java.base/java.lang=ALL-UNNAMED --add-opens java.base/java.lang=ALL-UNNAMED
08:56:05  Timeout information:
08:56:05  Running jcmd on process 2478654
08:56:05  Dump written to /home/jenkins/workspace/Grinder/aqa-tests/TKG/output_17522357873102/jdk_lang_0/work/scratch/2/core.20250711.055553.2478654.0001.dmp
08:56:05  Dump written to /home/jenkins/workspace/Grinder/aqa-tests/TKG/output_17522357873102/jdk_lang_0/work/scratch/2/javacore.20250711.055559.2478654.0002.txt
08:56:05  Running jstack on process 2478654
08:56:05  2025-07-11T05:56:01.102830715
08:56:05  Virtual machine: 2478654 JVM information:
08:56:05  JRE 24 Linux amd64-64-Bit Compressed References 20250711_107 (JIT enabled, AOT enabled)
08:56:05  OpenJ9   - f8bcc26f48
08:56:05  OMR      - e257902a9
08:56:05  JCL      - 7a63615ce based on jdk-24.0.1+9
08:56:05  
08:56:05  "main" prio=5 Id=2 WAITING
08:56:05  	at java.base@24.0.1-beta/java.lang.Object.waitImpl(Native Method)
08:56:05  	at java.base@24.0.1-beta/java.lang.Object.wait(Object.java:255)
08:56:05  	at java.base@24.0.1-beta/java.lang.Object.wait(Object.java:219)
08:56:05  	at java.base@24.0.1-beta/java.lang.Thread.join(Thread.java:1901)
08:56:05  	at java.base@24.0.1-beta/java.lang.Thread.join(Thread.java:1977)
08:56:05  	at app//com.sun.javatest.regtest.agent.MainWrapper.main(MainWrapper.java:85)
08:56:05  
08:56:05  "JIT Compilation Thread-000" prio=10 Id=4 RUNNABLE
08:56:05  
08:56:05  "JIT Compilation Thread-001 Suspended" prio=10 Id=5 RUNNABLE
08:56:05  
08:56:05  "JIT Compilation Thread-002 Suspended" prio=10 Id=6 RUNNABLE
08:56:05  
08:56:05  "JIT Compilation Thread-003 Suspended" prio=10 Id=7 RUNNABLE
08:56:05  
08:56:05  "JIT Compilation Thread-004 Suspended" prio=10 Id=8 RUNNABLE
08:56:05  
08:56:05  "JIT Compilation Thread-005 Suspended" prio=10 Id=9 RUNNABLE
08:56:05  
08:56:05  "JIT Compilation Thread-006 Suspended" prio=10 Id=10 RUNNABLE
08:56:05  
08:56:05  "JIT Diagnostic Compilation Thread-007 Suspended" prio=10 Id=11 RUNNABLE
08:56:05  
08:56:05  "JIT-SamplerThread" prio=10 Id=12 TIMED_WAITING
08:56:05  
08:56:05  "IProfiler" prio=5 Id=13 RUNNABLE
08:56:05  
08:56:05  "Common-Cleaner" prio=8 Id=3 TIMED_WAITING
08:56:05  	at java.base@24.0.1-beta/java.lang.Object.waitImpl(Native Method)
08:56:05  	at java.base@24.0.1-beta/java.lang.Object.wait(Object.java:255)
08:56:05  	at java.base@24.0.1-beta/java.lang.Object.wait(Object.java:219)
08:56:05  	at java.base@24.0.1-beta/java.lang.ref.ReferenceQueue.remove(ReferenceQueue.java:151)
08:56:05  	at java.base@24.0.1-beta/jdk.internal.ref.CleanerImpl.run(CleanerImpl.java:148)
08:56:05  	at java.base@24.0.1-beta/java.lang.Thread.run(Thread.java:1458)
08:56:05  	at java.base@24.0.1-beta/jdk.internal.misc.InnocuousThread.run(InnocuousThread.java:148)
08:56:05  
08:56:05  "Finalizer thread" prio=5 Id=14 RUNNABLE
08:56:05  
08:56:05  "Concurrent Mark Helper" prio=1 Id=15 RUNNABLE
08:56:05  
08:56:05  "GC Worker" prio=5 Id=16 RUNNABLE
08:56:05  
08:56:05  "GC Worker" prio=5 Id=17 RUNNABLE
08:56:05  
08:56:05  "GC Worker" prio=5 Id=18 RUNNABLE
08:56:05  
08:56:05  "Attach API update file access time" prio=5 Id=21 TIMED_WAITING
08:56:05  	at java.base@24.0.1-beta/java.lang.Thread.sleepImpl(Native Method)
08:56:05  	at java.base@24.0.1-beta/java.lang.Thread.sleepNanos(Thread.java:488)
08:56:05  	at java.base@24.0.1-beta/java.lang.Thread.sleep(Thread.java:519)
08:56:05  	at java.base@24.0.1-beta/openj9.internal.tools.attach.target.AttachHandler$1.run(AttachHandler.java:348)
08:56:05  
08:56:05  "Attach API wait loop" prio=10 Id=22 RUNNABLE
08:56:05  	at java.base@24.0.1-beta/openj9.internal.tools.attach.target.IPC.waitSemaphore(Native Method)
08:56:05  	at java.base@24.0.1-beta/openj9.internal.tools.attach.target.CommonDirectory.waitSemaphore(CommonDirectory.java:264)
08:56:05  	at java.base@24.0.1-beta/openj9.internal.tools.attach.target.WaitLoop.waitForNotification(WaitLoop.java:66)
08:56:05  	at java.base@24.0.1-beta/openj9.internal.tools.attach.target.WaitLoop.run(WaitLoop.java:157)
08:56:05  
08:56:05  "MainThread" prio=5 Id=23 WAITING
08:56:05  	at java.base@24.0.1-beta/jdk.internal.misc.Unsafe.park(Native Method)
08:56:05  	at java.base@24.0.1-beta/java.util.concurrent.locks.LockSupport.park(LockSupport.java:223)
08:56:05  	at java.base@24.0.1-beta/java.util.concurrent.locks.AbstractQueuedSynchronizer.acquire(AbstractQueuedSynchronizer.java:789)
08:56:05  	at java.base@24.0.1-beta/java.util.concurrent.locks.AbstractQueuedSynchronizer.acquireSharedInterruptibly(AbstractQueuedSynchronizer.java:1138)
08:56:05  	at java.base@24.0.1-beta/java.util.concurrent.CountDownLatch.await(CountDownLatch.java:230)
08:56:05  	at java.base@24.0.1-beta/java.lang.VirtualThread.joinNanos(VirtualThread.java:1006)
08:56:05  	at java.base@24.0.1-beta/java.lang.Thread.join(Thread.java:1884)
08:56:05  	at java.base@24.0.1-beta/java.lang.Thread.join(Thread.java:1977)
08:56:05  	at app//MiscMonitorTests$TestBase.joinVThreads(MiscMonitorTests.java:495)
08:56:05  	at app//MiscMonitorTests$TestReleaseOnYield.runTest(MiscMonitorTests.java:113)
08:56:05  	at app//MiscMonitorTests.testReleaseOnYield(MiscMonitorTests.java:92)
08:56:05  	at java.base@24.0.1-beta/jdk.internal.reflect.DirectMethodHandleAccessor.invoke(DirectMethodHandleAccessor.java:104)
08:56:05  	at java.base@24.0.1-beta/java.lang.reflect.Method.invoke(Method.java:571)
08:56:05  	at app//org.junit.platform.commons.util.ReflectionUtils.invokeMethod(ReflectionUtils.java:728)
08:56:05  	at app//org.junit.jupiter.engine.execution.MethodInvocation.proceed(MethodInvocation.java:60)
08:56:05  	at app//org.junit.jupiter.engine.execution.InvocationInterceptorChain$ValidatingInvocation.proceed(InvocationInterceptorChain.java:131)
08:56:05  	at app//org.junit.jupiter.engine.extension.TimeoutExtension.intercept(TimeoutExtension.java:156)
08:56:05  	at app//org.junit.jupiter.engine.extension.TimeoutExtension.interceptTestableMethod(TimeoutExtension.java:147)
08:56:05  	at app//org.junit.jupiter.engine.extension.TimeoutExtension.interceptTestMethod(TimeoutExtension.java:86)
08:56:05  	at app//org.junit.jupiter.engine.execution.InterceptingExecutableInvoker$ReflectiveInterceptorCall.lambda$ofVoidMethod$0(InterceptingExecutableInvoker.java:103)
08:56:05  	at app//org.junit.jupiter.engine.execution.InterceptingExecutableInvoker.lambda$invoke$0(InterceptingExecutableInvoker.java:93)
08:56:05  	at app//org.junit.jupiter.engine.execution.InvocationInterceptorChain$InterceptedInvocation.proceed(InvocationInterceptorChain.java:106)
08:56:05  	at app//org.junit.jupiter.engine.execution.InvocationInterceptorChain.proceed(InvocationInterceptorChain.java:64)
08:56:05  	at app//org.junit.jupiter.engine.execution.InvocationInterceptorChain.chainAndInvoke(InvocationInterceptorChain.java:45)
08:56:05  	at app//org.junit.jupiter.engine.execution.InvocationInterceptorChain.invoke(InvocationInterceptorChain.java:37)
08:56:05  	at app//org.junit.jupiter.engine.execution.InterceptingExecutableInvoker.invoke(InterceptingExecutableInvoker.java:92)
08:56:05  	at app//org.junit.jupiter.engine.execution.InterceptingExecutableInvoker.invoke(InterceptingExecutableInvoker.java:86)
08:56:05  	at app//org.junit.jupiter.engine.descriptor.TestMethodTestDescriptor.lambda$invokeTestMethod$7(TestMethodTestDescriptor.java:218)
08:56:05  	at app//org.junit.platform.engine.support.hierarchical.ThrowableCollector.execute(ThrowableCollector.java:73)
08:56:05  	at app//org.junit.jupiter.engine.descriptor.TestMethodTestDescriptor.invokeTestMethod(TestMethodTestDescriptor.java:214)
08:56:05  	at app//org.junit.jupiter.engine.descriptor.TestMethodTestDescriptor.execute(TestMethodTestDescriptor.java:139)
08:56:05  	at app//org.junit.jupiter.engine.descriptor.TestMethodTestDescriptor.execute(TestMethodTestDescriptor.java:69)
08:56:05  	at app//org.junit.platform.engine.support.hierarchical.NodeTestTask.lambda$executeRecursively$6(NodeTestTask.java:151)
08:56:05  	at app//org.junit.platform.engine.support.hierarchical.ThrowableCollector.execute(ThrowableCollector.java:73)
08:56:05  	at app//org.junit.platform.engine.support.hierarchical.NodeTestTask.lambda$executeRecursively$8(NodeTestTask.java:141)
08:56:05  	at app//org.junit.platform.engine.support.hierarchical.Node.around(Node.java:137)
08:56:05  	at app//org.junit.platform.engine.support.hierarchical.NodeTestTask.lambda$executeRecursively$9(NodeTestTask.java:139)
08:56:05  	at app//org.junit.platform.engine.support.hierarchical.ThrowableCollector.execute(ThrowableCollector.java:73)
08:56:05  	at app//org.junit.platform.engine.support.hierarchical.NodeTestTask.executeRecursively(NodeTestTask.java:138)
08:56:05  	at app//org.junit.platform.engine.support.hierarchical.NodeTestTask.execute(NodeTestTask.java:95)
08:56:05  	at java.base@24.0.1-beta/java.util.ArrayList.forEach(ArrayList.java:1604)
08:56:05  	at app//org.junit.platform.engine.support.hierarchical.SameThreadHierarchicalTestExecutorService.invokeAll(SameThreadHierarchicalTestExecutorService.java:41)
08:56:05  	at app//org.junit.platform.engine.support.hierarchical.NodeTestTask.lambda$executeRecursively$6(NodeTestTask.java:155)
08:56:05  	at app//org.junit.platform.engine.support.hierarchical.ThrowableCollector.execute(ThrowableCollector.java:73)
08:56:05  	at app//org.junit.platform.engine.support.hierarchical.NodeTestTask.lambda$executeRecursively$8(NodeTestTask.java:141)
08:56:05  	at app//org.junit.platform.engine.support.hierarchical.Node.around(Node.java:137)
08:56:05  	at app//org.junit.platform.engine.support.hierarchical.NodeTestTask.lambda$executeRecursively$9(NodeTestTask.java:139)
08:56:05  	at app//org.junit.platform.engine.support.hierarchical.ThrowableCollector.execute(ThrowableCollector.java:73)
08:56:05  	at app//org.junit.platform.engine.support.hierarchical.NodeTestTask.executeRecursively(NodeTestTask.java:138)
08:56:05  	at app//org.junit.platform.engine.support.hierarchical.NodeTestTask.execute(NodeTestTask.java:95)
08:56:05  	at java.base@24.0.1-beta/java.util.ArrayList.forEach(ArrayList.java:1604)
08:56:05  	at app//org.junit.platform.engine.support.hierarchical.SameThreadHierarchicalTestExecutorService.invokeAll(SameThreadHierarchicalTestExecutorService.java:41)
08:56:05  	at app//org.junit.platform.engine.support.hierarchical.NodeTestTask.lambda$executeRecursively$6(NodeTestTask.java:155)
08:56:05  	at app//org.junit.platform.engine.support.hierarchical.ThrowableCollector.execute(ThrowableCollector.java:73)
08:56:05  	at app//org.junit.platform.engine.support.hierarchical.NodeTestTask.lambda$executeRecursively$8(NodeTestTask.java:141)
08:56:05  	at app//org.junit.platform.engine.support.hierarchical.Node.around(Node.java:137)
08:56:05  	at app//org.junit.platform.engine.support.hierarchical.NodeTestTask.lambda$executeRecursively$9(NodeTestTask.java:139)
08:56:05  	at app//org.junit.platform.engine.support.hierarchical.ThrowableCollector.execute(ThrowableCollector.java:73)
08:56:05  	at app//org.junit.platform.engine.support.hierarchical.NodeTestTask.executeRecursively(NodeTestTask.java:138)
08:56:05  	at app//org.junit.platform.engine.support.hierarchical.NodeTestTask.execute(NodeTestTask.java:95)
08:56:05  	at app//org.junit.platform.engine.support.hierarchical.SameThreadHierarchicalTestExecutorService.submit(SameThreadHierarchicalTestExecutorService.java:35)
08:56:05  	at app//org.junit.platform.engine.support.hierarchical.HierarchicalTestExecutor.execute(HierarchicalTestExecutor.java:57)
08:56:05  	at app//org.junit.platform.engine.support.hierarchical.HierarchicalTestEngine.execute(HierarchicalTestEngine.java:54)
08:56:05  	at app//org.junit.platform.launcher.core.EngineExecutionOrchestrator.execute(EngineExecutionOrchestrator.java:198)
08:56:05  	at app//org.junit.platform.launcher.core.EngineExecutionOrchestrator.execute(EngineExecutionOrchestrator.java:169)
08:56:05  	at app//org.junit.platform.launcher.core.EngineExecutionOrchestrator.execute(EngineExecutionOrchestrator.java:93)
08:56:05  	at app//org.junit.platform.launcher.core.EngineExecutionOrchestrator.lambda$execute$0(EngineExecutionOrchestrator.java:58)
08:56:05  	at app//org.junit.platform.launcher.core.EngineExecutionOrchestrator.withInterceptedStreams(EngineExecutionOrchestrator.java:141)
08:56:05  	at app//org.junit.platform.launcher.core.EngineExecutionOrchestrator.execute(EngineExecutionOrchestrator.java:57)
08:56:05  	at app//org.junit.platform.launcher.core.DefaultLauncher.execute(DefaultLauncher.java:103)
08:56:05  	at app//org.junit.platform.launcher.core.DefaultLauncher.execute(DefaultLauncher.java:85)
08:56:05  	at app//org.junit.platform.launcher.core.DelegatingLauncher.execute(DelegatingLauncher.java:47)
08:56:05  	at app//com.sun.javatest.regtest.agent.JUnitRunner.runWithJUnitPlatform(JUnitRunner.java:142)
08:56:05  	at app//com.sun.javatest.regtest.agent.JUnitRunner.main(JUnitRunner.java:95)
08:56:05  	at app//com.sun.javatest.regtest.agent.JUnitRunner.main(JUnitRunner.java:61)
08:56:05  	at java.base@24.0.1-beta/jdk.internal.reflect.DirectMethodHandleAccessor.invoke(DirectMethodHandleAccessor.java:104)
08:56:05  	at java.base@24.0.1-beta/java.lang.reflect.Method.invoke(Method.java:571)
08:56:05  	at app//com.sun.javatest.regtest.agent.MainWrapper$MainTask.run(MainWrapper.java:138)
08:56:05  	at java.base@24.0.1-beta/java.lang.Thread.run(Thread.java:1458)
08:56:05  
08:56:05  "VirtualThread-unblocker" prio=5 Id=25 RUNNABLE
08:56:05  	at java.base@24.0.1-beta/java.lang.VirtualThread.unblockVirtualThreads(VirtualThread.java:1513)
08:56:05  	at java.base@24.0.1-beta/java.lang.Thread.run(Thread.java:1458)
08:56:05  	at java.base@24.0.1-beta/jdk.internal.misc.InnocuousThread.run(InnocuousThread.java:148)
08:56:05  
08:56:05  "pool-1-thread-3" prio=5 Id=30 WAITING
08:56:05  	at java.base@24.0.1-beta/jdk.internal.misc.Unsafe.park(Native Method)
08:56:05  	at java.base@24.0.1-beta/java.util.concurrent.locks.LockSupport.park(LockSupport.java:369)
08:56:05  	at java.base@24.0.1-beta/java.util.concurrent.locks.AbstractQueuedSynchronizer$ConditionNode.block(AbstractQueuedSynchronizer.java:519)
08:56:05  	at java.base@24.0.1-beta/java.util.concurrent.ForkJoinPool.unmanagedBlock(ForkJoinPool.java:3945)
08:56:05  	at java.base@24.0.1-beta/java.util.concurrent.ForkJoinPool.managedBlock(ForkJoinPool.java:3891)
08:56:05  	at java.base@24.0.1-beta/java.util.concurrent.locks.AbstractQueuedSynchronizer$ConditionObject.await(AbstractQueuedSynchronizer.java:1751)
08:56:05  	at java.base@24.0.1-beta/java.util.concurrent.LinkedBlockingQueue.take(LinkedBlockingQueue.java:435)
08:56:05  	at java.base@24.0.1-beta/java.util.concurrent.ThreadPoolExecutor.getTask(ThreadPoolExecutor.java:1021)
08:56:05  	at java.base@24.0.1-beta/java.util.concurrent.ThreadPoolExecutor.runWorker(ThreadPoolExecutor.java:1081)
08:56:05  	at java.base@24.0.1-beta/java.util.concurrent.ThreadPoolExecutor$Worker.run(ThreadPoolExecutor.java:619)
08:56:05  	at java.base@24.0.1-beta/java.lang.Thread.run(Thread.java:1458)
08:56:05  
08:56:05  "pool-1-thread-4" prio=5 Id=32 WAITING
08:56:05  	at java.base@24.0.1-beta/jdk.internal.misc.Unsafe.park(Native Method)
08:56:05  	at java.base@24.0.1-beta/java.util.concurrent.locks.LockSupport.park(LockSupport.java:369)
08:56:05  	at java.base@24.0.1-beta/java.util.concurrent.locks.AbstractQueuedSynchronizer$ConditionNode.block(AbstractQueuedSynchronizer.java:519)
08:56:05  	at java.base@24.0.1-beta/java.util.concurrent.ForkJoinPool.unmanagedBlock(ForkJoinPool.java:3945)
08:56:05  	at java.base@24.0.1-beta/java.util.concurrent.ForkJoinPool.managedBlock(ForkJoinPool.java:3891)
08:56:05  	at java.base@24.0.1-beta/java.util.concurrent.locks.AbstractQueuedSynchronizer$ConditionObject.await(AbstractQueuedSynchronizer.java:1751)
08:56:05  	at java.base@24.0.1-beta/java.util.concurrent.LinkedBlockingQueue.take(LinkedBlockingQueue.java:435)
08:56:05  	at java.base@24.0.1-beta/java.util.concurrent.ThreadPoolExecutor.getTask(ThreadPoolExecutor.java:1021)
08:56:05  	at java.base@24.0.1-beta/java.util.concurrent.ThreadPoolExecutor.runWorker(ThreadPoolExecutor.java:1081)
08:56:05  	at java.base@24.0.1-beta/java.util.concurrent.ThreadPoolExecutor$Worker.run(ThreadPoolExecutor.java:619)
08:56:05  	at java.base@24.0.1-beta/java.lang.Thread.run(Thread.java:1458)
08:56:05  
08:56:05  "file lock watchdog" prio=10 Id=39 TIMED_WAITING
08:56:05  	at java.base@24.0.1-beta/java.lang.Object.waitImpl(Native Method)
08:56:05  	at java.base@24.0.1-beta/java.lang.Object.wait(Object.java:255)
08:56:05  	at java.base@24.0.1-beta/java.lang.Object.wait(Object.java:219)
08:56:05  	at java.base@24.0.1-beta/java.util.TimerThread.mainLoop(Timer.java:611)
08:56:05  	at java.base@24.0.1-beta/java.util.TimerThread.run(Timer.java:552)
08:56:05  
08:56:05  "Attachment portNumber: 45491" prio=10 Id=41 RUNNABLE
08:56:05  	at java.base@24.0.1-beta/openj9.internal.tools.attach.target.DiagnosticUtils.dumpAllThreadsImpl(Native Method)
08:56:05  	at java.base@24.0.1-beta/openj9.internal.tools.attach.target.DiagnosticUtils.getThreadInfo(DiagnosticUtils.java:339)
08:56:05  	at java.base@24.0.1-beta/openj9.internal.tools.attach.target.DiagnosticUtils.executeDiagnosticCommand(DiagnosticUtils.java:275)
08:56:05  	at java.base@24.0.1-beta/openj9.internal.tools.attach.target.Attachment.doCommand(Attachment.java:248)
08:56:05  	at java.base@24.0.1-beta/openj9.internal.tools.attach.target.Attachment.run(Attachment.java:158)
08:56:05  
08:56:05  
```

**Comment by tajila** [comment]
The JIT is generating code like the following:

```
   0x7f8a00e78128:	cmpq   $0xffffffffffffffff,0x50(%rbp)
   0x7f8a00e7812d:	je     0x7f8a00e78131
   0x7f8a00e7812f:	jmp    0x7f8a00e78128
   0x7f8a00e78131:	call   0x7f8a7d03fd20 <jitCheckAsyncMessages>
   0x7f8a00e78136:	jmp    0x7f8a00e7812f
```

which causes a livelock as stackOverflowMarker is never -1

**Comment by tajila** [comment]
Another example:

The method is compiled, here is the method
```
 0x7fff9837b8b0      140735747176624
rbp            0x4eff00            0x4eff00
rsp            0x4e5e90            0x4e5e90
r8             0x0                 0
r9             0x0                 0
r10            0x4e5db8            5135800
r11            0x7ffff571109a      140737311215770
r12            0x7ffe69078         34358071416
r13            0x3                 3
r14            0x4                 4
r15            0x3                 3
rip            0x7fff7ac68d9f      0x7fff7ac68d9f
eflags         0x213               [ CF AF IF ]
cs             0x33                51
ss             0x2b                43
ds             0x0                 0
es             0x0                 0
fs             0x0                 0
gs             0x0                 0
fs_base        0x7fff9837e6c0      140735747188416
gs_base        0x0                 0
(gdb) gcore
warning: Memory read failed for corefile section, 4096 bytes at 0xffffffffff600000.
Saved corefile core.652263
(gdb) x/150i 0x00007FFF7AC68B54
   0x7fff7ac68b54:	mov    0x8(%rsp),%rax
   0x7fff7ac68b59:	sub    $0x58,%rsp
   0x7fff7ac68b5d:	mov    %r9,0x28(%rsp)
   0x7fff7ac68b62:	mov    %rbx,0x20(%rsp)
   0x7fff7ac68b67:	xor    %edi,%edi
   0x7fff7ac68b69:	lea    0x4(%rdi),%r8
   0x7fff7ac68b6d:	mov    %rdi,0x30(%rsp,%r8,8)
   0x7fff7ac68b72:	sub    $0x1,%r8d
   0x7fff7ac68b76:	jae    0x7fff7ac68b6d
   0x7fff7ac68b78:	mov    %rax,0x60(%rsp)
   0x7fff7ac68b7d:	movq   $0x0,0x50(%rsp)
   0x7fff7ac68b86:	mov    0x6f0(%rbp),%rax
   0x7fff7ac68b8d:	mov    0x8(%rax),%rax
   0x7fff7ac68b91:	mov    %rax,0x48(%rsp)
   0x7fff7ac68b96:	movq   $0x0,0x30(%rsp)
   0x7fff7ac68b9f:	movq   $0x0,0x40(%rsp)
   0x7fff7ac68ba8:	mov    0x60(%rsp),%rax
   0x7fff7ac68bad:	mov    0x14(%rax),%eax
   0x7fff7ac68bb0:	test   %eax,%eax
   0x7fff7ac68bb2:	jne    0x7fff7ac68bc7
   0x7fff7ac68bb4:	cmpq   $0xffffffffffffffff,0x50(%rbp)
   0x7fff7ac68bb9:	je     0x7fff7ac68dc5
   0x7fff7ac68bbf:	nop
   0x7fff7ac68bc0:	call   0x7fff7a8145f8
   0x7fff7ac68bc5:	jmp    0x7fff7ac68ba8
   0x7fff7ac68bc7:	mov    0x48(%rsp),%r12
   0x7fff7ac68bcc:	mov    (%r12),%r14d
   0x7fff7ac68bd0:	and    $0xffffffffffffff00,%r14
   0x7fff7ac68bd7:	mov    0xd8(%r14),%r14
   0x7fff7ac68bde:	cmp    $0x0,%r14d
   0x7fff7ac68be5:	jle    0x7fff7ac68be9
   0x7fff7ac68be7:	jmp    0x7fff7ac68c20
   0x7fff7ac68be9:	mov    %r12,%r13
   0x7fff7ac68bec:	sar    $0x3,%r13
   0x7fff7ac68bf0:	and    $0x1f,%r13
   0x7fff7ac68bf4:	shl    $0x2,%r13
   0x7fff7ac68bf8:	mov    0x850(%rbp,%r13,1),%r14d
   0x7fff7ac68c00:	test   %r14,%r14
   0x7fff7ac68c03:	je     0x7fff7ac68db5
   0x7fff7ac68c09:	mov    (%r14),%r13
   0x7fff7ac68c0c:	mov    0x20(%r13),%r13
   0x7fff7ac68c10:	cmp    %r12,%r13
   0x7fff7ac68c13:	jne    0x7fff7ac68db5
   0x7fff7ac68c19:	add    $0x18,%r14
   0x7fff7ac68c1d:	sub    %r12,%r14
   0x7fff7ac68c20:	cmp    (%r12,%r14,1),%ebp
   0x7fff7ac68c24:	jne    0x7fff7ac68db5
   0x7fff7ac68c2a:	movl   $0x0,(%r12,%r14,1)
   0x7fff7ac68c32:	decq   0xa60(%rbp)
   0x7fff7ac68c39:	data16 data16 xchg %ax,%ax
   0x7fff7ac68c3d:	data16 xchg %ax,%ax
   0x7fff7ac68c40:	call   0x7fff7ac68dcf
   0x7fff7ac68c45:	add    %al,(%rax)
   0x7fff7ac68c47:	add    %al,(%rax)
   0x7fff7ac68c49:	add    %cl,-0x75(%rax)
   0x7fff7ac68c4c:	sbb    $0x5,%al
   0x7fff7ac68c4e:	add    %al,(%rax)
   0x7fff7ac68c50:	add    %al,(%rax)
   0x7fff7ac68c52:	mov    0xa8(%rbp),%rax
   0x7fff7ac68c59:	test   %rax,%rax
--Type <RET> for more, q to quit, c to continue without paging--
   0x7fff7ac68c5c:	je     0x7fff7ac68deb
   0x7fff7ac68c62:	data16 xchg %ax,%ax
   0x7fff7ac68c65:	data16 xchg %ax,%ax
   0x7fff7ac68c68:	call   0x7fff7ac68df4
   0x7fff7ac68c6d:	data16 xchg %ax,%ax
   0x7fff7ac68c70:	call   0x7fff7ac68e08
   0x7fff7ac68c75:	add    %al,(%rax)
   0x7fff7ac68c77:	add    %al,(%rax)
   0x7fff7ac68c79:	add    %cl,-0x75(%rax)
   0x7fff7ac68c7c:	or     $0xd,%al
   0x7fff7ac68c7e:	add    %al,(%rax)
   0x7fff7ac68c80:	add    %al,(%rax)
   0x7fff7ac68c82:	mov    0xc(%rcx),%edx
   0x7fff7ac68c85:	data16 xchg %ax,%ax
   0x7fff7ac68c88:	call   0x7fff7ac68e24
   0x7fff7ac68c8d:	add    %al,(%rax)
   0x7fff7ac68c8f:	add    %al,(%rax)
   0x7fff7ac68c91:	add    %cl,-0x75(%rax)
   0x7fff7ac68c94:	or     $0xd,%al
   0x7fff7ac68c96:	add    %al,(%rax)
   0x7fff7ac68c98:	add    %al,(%rax)
   0x7fff7ac68c9a:	mov    0x8(%rcx),%ecx
   0x7fff7ac68c9d:	movq   $0x3,0xf0(%rbp)
   0x7fff7ac68ca8:	movq   $0x2,0x100(%rbp)
   0x7fff7ac68cb3:	mov    %rax,0x10(%rsp)
   0x7fff7ac68cb8:	lea    0x0(,%rdx,8),%rax
   0x7fff7ac68cc0:	mov    %rax,0x8(%rsp)
   0x7fff7ac68cc5:	lea    0x0(,%rcx,8),%rax
   0x7fff7ac68ccd:	mov    %rax,(%rsp)
   0x7fff7ac68cd1:	movabs $0x5cba0,%rdi
   0x7fff7ac68cdb:	call   0x7ffff6bdafe0 <j2iTransition>
   0x7fff7ac68ce0:	mov    %rax,%rsi
   0x7fff7ac68ce3:	mov    %rbx,%rax
   0x7fff7ac68ce6:	mov    (%rbx),%ecx
   0x7fff7ac68ce8:	and    $0xffffffffffffff00,%rcx
   0x7fff7ac68cef:	call   *-0x110(%rcx)
   0x7fff7ac68cf5:	mov    0x28(%rsp),%r9
   0x7fff7ac68cfa:	mov    0x20(%rsp),%rbx
   0x7fff7ac68cff:	add    $0x58,%rsp
   0x7fff7ac68d03:	ret
   0x7fff7ac68d04:	mov    0x40(%rbp),%rax
   0x7fff7ac68d08:	mov    %rax,0x38(%rsp)
   0x7fff7ac68d0d:	movq   $0x0,0x40(%rbp)
   0x7fff7ac68d15:	mov    0x38(%rsp),%rax
   0x7fff7ac68d1a:	mov    %rax,0x30(%rsp)
   0x7fff7ac68d1f:	mov    0x48(%rsp),%r12
   0x7fff7ac68d24:	mov    (%r12),%r14d
   0x7fff7ac68d28:	and    $0xffffffffffffff00,%r14
   0x7fff7ac68d2f:	mov    0xd8(%r14),%r14
   0x7fff7ac68d36:	cmp    $0x0,%r14d
   0x7fff7ac68d3d:	jle    0x7fff7ac68d41
   0x7fff7ac68d3f:	jmp    0x7fff7ac68d70
   0x7fff7ac68d41:	mov    %r12,%r13
   0x7fff7ac68d44:	sar    $0x3,%r13
   0x7fff7ac68d48:	and    $0x1f,%r13
   0x7fff7ac68d4c:	shl    $0x2,%r13
   0x7fff7ac68d50:	mov    0x850(%rbp,%r13,1),%r14d
   0x7fff7ac68d58:	test   %r14,%r14
   0x7fff7ac68d5b:	je     0x7fff7ac68da8
   0x7fff7ac68d5d:	mov    (%r14),%r13
--Type <RET> for more, q to quit, c to continue without paging--
   0x7fff7ac68d60:	mov    0x20(%r13),%r13
   0x7fff7ac68d64:	cmp    %r12,%r13
   0x7fff7ac68d67:	jne    0x7fff7ac68da8
   0x7fff7ac68d69:	add    $0x18,%r14
   0x7fff7ac68d6d:	sub    %r12,%r14
   0x7fff7ac68d70:	cmp    (%r12,%r14,1),%ebp
   0x7fff7ac68d74:	jne    0x7fff7ac68da8
   0x7fff7ac68d76:	movl   $0x0,(%r12,%r14,1)
   0x7fff7ac68d7e:	decq   0xa60(%rbp)
   0x7fff7ac68d85:	mov    0x30(%rsp),%rax
   0x7fff7ac68d8a:	test   %rax,%rax
   0x7fff7ac68d8d:	je     0x7fff7ac68e40
   0x7fff7ac68d93:	call   0x7ffff6bd7230 <jitThrowException>
   0x7fff7ac68d98:	cmpq   $0xffffffffffffffff,0x50(%rbp)
   0x7fff7ac68d9d:	je     0x7fff7ac68da1
=> 0x7fff7ac68d9f:	jmp    0x7fff7ac68d98
   0x7fff7ac68da1:	call   0x7ffff6bd0540 <jitCheckAsyncMessages>
   0x7fff7ac68da6:	jmp    0x7fff7ac68d9f
   0x7fff7ac68da8:	mov    %r12,%rsi
   0x7fff7ac68dab:	mov    %rbp,%rdi
   0x7fff7ac68dae:	call   0x7ffff6bd0fd0 <jitMonitorExit>
   0x7fff7ac68db3:	jmp    0x7fff7ac68d85
   0x7fff7ac68db5:	mov    %r12,%rsi
   0x7fff7ac68db8:	mov    %rbp,%rdi
   0x7fff7ac68dbb:	call   0x7ffff6bd0fd0 <jitMonitorExit>
   0x7fff7ac68dc0:	jmp    0x7fff7ac68c39
   0x7fff7ac68dc5:	call   0x7ffff6bd0540 <jitCheckAsyncMessages>
   0x7fff7ac68dca:	jmp    0x7fff7ac68bbf
   0x7fff7ac68dcf:	call   0x7ffff65f1990 <interpreterUnresolvedStaticFieldGlue>
   0x7fff7ac68dd4:	lock push %rax
```

the relevant snippet is:
```  
 0x7fff7ac68d98:	cmpq   $0xffffffffffffffff,0x50(%rbp) //(2) - compare the stackoverflow mark1 on the vmthread with -1
   0x7fff7ac68d9d:	je     0x7fff7ac68da1 //(3) - if its equal to -1 jmp to (4) else go back to (1)
=> 0x7fff7ac68d9f:	jmp    0x7fff7ac68d98 //(1) - jmp back a couple instructions to (2)
   0x7fff7ac68da1:	call   0x7ffff6bd0540 <jitCheckAsyncMessages> (4) it never gets here
```

**Comment by tajila** [comment]
I tried running with `-Xjit:disableThrowToGoto` but that did not change the result

**Comment by tajila** [comment]
FYI @gacholio @JasonFengJ9

**Comment by tajila** [comment]
@hzongaro Has mentioned this looks similar to https://github.com/eclipse-openj9/openj9/issues/21890#issuecomment-3000558572

**Comment by tajila** [comment]
Here are the bytecodes in question

```
> !bytecodes 0x00000000003F5640
  Name: foo
  Signature: ()V
  Access Flags (18270000): default
  Internal Attribute Flags:
  Max Stack: 2
  Caught Exceptions (2):
     start   end   handler   catch type
     -----   ---   -------   ----------
     12  27  30   (any)
     30  33  30   (any)
  Argument Count: 1
  Temp Count: 3

    0 newdup 5 java/lang/Object
    3 dup
    4 invokespecial 6 java/lang/Object.<init>()V
    7 astore1
    8 aload1
    9 dup
   10 astore2
   11 monitorenter
   12 aload0getfield
   13 getfield 16 MiscMonitorTests$TestReleaseOnYield.finish Z
   16 ifne 25
   19 invokestatic 18 java/lang/Thread.yield()V
   22 goto 12
   25 aload2
   26 monitorexit
   27 goto 35
   30 astore3
   31 aload2
   32 monitorexit
   33 aload3
   34 athrow
   35 getstatic 19 java/lang/System.err Ljava/io/PrintStream;
   38 invokestatic 21 java/lang/Thread.currentThread()Ljava/lang/Thread;
   41 invokevirtual 22 java/lang/Thread.getName()Ljava/lang/String;
   44 invokedynamic 2 bsm #2:makeConcatWithConstants(Ljava/lang/String;)Ljava/lang/String;
   47 nop
   48 nop
   49 invokevirtual 23 java/io/PrintStream.println(Ljava/lang/String;)V
   52 return0
```

@hzongaro Has pointed out the catch block for the monitorExit in the catch block is itself. So there is a loop in the bytecodes if the monitorExit fails with IMSE.

I think the hang is another symptom of https://github.com/eclipse-openj9/openj9/issues/21824 as the IMSE should be impossible in this case.

**Comment by tajila** [comment]
Closing this issue based on the statement above.

**Comment by hzongaro** [comment]
Just to expand a bit on what @tajila noted in an [earlier comment](#issuecomment-3063606119), the JIT compiler detects the fact that the catch block has itself as a catch block, and generates the following IL during IL generation:

```
genIL() returned 1
         Detected catch block with exception successor as itself 8
         BLOCK CLONER: Newly created block_13 is a clone of original block_8
         Cloned catch block (8) -> clone (13)
                Inserted monitor exit fence 00007FCEE30817C0 into cloned catch 13
...
n9n       BBStart <block_8> (catches ...)                                                     [0x7fcee3004b10] bci=[-1,30,122] rc=0 vc=0 vn=- li=- udi=- nc=0
n80n      astore  <temp slot 6>[#440  Auto] [flags 0x7 0x0 ]                                  [0x7fcee30808c0] bci=[-1,30,122] rc=0 vc=0 vn=- li=- udi=- nc=1
n79n        aload  ExceptionMeta[#345  MethodMeta +64] [flags 0x207 0x0 ]                     [0x7fcee3080870] bci=[-1,30,122] rc=1 vc=0 vn=- li=- udi=- nc=0
n82n      astore  ExceptionMeta[#345  MethodMeta +64] [flags 0x207 0x0 ]                      [0x7fcee3080960] bci=[-1,30,122] rc=0 vc=0 vn=- li=- udi=- nc=1
n81n        aconst NULL (X==0 )                                                               [0x7fcee3080910] bci=[-1,30,122] rc=1 vc=0 vn=- li=- udi=- nc=0 flg=0x2
n84n      astore  <auto slot 3>[#441  Auto] [flags 0x7 0x0 ]                                  [0x7fcee3080a00] bci=[-1,30,122] rc=0 vc=0 vn=- li=- udi=- nc=1
n83n        aload  <temp slot 6>[#440  Auto] [flags 0x7 0x0 ] (X!=0 )                         [0x7fcee30809b0] bci=[-1,30,122] rc=1 vc=0 vn=- li=- udi=- nc=0 flg=0x4
n86n      monexitfence                                                                        [0x7fcee3080aa0] bci=[-1,32,122] rc=0 vc=0 vn=- li=- udi=- nc=0
n88n      NULLCHK on n85n [#32]                                                               [0x7fcee3080b40] bci=[-1,32,122] rc=0 vc=0 vn=- li=- udi=- nc=1
n87n        monexit  jitMonitorExit[#118  helper Method] [flags 0x400 0x0 ]                   [0x7fcee3080af0] bci=[-1,32,122] rc=1 vc=0 vn=- li=- udi=- nc=1
n85n          aload  <auto slot 2>[#424  Auto] [flags 0x7 0x0 ]                               [0x7fcee3080a50] bci=[-1,31,122] rc=1 vc=0 vn=- li=- udi=- nc=0
n10n      BBEnd </block_8> =====                                                              [0x7fcee3004b60] bci=[-1,32,122] rc=0 vc=0 vn=- li=- udi=- nc=0

n11n      BBStart <block_9>                                                                   [0x7fcee3004bb0] bci=[-1,33,122] rc=0 vc=0 vn=- li=- udi=- nc=0
n91n      NULLCHK on n89n [#32]                                                               [0x7fcee3080c30] bci=[-1,34,122] rc=0 vc=0 vn=- li=- udi=- nc=1
n90n        athrow  jitThrowException[#24  helper Method] [flags 0x400 0x0 ]                  [0x7fcee3080be0] bci=[-1,34,122] rc=1 vc=0 vn=- li=- udi=- nc=1
n89n          aload  <auto slot 3>[#441  Auto] [flags 0x7 0x0 ]                               [0x7fcee3080b90] bci=[-1,33,122] rc=1 vc=0 vn=- li=- udi=- nc=0
n12n      BBEnd </block_9> =====                                                              [0x7fcee3004c00] bci=[-1,34,122] rc=0 vc=0 vn=- li=- udi=- nc=0

n116n     BBStart <block_13> (freq 3) (catches ...) (cold)                                    [0x7fcee3081400] bci=[-1,30,122] rc=0 vc=0 vn=- li=- udi=- nc=0
n128n     monexitfence                                                                        [0x7fcee30817c0] bci=[-1,30,122] rc=0 vc=0 vn=- li=- udi=- nc=0
n127n     BBEnd </block_13> (cold) =====                                                      [0x7fcee3081770] bci=[-1,32,122] rc=0 vc=0 vn=- li=- udi=- nc=0

n129n     BBStart <block_14> (freq 3) (cold)                                                  [0x7fcee3081810] bci=[-1,30,122] rc=0 vc=0 vn=- li=- udi=- nc=0
n131n     asynccheck  jitCheckAsyncMessages[#23  helper Method] [flags 0x400 0x0 ]            [0x7fcee30818b0] bci=[-1,30,122] rc=0 vc=0 vn=- li=- udi=- nc=0
n132n     goto --> block_14 BBStart at n129n                                                  [0x7fcee3081900] bci=[-1,30,122] rc=0 vc=0 vn=- li=- udi=- nc=0
n130n     BBEnd </block_14> (cold)                                                            [0x7fcee3081860] bci=[-1,30,122] rc=0 vc=0 vn=- li=- udi=- nc=0

         8 [0x7fcee3050500] BBStart at 0x7fcee3004b10
                 in        = []
                 out       = [9(0) ]
                 exception in  = [5(0) 4(0) 3(0) ]
                 exception out = [13(0) ]
         9 [0x7fcee3050630] BBStart at 0x7fcee3004bb0
                 in        = [8(0) ]
                 out       = [1(0) ]
                 exception in  = []
                 exception out = []
...
        13 [0x7fcee30a0090] BBStart at 0x7fcee3081400, frequency = 3
                 in        = []
                 out       = [14(0) ]
                 exception in  = [8(0) ]
                 exception out = []
        14 [0x7fcee30a02e0] BBStart at 0x7fcee3081810, frequency = 3
                 in        = [14(0) 13(0) ]
                 out       = [14(0) ]
                 exception in  = []
                 exception out = []
```

Note that although the bytecode repeatedly attempts a `monitorexit` every time an exception is thrown and re-caught by that same catch block, the IL that's generated only executes a `monexitfence` and loops on an `asynccheck`.

I'd like to look into why that happens, and whether that's incorrect - but it only seems to be relevant in the edge case where an `IllegalMonitorStateException` should be repeatedly thrown and caught, so I'll reopen this and put it in the backlog.

**Comment by gacholio** [comment]
Does this involve decompilation?

Note that the JIT/VM has some relatively magic handling of exception catch (synthetic handlers): https://github.com/eclipse-openj9/openj9/issues/9267

**Comment by hzongaro** [comment]
> Does this involve decompilation?

No decompilation involved &mdash; only a call to `Thread.yield` in a method compiled for Dynamic Loop Transfer, where the transfer was into a block that is synchronized.
