### ISSUE TITLE
z/OS Load_Level_2.abbs.5mins.Mode112 crash vmState=0x0002000f

### ISSUE THREAD

**Issue by pshipton** [eclipse-openj9/openj9#22386]
http://vmfarm.rtp.raleigh.ibm.com/job_output.php?id=111798670 - fyrec603
[zOS S390] 80 Load_Level_2.abbs.5mins.Mode112
`-Xgcpolicy:gencon -Xjit:count=0 -Xnocompressedrefs`

100x grinder - failed 2/100

```
j> 03:56:08 20250807 03:56:08 JobSet INFO:   Stopping. Checkpoint 5
j> 03:56:11 Unhandled exception
j> 03:56:11 Type=Segmentation error vmState=0x0002000f
j> 03:56:11 J9Generic_Signal_Number=00000018 Signal_Number=0000000b Error_Value=00000000 Signal_Code=00000035
j> 03:56:11 Handler1=1995B8D0 Handler2=1A36D120
j> 03:56:11 gpr0=74DAD8E2 gpr1=3EFCEF48 gpr2=74DAD8E2 gpr3=3FFDFA4D
j> 03:56:11 gpr4=3EFCE6E0 gpr5=3FFDF888 gpr6=00000002 gpr7=00000002
j> 03:56:11 gpr8=1BE681F0 gpr9=00000000 gpr10=0000250F gpr11=495B1D50
j> 03:56:11 gpr12=3D3E00C0 gpr13=00000000 gpr14=00000000 gpr15=000000A8
j> 03:56:11 hgpr0=00000000 hgpr1=00000000 hgpr2=00000000 hgpr3=3ED9DD00
j> 03:56:11 hgpr4=00000000 hgpr5=00000000 hgpr6=01000110 hgpr7=3E9EB300
j> 03:56:11 hgpr8=6E2A9BFD hgpr9=00000000 hgpr10=00000000 hgpr11=0000005E
j> 03:56:11 hgpr12=00000000 hgpr13=00000000 hgpr14=00000000 hgpr15=00000000
j> 03:56:11 fpc=0008fe00 psw0=078D1400 psw1=9A94BE36 sp=3EFCE6E0
j> 03:56:11 bea=1A94BE2C
j> 03:56:11 fpr0=0000000000000000 fpr1=3e33ab73681aed58 fpr2=3fc7565060000000 fpr3=bfce70f3e9409e32
j> 03:56:11 fpr4=3fd07664868bbc28 fpr5=0000000000000000 fpr6=3f9f264868bbc285 fpr7=0000000000000000
j> 03:56:11 fpr8=0000000000000000 fpr9=0000000000000000 fpr10=0000000000000000 fpr11=0000000000000000
j> 03:56:11 fpr12=0000000000000000 fpr13=0000000000000000 fpr14=0000000000000000 fpr15=0000000000000000
j> 03:56:11 Program_Unit_Name=
j> 03:56:11 Program_Unit_Address=1A94B510 Entry_Name=jitGetMapsFromPC
j> 03:56:11 Entry_Address=1A94B510
j> 03:56:11 vr0=00000000000000000000000000000000 vr1=3e33ab73681aed580000000000000000 vr2=3fc75650600000000000000000000000 vr3=bfce70f3e9409e320000000000000000
j> 03:56:11 vr4=3fd07664868bbc280000000000000000 vr5=00000000000000000000000000000000 vr6=3f9f264868bbc2850000000000000000 vr7=00000000000000000000000000000000
j> 03:56:11 vr8=00000000000000000000000000000000 vr9=00000000000000000000000000000000 vr10=00000000000000000000000000000000 vr11=00000000000000000000000000000000
j> 03:56:11 vr12=00000000000000000000000000000000 vr13=00000000000000000000000000000000 vr14=00000000000000000000000000000000 vr15=00000000000000000000000000000000
j> 03:56:11 vr16=00000000000000000000000000000000 vr17=00000000000000000000000000000000 vr18=00000000000000000000000000000000 vr19=00000000000000000000000000000000
j> 03:56:11 vr20=00000000000000000000000000000000 vr21=00000000000000000000000000000000 vr22=00000000000000000000000000000000 vr23=00000000000000000000000000000000
j> 03:56:11 vr24=00000000000000000000000000000000 vr25=00000000000000000000000000000000 vr26=00000000000000000000000000000000 vr27=00000000000000000000000000000000
j> 03:56:11 vr28=00000000000000000000000000000000 vr29=00000000000000000000000000000000 vr30=00000000000000000000000000000000 vr31=00000000000000000000000000000000
j> 03:56:11 Target=2_90_20250807_99911 (z/OS 02.04.00)
j> 03:56:11 CPU=s390 (2 logical CPUs) (0xfac7f000 RAM)
j> 03:56:11 ----------- Stack Backtrace -----------
j> 03:56:11 protectedIntrospectBacktraceSymbols+0x84 (, 0x1A31F9BC)
j> 03:56:11 omrsig_protect+0xa98 (, 0x1A30DF48)
j> 03:56:11 omrintrospect_backtrace_symbols_ex+0x26c (, 0x1A31FC7C)
j> 03:56:11 generateDiagnosticFiles+0x142 (, 0x19F7990A)
j> 03:56:11 omrsig_protect+0xa98 (, 0x1A30DF48)
j> 03:56:11 structuredSignalHandlerVM+0x34e (?0x19F7B72E)
j> 03:56:11 mainSynchSignalHandler+0x3ea (, 0x1A308DA2)
j> 03:56:11 __zerro+0x1014 (, 0x196B4BAC)
j> 03:56:11 __zerros+0x1f6 (, 0x196B3B56)
j> 03:56:11 CEEVROND+0x127c (, 0x1910A6A4)
j> 03:56:11 (, 0x18FDCC80 [CEEHDSP+0xe70])
j> 03:56:11 (, 0x18FEC3E2 [CEEHRNUH+0x9a])
j> 03:56:11 jitGetMapsFromPC+0x926 (, 0x1A94BE36)
j> 03:56:11 getStackMapFromJitPC+0x22 (, 0x1A94C5AA)
j> 03:56:11 jitWalkFrame+0x9e ( 0x1B9F534E)
j> 03:56:11 jitWalkStackFrames+0x60c ( 0x1B9F7DDC)
j> 03:56:11 walkStackFrames+0xc86 ( 0x19FF0036)
j> 03:56:11 GC_VMThreadStackSlotIterator::scanSlots(J9VMThread*,J9VMThread*,void*,void(*)(J9JavaVM*,J9O...+0xa6 ( 0x1BF8178E)
j> 03:56:11 MM_RootScanner::scanOneThread(MM_EnvironmentBase*,J9VMThread*,void*)+0x128 ( 0x1BF5D1E8)
j> 03:56:11 MM_RootScanner::scanThreads(MM_EnvironmentBase*)+0xf8 ( 0x1BF5CE50)
j> 03:56:11 MM_RootScanner::scanRoots(MM_EnvironmentBase*)+0xf4 (, 0x1BF5FBCC)
j> 03:56:11 (, 0x1C2A87C8)
j> 03:56:11 MM_ParallelScavengeTask::run(MM_EnvironmentBase*)+0x16 (, 0x1C2F44BE)
j> 03:56:11 MM_ParallelDispatcher::workerEntryPoint(MM_EnvironmentBase*)+0x374 (, 0x1C21364C)
j> 03:56:11 dispatcher_thread_proc2(OMRPortLibrary*,void*)+0x14a (, 0x1C212F8A)
j> 03:56:11 omrsig_protect+0xa98 (, 0x1A30DF48)
j> 03:56:11 dispatcher_thread_proc+0x4a (, 0x1C21329A)
j> 03:56:11 thread_wrapper+0x8fc (, 0x1A22A1A4)
j> 03:56:11 CEEVROND+0x127c (, 0x1910A6A4)
j> 03:56:11 (, 0x0000DC6E [CEEOPCMM+0x986])
```

Grinder output:

http://vmfarm.rtp.raleigh.ibm.com/job_output.php?id=111801742 - fyrec602
```
j> 04:36:55 20250807 04:36:54 Runtime State Reporter IMPORTANT: 5995 tests complete, 285 currently running
j> 04:36:55 Unhandled exception
j> 04:36:55 Type=Segmentation error vmState=0x00020002
j> 04:36:55 J9Generic_Signal_Number=00000018 Signal_Number=0000000b Error_Value=00000000 Signal_Code=00000035
j> 04:36:55 Handler1=1995B8D0 Handler2=1A36D120
j> 04:36:55 gpr0=00000003 gpr1=19A76C20 gpr2=00300030 gpr3=002D0031
j> 04:36:55 gpr4=3DC08B00 gpr5=00000000 gpr6=1BF83B30 gpr7=9C2518CA
j> 04:36:55 gpr8=19A76C30 gpr9=1C430A30 gpr10=3DC0A068 gpr11=00000001
j> 04:36:55 gpr12=3D3DC0C0 gpr13=48A3F300 gpr14=0000008C gpr15=00000000
j> 04:36:55 hgpr0=0000000B hgpr1=0000000B hgpr2=00000000 hgpr3=3D9D7D00
j> 04:36:55 hgpr4=00000000 hgpr5=00000000 hgpr6=01000110 hgpr7=3E9EB300
j> 04:36:55 hgpr8=8709EBC8 hgpr9=00000000 hgpr10=00000000 hgpr11=0000005E
j> 04:36:55 hgpr12=00000000 hgpr13=00000000 hgpr14=00000000 hgpr15=00000000
j> 04:36:55 fpc=0008fe00 psw0=078D2400 psw1=9C2518A2 sp=3DC08B00
j> 04:36:55 bea=1C2518CE
j> 04:36:55 fpr0=0000000000000000 fpr1=3e3207d474c35991 fpr2=3fc7565060000000 fpr3=3fd4e9506fd64af2
j> 04:36:55 fpr4=bfd2c839ace23ec5 fpr5=0000000000000000 fpr6=3fa85f7298ee09d9 fpr7=0000000000000000
j> 04:36:55 fpr8=0000000000000000 fpr9=0000000000000000 fpr10=0000000000000000 fpr11=0000000000000000
j> 04:36:55 fpr12=0000000000000000 fpr13=0000000000000000 fpr14=0000000000000000 fpr15=0000000000000000
j> 04:36:55 Program_Unit_Name=
j> 04:36:55 Program_Unit_Address=1C2515A8 Entry_Name=MM_MarkingDelegate::scanClass(MM_EnvironmentBase*,J9Class*)
j> 04:36:55 Entry_Address=1C2515A8
j> 04:36:55 vr0=00000000000000000000000000000000 vr1=3e3207d474c359910000000000000000 vr2=3fc75650600000000000000000000000 vr3=3fd4e9506fd64af20000000000000000
j> 04:36:55 vr4=bfd2c839ace23ec50000000000000000 vr5=00000000000000000000000000000000 vr6=3fa85f7298ee09d90000000000000000 vr7=00000000000000000000000000000000
j> 04:36:55 vr8=00000000000000000000000000000000 vr9=00000000000000000000000000000000 vr10=00000000000000000000000000000000 vr11=00000000000000000000000000000000
j> 04:36:55 vr12=00000000000000000000000000000000 vr13=00000000000000000000000000000000 vr14=00000000000000000000000000000000 vr15=00000000000000000000000000000000
j> 04:36:55 vr16=00000000000000000000000000000000 vr17=00000000000000000000000000000000 vr18=00000000000000000000000000000000 vr19=00000000000000000000000000000000
j> 04:36:55 vr20=00000000000000000000000000000000 vr21=00000000000000000000000000000000 vr22=00000000000000000000000000000000 vr23=00000000000000000000000000000000
j> 04:36:55 vr24=00000000000000000000000000000000 vr25=00000000000000000000000000000000 vr26=00000000000000000000000000000000 vr27=00000000000000000000000000000000
j> 04:36:55 vr28=00000000000000000000000000000000 vr29=00000000000000000000000000000000 vr30=00000000000000000000000000000000 vr31=00000000000000000000000000000000
j> 04:36:55 Target=2_90_20250807_99911 (z/OS 02.04.00)
j> 04:36:55 CPU=s390 (2 logical CPUs) (0xfac8d000 RAM)
j> 04:36:55 ----------- Stack Backtrace -----------
j> 04:36:55 protectedIntrospectBacktraceSymbols+0x84 (, 0x1A31F9BC)
j> 04:36:55 omrsig_protect+0xa98 (, 0x1A30DF48)
j> 04:36:55 omrintrospect_backtrace_symbols_ex+0x26c (, 0x1A31FC7C)
j> 04:36:55 generateDiagnosticFiles+0x142 (, 0x19F7990A)
j> 04:36:55 omrsig_protect+0xa98 (, 0x1A30DF48)
j> 04:36:55 structuredSignalHandlerVM+0x34e (?0x19F7B72E)
j> 04:36:55 mainSynchSignalHandler+0x3ea (, 0x1A308DA2)
j> 04:36:55 __zerro+0x1014 (, 0x196B4BAC)
j> 04:36:55 __zerros+0x1f6 (, 0x196B3B56)
j> 04:36:55 CEEVROND+0x127c (, 0x1910A6A4)
j> 04:36:55 (, 0x18FDCC80 [CEEHDSP+0xe70])
j> 04:36:55 (, 0x18FEC3E2 [CEEHRNUH+0x9a])
j> 04:36:55 MM_MarkingDelegate::scanClass(MM_EnvironmentBase*,J9Class*)+0x2fa (, 0x1C2518A2)
j> 04:36:55 MM_MarkingSchemeRootMarker::doClass(J9Class*)+0x1c (, 0x1C272104)
j> 04:36:55 MM_RootScanner::scanPermanentClasses(MM_EnvironmentBase*)+0x11e ( 0x1BF5BE16)
j> 04:36:55 MM_RootScanner::scanRoots(MM_EnvironmentBase*)+0xa8 (, 0x1BF5FB80)
j> 04:36:55 MM_MarkingDelegate::scanRoots(MM_EnvironmentBase*,bool)+0x31e (, 0x1C250756)
j> 04:36:55 MM_MarkingScheme::markLiveObjectsRoots(MM_EnvironmentBase*,bool)+0x1c (, 0x1C1EF884)
j> 04:36:55 MM_ParallelMarkTask::run(MM_EnvironmentBase*)+0x182 (, 0x1C3863E2)
j> 04:36:55 MM_ParallelDispatcher::workerEntryPoint(MM_EnvironmentBase*)+0x374 (, 0x1C21364C)
j> 04:36:55 dispatcher_thread_proc2(OMRPortLibrary*,void*)+0x14a (, 0x1C212F8A)
j> 04:36:55 omrsig_protect+0xa98 (, 0x1A30DF48)
j> 04:36:55 dispatcher_thread_proc+0x4a (, 0x1C21329A)
j> 04:36:55 thread_wrapper+0x8fc (, 0x1A22A1A4)
j> 04:36:55 CEEVROND+0x127c (, 0x1910A6A4)
j> 04:36:55 (, 0x0000DC6E [CEEOPCMM+0x986])
```

http://vmfarm.rtp.raleigh.ibm.com/job_output.php?id=111801764 - fyrec50l
```
j> 04:35:49 20250807 04:35:48 Runtime State Reporter IMPORTANT: 3467 tests complete, 293 currently running
j> 04:36:17 Unhandled exception
j> 04:36:17 Type=Illegal instruction vmState=0x00000000
j> 04:36:17 J9Generic_Signal_Number=00000048 Signal_Number=00000004 Error_Value=00000000 Signal_Code=0000000b
j> 04:36:17 Handler1=19647028 Handler2=1A055120
j> 04:36:17 gpr0=38F93428 gpr1=38F93410 gpr2=0000003C gpr3=38F916A8
j> 04:36:17 gpr4=00000031 gpr5=48881418 gpr6=38F916A8 gpr7=38F93180
j> 04:36:17 gpr8=38F916A8 gpr9=00000000 gpr10=38F93240 gpr11=00000010
j> 04:36:17 gpr12=00000000 gpr13=45E25E00 gpr14=4B688224 gpr15=4B696DF4
j> 04:36:17 hgpr0=00000000 hgpr1=00000000 hgpr2=00000009 hgpr3=3E9EE300
j> 04:36:17 hgpr4=3E9EE300 hgpr5=00000000 hgpr6=3E9EE300 hgpr7=00000000
j> 04:36:17 hgpr8=00000000 hgpr9=80000000 hgpr10=00000000 hgpr11=3E9EE900
j> 04:36:17 hgpr12=00000000 hgpr13=00000000 hgpr14=00000000 hgpr15=3E9EED00
j> 04:36:17 fpc=0008fe00 psw0=078D0400 psw1=CB6882CE sp=461592A0
j> 04:36:17 bea=4B696E90
j> 04:36:17 fpr0=0000000000009223 fpr1=0000000000000000 fpr2=0404040404040404 fpr3=3fd279ef2fdf53d9
j> 04:36:17 fpr4=48ffffffff000000 fpr5=483b9aca00000000 fpr6=41a0000000000000 fpr7=3a00000000000000
j> 04:36:17 fpr8=0000000000000000 fpr9=0000000000000000 fpr10=0000000000000000 fpr11=0000000000000000
j> 04:36:17 fpr12=0000000000000000 fpr13=0000000000000000 fpr14=0000000000000000 fpr15=0000000000000000
j> 04:36:17 Program_Unit_Name=
j> 04:36:17 Program_Unit_Address=19C1D2E8 Entry_Name=ZJ9SYM1
j> 04:36:17 Entry_Address=19C1D2E8
j> 04:36:17 vr0=0000000000009223372036854775809c vr1=00000000000000000000000000000000 vr2=04040404040404040404040404040404 vr3=3fd279ef2fdf53d90000000000000000
j> 04:36:17 vr4=48ffffffff0000000000000000000000 vr5=483b9aca000000000000000000000000 vr6=41a00000000000000000000000000000 vr7=3a000000000000000000000000000000
j> 04:36:17 vr8=00000000000000000000000000000000 vr9=00000000000000000000000000000000 vr10=00000000000000000000000000000000 vr11=00000000000000000000000000000000
j> 04:36:17 vr12=00000000000000000000000000000000 vr13=00000000000000000000000000000000 vr14=00000000000000000000000000000000 vr15=00000000000000000000000000000000
j> 04:36:17 vr16=0069006d0061006c0044006100740061 vr17=00000000000000100000000000000000 vr18=002e002e002e002e002e002e002e002e vr19=002000640075006d0070006f006e0066
j> 04:36:17 vr20=0041005a00c000d600d800de00000000 vr21=a000c000a000c000a000c00000000000 vr22=00ff00ff000000000000000000000000 vr23=20002000000000000000000000000000
j> 04:36:17 vr24=00000000000000000000000000000000 vr25=00000000000000000000000000000000 vr26=00000000000000000000000000000000 vr27=00000000000000000000000000000000
j> 04:36:17 vr28=00000000000000000000000000000000 vr29=00000000000000000000000000000000 vr30=00000000000000000000000000000000 vr31=00000000000000000000000000000000
j> 04:36:17 
j> 04:36:17 Compiled_method=com/ibm/test/decimals/TestDecimalData.testConvertLongExceptions()V
j> 04:36:17 Target=2_90_20250807_99911 (z/OS 02.03.00)
j> 04:36:17 CPU=s390 (5 logical CPUs) (0x1f6e5b000 RAM)
j> 04:36:17 ----------- Stack Backtrace -----------
j> 04:36:17 protectedIntrospectBacktraceSymbols+0x84 (, 0x1A0079BC)
j> 04:36:17 omrsig_protect+0xa98 (, 0x19FF5F48)
j> 04:36:17 omrintrospect_backtrace_symbols_ex+0x26c (, 0x1A007C7C)
j> 04:36:17 generateDiagnosticFiles+0x142 (, 0x19C6390A)
j> 04:36:17 omrsig_protect+0xa98 (, 0x19FF5F48)
j> 04:36:17 structuredSignalHandler+0x33a (?0x19C65242)
j> 04:36:17 mainSynchSignalHandler+0x3ea (, 0x19FF0DA2)
j> 04:36:17 __zerro+0xfd0 (, 0x193A5FA8)
j> 04:36:17 __zerros+0x1f6 (, 0x193A4F96)
j> 04:36:17 CEEVROND+0x1272 (, 0x18E0716A)
j> 04:36:17 (, 0x18CDB7B8 [CEEHDSP+0xe70])
j> 04:36:17 (, 0x18CEAF0A [CEEHRNUH+0x9a])
j> 04:36:17 ZJ9SYM1+0x31a6afe0 (, 0x4B6882C8)
j> 04:36:17 sidecarInvokeReflectMethodImpl+0x930 (, 0x19C31700)
j> 04:36:17 sidecarInvokeReflectMethod+0x80 (, 0x19C32E70)
j> 04:36:17 JVM_InvokeMethod_Impl+0x78 ( 0x1C51AD60)
j> 04:36:17 JVM_InvokeMethod+0x100 (??, 0x19BD6FF8)
j> 04:36:17 Java_sun_reflect_NativeMethodAccessorImpl_invoke0+0x1c (, 0x19F69DE4)
j> 04:36:17 ZJ9SYM1+0x31575b08 (, 0x4B192DF0)
j> 04:36:17 runJavaThread+0x4be ( 0x19C29F96)
j> 04:36:17 javaProtectedThreadProc(J9PortLibrary*,void*)+0xe8 (, 0x19CEE680)
j> 04:36:17 omrsig_protect+0xa98 (, 0x19FF5F48)
j> 04:36:17 javaThreadProc+0x60 ( 0x19CEE510)
j> 04:36:17 thread_wrapper+0x8fc (, 0x19F141A4)
j> 04:36:17 CEEVROND+0x1272 (, 0x18E0716A)
j> 04:36:17 (, 0x0000E1DE [CEEOPCMM+0x986])
```

**Comment by dmitripivkine** [comment]
Looking to the [crash during j9class scan](http://vmfarm.rtp.raleigh.ibm.com/job_output.php?id=111801742). This is zos31. The crash occur at attempt to scan iTable entries. There is something like out-of-heap allocated arrays and GC looks at the middle of it:
```
Checking CLASS HEAP...
  <gc check (1): from debugger: CLASS HEAP: interface slot 48a3f300(48a3e724) -> 2d0031: class pointer not aligned>
  <gc check (2): from debugger: CLASS HEAP: constant slot 48a3e600(48a3e758) -> 370037: class pointer not aligned>

> !j9class 0x48A3F300
J9Class at 0x48a3f300 {
  Fields for J9Class:
	0x0: UDATA eyecatcher = 0x99669966 (2573637990)
	0x4: struct J9ROMClass * romClass = !j9romclass 0x48D83668
	0x8: struct J9Class ** superclasses = !j9x 0x48A3F224
	0xc: UDATA classDepthAndFlags = 0x001E0001 (1966081)
	0x10: U32 classDepthWithFlags = 0x00000000 (0)
	0x14: U32 classFlags = 0x00080000 (524288)
	0x18: struct J9ClassLoader * classLoader = !j9classloader 0x1C8E09F0
	0x1c: j9object_t classObject = !j9object 0x1CE498F0 // java/lang/Class
	0x20: volatile UDATA initializeStatus = 0x00000000 (0)
	0x24: struct J9Method * ramMethods = !j9method 0x48A3F204 // sun/misc/FloatingDecimal$ASCIIToBinaryConverter.doubleValue()D
	0x28: UDATA * ramStatics = !j9x 0x00000000
	0x2c: struct J9Class * arrayClass = !j9class 0x00000000
	0x30: UDATA totalInstanceSize = 0x00000002 (2)
	0x34: struct J9ITable * lastITable = !j9itable 0x48A3E724 <-----
	0x38: UDATA * instanceDescription = !j9x 0x00000001
	0x3c: UDATA * instanceLeafDescription = !j9x 0x00000001
	0x40: UDATA instanceHotFieldDescription = 0x00000000 (0)
	0x44: UDATA selfReferencingField1 = 0x00000000 (0)
	0x48: UDATA selfReferencingField2 = 0x00000000 (0)
	0x4c: struct J9Method * initializerCache = !j9method 0x00000000
	0x50: UDATA romableAotITable = 0x1A4EB360 (441365344)
	0x54: UDATA packageID = 0x3D72EE99 (1030942361)
	0x58: struct J9Module * module = !j9module 0x00000000
	0x5c: struct J9Class * subclassTraversalLink = !j9class 0x48A3F000 // java/nio/file/attribute/FileTime
	0x60: struct J9Class * subclassTraversalReverseLink = !j9class 0x48A3F400 // sun/misc/FloatingDecimal$PreparedASCIIToBinaryBuffer
	0x64: void ** iTable = !j9x 0x48A3E724 <------
	0x68: UDATA castClassCache = 0x00000000 (0)
	0x6c: void ** jniIDs = !j9x 0x00000000
	0x70: UDATA lockOffset = 0x00000004 (4)
	0x74: U16 reservedCounter = 0x0000 (0)
	0x76: U16 cancelCounter = 0x0000 (0)
	0x78: UDATA newInstanceCount = 0x00000000 (0)
	0x7c: IDATA backfillOffset = 0x00000008 (8)
	0x80: struct J9Class * replacedClass = !j9class 0x00000000
	0x84: UDATA finalizeLinkOffset = 0x00000000 (0)
	0x88: struct J9Class * nextClassInSegment = !j9class 0x48A3F000 // java/nio/file/attribute/FileTime
	0x8c: UDATA* ramConstantPool = !j9x 0x48A3E390
	0x90: j9object_t * callSites = !j9x 0x00000000
	0x94: j9object_t * methodTypes = !j9x 0x00000000
	0x98: j9object_t * varHandleMethodTypes = !j9x 0x00000000
	0x9c: struct J9VMCustomSpinOptions * customSpinOption = !j9vmcustomspinoptions 0x00000000
	0xa0: struct J9Method ** staticSplitMethodTable = !j9x 0x00000000
	0xa4: struct J9Method ** specialSplitMethodTable = !j9x 0x00000000
	0xa8: struct J9JITExceptionTable * jitMetaDataList = !j9jitexceptiontable 0x00000000
	0xac: struct J9Class * gcLink = !j9class 0x00000000
	0xb0: struct J9Class * hostClass = !j9class 0x48A3F300 // sun/misc/FloatingDecimal$ASCIIToBinaryConverter
	0xb4: struct J9FlattenedClassCache * flattenedClassCache = !j9flattenedclasscache 0x00000000
	0xb8: struct J9ClassHotFieldsInfo * hotFieldsInfo = !j9classhotfieldsinfo 0x00000000
}
Class name: sun/misc/FloatingDecimal$ASCIIToBinaryConverter

0x48A3E700 :  00330037 00340034 00320000 3e9ed600 [ .3.7.4.4.2..>... ]
0x48A3E710 :  376388e8 0000000b 00000000 3e9eb300 [ 7c..........>... ]
0x48A3E720 :  0000000b 002d0031 00390031 00300030 [ .....-.1.9.1.0.0 ] <--- crash an attempt to read 0x002d0031
0x48A3E730 :  00330037 00340034 00320000 3e9eb300 [ .3.7.4.4.2..>... ]
0x48A3E740 :  00000062 006b0065 00790020 002d0031 [ ...b.k.e.y. .-.1 ]
0x48A3E750 :  00390031 00390030 00370037 00360035 [ .9.1.9.0.7.7.6.5 ] <---
0x48A3E760 :  00390020 006f0063 00630075 00720073 [ .9. .o.c.c.u.r.s ]
0x48A3E770 :  00200062 00650066 006f0072 00650020 [ . .b.e.f.o.r.e.  ]
0x48A3E780 :  006b0065 00790020 002d0031 00390031 [ .k.e.y. .-.1.9.1 ]
0x48A3E790 :  00300030 00330037 00340034 00320020 [ .0.0.3.7.4.4.2.  ]
0x48A3E7A0 :  0069006e 00200054 00720065 0065004d [ .i.n. .T.r.e.e.M ]
0x48A3E7B0 :  00610070 00000000 00000000 00000000 [ .a.p............ ]
0x48A3E7C0 :  00000000 00000000 00000000 00000000 [ ................ ]

> !j9object 0x48A3E71c
!J9IndexableObject 0x48A3E71C {
    struct J9Class* clazz = !j9arrayclass 0x3E9EB300   // [C
    Object flags = 0x00000000;
    U_32 size = 0x0000000B;
	[0] =    45, 0x002d, '-'
	[1] =    49, 0x0031, '1'
	[2] =    57, 0x0039, '9'
	[3] =    49, 0x0031, '1'
	[4] =    48, 0x0030, '0'
	[5] =    48, 0x0030, '0'
	[6] =    51, 0x0033, '3'
	[7] =    55, 0x0037, '7'
	[8] =    52, 0x0034, '4'
	[9] =    52, 0x0034, '4'
	[10] =    50, 0x0032, '2'
}
> !j9object 0x48A3E73c
!J9IndexableObject 0x48A3E73C {
    struct J9Class* clazz = !j9arrayclass 0x3E9EB300   // [C
    Object flags = 0x00000000;
    U_32 size = 0x00000062;
	[0] =   107, 0x006b, 'k'
	[1] =   101, 0x0065, 'e'
	[2] =   121, 0x0079, 'y'
	[3] =    32, 0x0020, ' '
	[4] =    45, 0x002d, '-'
	[5] =    49, 0x0031, '1'
	[6] =    57, 0x0039, '9'
	[7] =    49, 0x0031, '1'
	[8] =    57, 0x0039, '9'
	[9] =    48, 0x0030, '0'
	[10] =    55, 0x0037, '7'
	[11] =    55, 0x0037, '7'
	[12] =    54, 0x0036, '6'
	[13] =    53, 0x0035, '5'
	[14] =    57, 0x0039, '9'
	[15] =    32, 0x0020, ' '
To print entire range: !j9indexableobject 0x48A3E73C 0 98
}
```

@r30shah @ehsankianifar FYI

**Comment by r30shah** [comment]
Thanks @dmitripivkine  - @ehsankianifar  Let's take a look at the core-dump from the failure Dmitri looked at.

**Comment by ehsankianifar** [comment]
I checked the dump files of failures. In the first case ([id=111801764](http://vmfarm.rtp.raleigh.ibm.com/job_output.php?id=111801764)), the error is `Illegal instruction` and the pc is `0x4B6882CE` the instruction on that location is `LTR`:
```
	0x4b6882c8: e6 ff 54 28 10 3d  VSTRL ...
	0x4b6882ce: 12 99              LTR     GPR9,GPR9
	0x4b6882d0: a7 64 11 70        BRC     BNH(0x6), TargetAddr=0x4B68A5B0
```
The opcode looks correct and supported on all cpu versions.

**Comment by ehsankianifar** [comment]
When I check the stack slots of the failing thread, I see this:
```
<45e25e00> *** BEGIN STACK WALK, flags = 00400001 walkThread = 1,172,463,104 ***
<45e25e00> 	ITERATE_O_SLOTS
<45e25e00> 	RECORD_BYTECODE_PC_OFFSET
<45e25e00> Initial values: walkSP = 0x48881404, PC = 0x00000005, literals = 0x00000000, A0 = 0x48881414, j2iFrame = 0x00000000, decomp = 0x00000000
<45e25e00> JIT resolve frame: bp = 0x48881414, sp = 0x48881404, pc = 0x00000005, cp = 0x00000000, arg0EA = 0x48881414, flags = 0x00080000
<45e25e00> 	Object push (savedJITException)
<45e25e00> 		O-Slot[0x48881404] = 0x00000000
<45e25e00> 	Generic resolve
<45e25e00> 	unwindSP initialized to 0x48881418
<45e25e00> 	JIT-Resolve-RegisterMap[0x46159CC0] = UDATA(0x00000019) (jit_r0)
<45e25e00> 	JIT-Resolve-RegisterMap[0x46159CC4] = UDATA(0x38F92D30) (jit_r1)
<45e25e00> 	JIT-Resolve-RegisterMap[0x46159CC8] = UDATA(0x1EA65490) (jit_r2)
<45e25e00> 	JIT-Resolve-RegisterMap[0x46159CCC] = UDATA(0x0000000E) (jit_r3)
<45e25e00> 	JIT-Resolve-RegisterMap[0x46159CD0] = UDATA(0x461592A0) (jit_r4)
<45e25e00> 	JIT-Resolve-RegisterMap[0x46159CD4] = UDATA(0x488813C8) (jit_r5)
<45e25e00> 	JIT-Resolve-RegisterMap[0x46159CD8] = UDATA(0x00000010) (jit_r6)
<45e25e00> 	JIT-Resolve-RegisterMap[0x46159CDC] = UDATA(0x00000006) (jit_r7)
<45e25e00> 	JIT-Resolve-RegisterMap[0x46159CE0] = UDATA(0x0000001F) (jit_r8)
<45e25e00> 	JIT-Resolve-RegisterMap[0x46159CE4] = UDATA(0x38F916A8) (jit_r9)
<45e25e00> 	JIT-Resolve-RegisterMap[0x46159CE8] = UDATA(0x38F92B10) (jit_r10)
<45e25e00> 	JIT-Resolve-RegisterMap[0x46159CEC] = UDATA(0x00000010) (jit_r11)
<45e25e00> 	JIT-Resolve-RegisterMap[0x46159CF0] = UDATA(0x00000001) (jit_r12)
<45e25e00> 	JIT-Resolve-RegisterMap[0x46159CF4] = UDATA(0x45E25E00) (jit_r13)
<45e25e00> 	JIT-Resolve-RegisterMap[0x46159CF8] = UDATA(0xCB13ACB4) (jit_r14)
<45e25e00> 	JIT-Resolve-RegisterMap[0x46159CFC] = UDATA(0xBFA05558) (jit_r15)
<45e25e00> 	JIT-Resolve-RegisterMap[0x46159D00] = UDATA(0x00000000) (jit_r16)
<45e25e00> 	JIT-Resolve-RegisterMap[0x46159D04] = UDATA(0x00000000) (jit_r17)
<45e25e00> 	JIT-Resolve-RegisterMap[0x46159D08] = UDATA(0x00000063) (jit_r18)
<45e25e00> 	JIT-Resolve-RegisterMap[0x46159D0C] = UDATA(0x3E9EE300) (jit_r19)
<45e25e00> 	JIT-Resolve-RegisterMap[0x46159D10] = UDATA(0x3E9EE300) (jit_r20)
<45e25e00> 	JIT-Resolve-RegisterMap[0x46159D14] = UDATA(0x00000000) (jit_r21)
<45e25e00> 	JIT-Resolve-RegisterMap[0x46159D18] = UDATA(0x3E9EE300) (jit_r22)
<45e25e00> 	JIT-Resolve-RegisterMap[0x46159D1C] = UDATA(0x00000000) (jit_r23)
<45e25e00> 	JIT-Resolve-RegisterMap[0x46159D20] = UDATA(0x6BC75E2D) (jit_r24)
<45e25e00> 	JIT-Resolve-RegisterMap[0x46159D24] = UDATA(0xFFFFFFFF) (jit_r25)
<45e25e00> 	JIT-Resolve-RegisterMap[0x46159D28] = UDATA(0x3E9EE300) (jit_r26)
<45e25e00> 	JIT-Resolve-RegisterMap[0x46159D2C] = UDATA(0x3E9EE900) (jit_r27)
<45e25e00> 	JIT-Resolve-RegisterMap[0x46159D30] = UDATA(0x00000000) (jit_r28)
<45e25e00> 	JIT-Resolve-RegisterMap[0x46159D34] = UDATA(0x00000000) (jit_r29)
<45e25e00> 	JIT-Resolve-RegisterMap[0x46159D38] = UDATA(0x00000000) (jit_r30)
<45e25e00> 	JIT-Resolve-RegisterMap[0x46159D3C] = UDATA(0x3E9EED00) (jit_r31)
<45e25e00> JIT inline frame: bp = 0x48881D2C, pc = 0x4B6882CE, unwindSP = 0x48881418, cp = 0x4953E500, arg0EA = 0x00000000, jitInfo = 0x4A095708
<45e25e00> 	Method: com/ibm/dataaccess/DecimalData.convertBigIntegerToUnicodeDecimal(Ljava/math/BigInteger;[CIIZI)V !j9method 0x4953ECF0
<45e25e00> 	Bytecode index = 34, inlineDepth = 1, PC offset = 0xFFEFA5DA
<45e25e00> JIT frame: bp = 0x48881D2C, pc = 0x4B6882CE, unwindSP = 0x48881418, cp = 0x3FE42FF0, arg0EA = 0x48881D30, jitInfo = 0x4A095708
<45e25e00> 	Method: com/ibm/test/decimals/TestDecimalData.testConvertLongExceptions()V !j9method 0x3FE438C8
<45e25e00> 	Bytecode index = 3,238, inlineDepth = 0, PC offset = 0x0000DFD2
<45e25e00> 	stackMap=0x4A0A2CFE, slots=I16(0x0001) parmBaseOffset=I16(0x0004), parmSlots=U16(0x0001), localBaseOffset=I16(0xFC28)
<45e25e00> 	Described JIT args starting at 0x48881D30 for U16(0x0001) slots
<45e25e00> 		O-Slot: : a0[0x48881D30] = 0x3463A048
<45e25e00> 	Described JIT temps starting at 0x48881954 for IDATA(0x000000F6) slots
<45e25e00> Address 0x4A0AFE48
<45e25e00> Num internal ptr map bytes U8(0x0B)
<45e25e00> Address 0x4A0AFE49
<45e25e00> Index of first internal ptr I16(0x00F2)
<45e25e00> Address 0x4A0AFE4B
<45e25e00> Offset of first internal ptr I16(0xFFEC)
<45e25e00> Address 0x4A0AFE4D
<45e25e00> Num distinct pinning arrays U8(0x05)
<45e25e00> Before object slot walk &address : 0x48881D28 address : 0x38F8C158 bp 0x48881D2C offset of first internal ptr I16(0xFFEC)
<45e25e00> After object slot walk for pinning array with &address : 0x48881D28 old address 0x38F8C158 new address 0x38F8C158 displacement IDATA(0x00000000)
<45e25e00> For pinning array U8(0x04) num internal pointer stack slots U8(0x00)
<45e25e00> Before object slot walk &address : 0x48881D24 address : 0x38F8C198 bp 0x48881D2C offset of first internal ptr I16(0xFFEC)
<45e25e00> After object slot walk for pinning array with &address : 0x48881D24 old address 0x38F8C198 new address 0x38F8C198 displacement IDATA(0x00000000)
<45e25e00> For pinning array U8(0x03) num internal pointer stack slots U8(0x00)
<45e25e00> Before object slot walk &address : 0x48881D18 address : 0x38F8DF50 bp 0x48881D2C offset of first internal ptr I16(0xFFEC)
<45e25e00> After object slot walk for pinning array with &address : 0x48881D18 old address 0x38F8DF50 new address 0x38F8DF50 displacement IDATA(0x00000000)
<45e25e00> For pinning array U8(0x00) num internal pointer stack slots U8(0x00)
<45e25e00> Before object slot walk &address : 0x48881D1C address : 0x38F914C0 bp 0x48881D2C offset of first internal ptr I16(0xFFEC)
<45e25e00> After object slot walk for pinning array with &address : 0x48881D1C old address 0x38F914C0 new address 0x38F914C0 displacement IDATA(0x00000000)
<45e25e00> For pinning array U8(0x01) num internal pointer stack slots U8(0x00)
<45e25e00> Before object slot walk &address : 0x48881D20 address : 0x38F933E0 bp 0x48881D2C offset of first internal ptr I16(0xFFEC)
<45e25e00> After object slot walk for pinning array with &address : 0x48881D20 old address 0x38F933E0 new address 0x38F933E0 displacement IDATA(0x00000000)
<45e25e00> For pinning array U8(0x02) num internal pointer stack slots U8(0x00)
<45e25e00> 		O-Slot: : t245[0x48881954] = 0x00000000
<45e25e00> 		O-Slot: : t20[0x48881CD8] = 0x38F916A8
<45e25e00> 	JIT-RegisterMap = UDATA(0x000004C0)
<45e25e00> 		JIT-RegisterMap-O-Slot[0x46159CD8] = 0x00000010 (jit_r6)
<45e25e00> 		JIT-RegisterMap-O-Slot[0x46159CDC] = 0x00000006 (jit_r7)
<45e25e00> 		JIT-RegisterMap-O-Slot[0x46159CE8] = 0x38F92B10 (jit_r10)
<45e25e00> 	JIT-Frame-RegisterMap[0x48881430] = UDATA(0x35979360) (jit_r6)
<45e25e00> 	JIT-Frame-RegisterMap[0x48881434] = UDATA(0x359791D0) (jit_r7)
<45e25e00> 	JIT-Frame-RegisterMap[0x48881438] = UDATA(0x00000008) (jit_r8)
<45e25e00> 	JIT-Frame-RegisterMap[0x4888143C] = UDATA(0x00000010) (jit_r9)
<45e25e00> 	JIT-Frame-RegisterMap[0x48881440] = UDATA(0x35979378) (jit_r10)
<45e25e00> 	JIT-Frame-RegisterMap[0x48881444] = UDATA(0x00000010) (jit_r11)
<45e25e00> 	JIT-Frame-RegisterMap[0x48881448] = UDATA(0xFFFFFF9D) (jit_r12)
<45e25e00> 	JIT-Frame-RegisterMap[0x46159D18] = UDATA(0x3E9EE300) (jit_r22)
<45e25e00> 	JIT-Frame-RegisterMap[0x46159D1C] = UDATA(0x00000000) (jit_r23)
<45e25e00> 	JIT-Frame-RegisterMap[0x46159D20] = UDATA(0x6BC75E2D) (jit_r24)
<45e25e00> 	JIT-Frame-RegisterMap[0x46159D24] = UDATA(0xFFFFFFFF) (jit_r25)
<45e25e00> 	JIT-Frame-RegisterMap[0x46159D28] = UDATA(0x3E9EE300) (jit_r26)
<45e25e00> 	JIT-Frame-RegisterMap[0x46159D2C] = UDATA(0x3E9EE900) (jit_r27)
<45e25e00> 	JIT-Frame-RegisterMap[0x46159D30] = UDATA(0x00000000) (jit_r28)
<45e25e00> I2J values: PC = 0x19F08F07, A0 = 0x48881D48, walkSP = 0x48881D38, literals = 0x00000000, JIT PC = 0x1A1D34A8, pcAddress = 0x4615A044, decomp = 0x00000000
<45e25e00> JNI call-in frame: bp = 0x48881D48, sp = 0x48881D38, pc = 0x19F08F07, cp = 0x00000000, arg0EA = 0x48881D48, flags = 0x00030000
<45e25e00> 	New ELS = 0x4615A828
<45e25e00> JIT JNI call-out frame: bp = 0x48881D5C, sp = 0x48881D4C, pc = 0x00000006, cp = 0x3EEA1FF0, arg0EA = 0x48881D9C, flags = 0x20000000
<45e25e00> 	Method: sun/reflect/NativeMethodAccessorImpl.invoke0(Ljava/lang/reflect/Method;Ljava/lang/Object;[Ljava/lang/Object;)Ljava/lang/Object; !j9method 0x3EE77ABC
<45e25e00> JIT frame: bp = 0x48881DD4, pc = 0x4B192DF2, unwindSP = 0x48881D60, cp = 0x3EEA1FF0, arg0EA = 0x48881DE0, jitInfo = 0x402AA288
<45e25e00> 	Method: sun/reflect/NativeMethodAccessorImpl.invoke(Ljava/lang/Object;[Ljava/lang/Object;)Ljava/lang/Object; !j9method 0x3EE77A9C
<45e25e00> 	Bytecode index = 134, inlineDepth = 0, PC offset = 0x000002FE
<45e25e00> 	stackMap=0x402AA3EE, slots=I16(0x0003) parmBaseOffset=I16(0x0004), parmSlots=U16(0x0003), localBaseOffset=I16(0xFFE0)
<45e25e00> 	Described JIT args starting at 0x48881DD8 for U16(0x0003) slots
<45e25e00> 		O-Slot: : a2[0x48881DD8] = 0x3463A0C0
<45e25e00> 		O-Slot: : a1[0x48881DDC] = 0x3463A048
<45e25e00> 		O-Slot: : a0[0x48881DE0] = 0x21497FE8
<45e25e00> 	Described JIT temps starting at 0x48881DB4 for IDATA(0x00000008) slots
<45e25e00> 		O-Slot: : t7[0x48881DB4] = 0x1C7EC290
<45e25e00> 	JIT-RegisterMap = UDATA(0x00000000)
```

We have a jit inlined frame on top and a jit frame after that. We have a register map and mapped values look like this:
```
<45e25e00> 		JIT-RegisterMap-O-Slot[0x46159CD8] = 0x00000010 (jit_r6)
<45e25e00> 		JIT-RegisterMap-O-Slot[0x46159CDC] = 0x00000006 (jit_r7)
<45e25e00> 		JIT-RegisterMap-O-Slot[0x46159CE8] = 0x38F92B10 (jit_r10)
```
R6 and R7 don't seem to have the correct object values but I can't think of any link between this observation and the thrown error.

**Comment by ehsankianifar** [comment]
Live register values seem fine so I guess the register map is wrong because there was an exception. A proper thread stop would update frame values.

**Comment by ehsankianifar** [comment]
The instruction before the current pc is `0x4b6882c8: e6 ff 54 28 10 3d => VSTRL ...`  looking at the specification, the second byte of the opcode must be `0x0n` but it is `0xff`. I check if this is the cause of the failure.

**Comment by r30shah** [comment]
> The instruction before the current pc is 0x4b6882c8: e6 ff 54 28 10 3d => VSTRL ... looking at the specification, the second byte of the opcode must be 0x0n but it is 0xff. I check if this is the cause of the failure.

You are right. Byte followed by opcode should be 0x0X. There are not many places in our codebase where we generate this instruction. Can you share the instruction sequence before the illegally encoded instruction ? We can inspect them and figure out which evaluator it belongs to - I am going to tag @VermaSh  as well as it could be coming from one of the DAA evaluator.

**Comment by r30shah** [comment]
Though, I can not explain how the illegal instruction can cause the error in GC - this is something we should investigate independently. Fix for the illegal instruction should not close this issue.

**Comment by ehsankianifar** [comment]
I just ran a simple test with the instruction:
```
(gdb) x/2i $pc
=> 0x3fff620011a:	vstrl	%v1,0(%r1),15
   0x3fff6200120:	vstrl	%v1,0(%r1),255
(gdb) x/6xb $pc
0x3fff620011a:	0xe6	0x0f	0x10	0x00	0x10	0x3d
(gdb) x/6xb $pc+6
0x3fff6200120:	0xe6	0xff	0x10	0x00	0x10	0x3d
(gdb) si
0x000003fff6200120 in ?? ()
(gdb) si

Thread 1 "test" received signal SIGILL, Illegal instruction.
0x000003fff6200126 in ?? ()
```
The second failure (111801764) is definitely related to the wrong opcode. I fix that one.
The first failure is likely unrelated to the opcode as rahil mentioned.

**Comment by ehsankianifar** [comment]
The instruction seemingly is from pdstore vector evaluator:
```
 n86033n  (  0)  pdstore  <temp slot 232>Ý#4219  Auto¨ Ýflags 0x9 0x0 ¨ <prec=0 (len=0)>  (profilingCode skipCopyOnStore useStoreAsAnAccumulator )  Ý0x566c0400¨ bci=Ý-1,0,12042¨ rc=0 vc=15 vn=- li=- udi=- nc=1 flg=0x280080
 n94772n  (  1)    pdSetSign <prec=0 (len=0) adj=0 round=0> sign=known(clean/preferred/0xc)  (in VRF_0x657db7d0) (profilingCode X>=0 )  Ý0x5cbe8cc0¨ bci=Ý-1,0,12042¨ rc=1 vc=15 vn=- li=- udi=25981 nc=2 flg=0x180
 n75707n  (  0)      ==>pdloadi <prec=31 (len=16) adj=0> sign=hasState  (in VRF_0x657d66d0) (profilingCode )
 n94767n  (  0)      ==>iconst 12 (profilingCode X!=0 X>=0 )
------------------------------

 Ý0x657db820¨	                       VPSOP   VRF_0x657db7d0,VRF_0x657d66d0,0x1f, 0x9,1
 Ý0x657db950¨	                       VSTRL   VRF_0x657db7d0, AutoÝ<temp slot 232>¨ ?+0(GPR5),0xff
```

**Comment by ehsankianifar** [comment]
The precision is zero therefore the pdstore `node->getSize()` returns zero. In the evaluator we calculate lengthToStore = `node->getSize() - 1 ` and pass it to `VSTRL` opcode. 
when the size is zero, the lengthToStore is -1 (0xff) and the binary becomes `0xe6ff...` and cause failure. The accepted range is 0x00~0x0f!

**Comment by ehsankianifar** [comment]
@VermaSh is looking at the bug right now.

**Comment by VermaSh** [comment]
@ehsankianifar Can you please run the test with `export TR_DisablePdstoreVectorEvaluator=1`. Wondering if non vector path has the same issue.

**Comment by r30shah** [comment]
> @ehsankianifar Can you please run the test with export TR_DisablePdstoreVectorEvaluator=1. Wondering if non vector path has the same issue.

@VermaSh  - based on what @ehsankianifar  is looking - precision/length property is set to 0. Not necessarily something that could propagate to failure if you disable vector implementation as instruction encoding is incorrect. 
Question is can `node->getSize()` be set to 0.

**Comment by ehsankianifar** [comment]
@VermaSh I try to setup a local run but this failure has happened once in 100 runs. Maybe we can design a unit test that reproduce this failure more often to test different setups and solutions more reliably.

**Comment by r30shah** [comment]
@ehsankianifar  / @VermaSh  - Can we get a grinder with tracing `com/ibm/test/decimals/TestDecimalData.testConvertLongExceptions()V` ? May be that can help us see why such property on the node was set to 0?

**Comment by ehsankianifar** [comment]
I find one bug that could be the cause of these issues. I opened a PR but still working on this to make sure there are no more bugs.
https://github.com/eclipse-openj9/openj9/pull/22428

**Comment by ehsankianifar** [comment]
The segfault error here might be related to https://github.com/eclipse-openj9/openj9/issues/20079

**Comment by ehsankianifar** [comment]
The `illegal instruction` error we see in this issue is because of vector evaluating a pbstore node with zero precision. The reason we end up with such node is that an optimizer insert store for some load nodes but never set the precision of the store node and we get a zero precision node. 
I opened this PR to fix that issue: https://github.com/eclipse-omr/omr/pull/7889

**Comment by ehsankianifar** [comment]
I ran a test with these two fixes:
https://github.com/eclipse-omr/omr/pull/7889
https://github.com/eclipse-openj9/openj9/pull/22428
The builds pass and grinder `Load_Level_2.abbs.5mins.Mode112` 100X is running:
build: Axxon 100448
grinder: Axxon 100452

https://github.com/eclipse-omr/omr/pull/7889 fixes the illegal instruction error but still not sure about the seg fault
@r30shah

**Comment by r30shah** [comment]
Thanks @ehsankianifar . I will take a look at the dump but let's get your PRs in related to this.

**Comment by ehsankianifar** [comment]
I get segmentation fault when running my unit tests with `export TR_DisablePdstoreVectorEvaluator=1` option. 
the problem is that in [this evaluator](https://github.com/eclipse-openj9/openj9/blob/6d8766ae4b0e13f631972d185c78226ab91d7a13/runtime/compiler/z/codegen/J9CodeGenerator.cpp#L3344-L3345) we evaluate a `pdModifyPrecision` node with real register. then get a pseudo register from that which is null! using that pseudo register cause segmentation fault down the line since it is null.

**Comment by ehsankianifar** [comment]
I believe [this target register](https://github.com/eclipse-openj9/openj9/blob/6d8766ae4b0e13f631972d185c78226ab91d7a13/runtime/compiler/z/codegen/J9BCDTreeEvaluator.cpp#L6058) must be pseudo register. I open a pr for that.

**Comment by r30shah** [comment]
@ehsankianifar  I do not think so this is same issue as reported here. You can open up separate issue for that (internally to document some side failures you are looking into). and share updates there. It may get confusing later on when we try to look through comments here.

**Comment by ehsankianifar** [comment]
> [@ehsankianifar](https://github.com/ehsankianifar) I do not think so this is same issue as reported here. You can open up separate issue for that (internally to document some side failures you are looking into). and share updates there. It may get confusing later on when we try to look through comments here.

Thanks, I'll create a new issue for that.
with `disableVectorBCD` option, my test pass but the selected instructions are wrong when evaluating zero precision pdstore node with non vector evaluator:
```
 n1069n   (  0)  pdstore  <temp slot 6>[#476  Auto] [flags 0x9 0x0 ] <prec=0 (len=0)>  (profilingCode skipCopyOnStore useStoreAsAnAccumulator )  [     0x3ffc3243de0] bci=[-1,0,14] rc=0 vc=3205 vn=- li=- udi=- nc=1 flg=0x280080
 n1070n   (  4)    pdModifyPrecision <prec=0 (len=0) adj=0 round=0> sign=?  (in SSR_0160) (profilingCode skipCopyOnLoad )  [     0x3ffc3243e30] bci=[-1,0,14] rc=4 vc=3205 vn=- li=- udi=- nc=1 flg=0x800080
 n1063n   (  0)      ==>pdloadi <prec=9 (len=5) adj=0> sign=hasState  (in SSR_0115) (profilingCode skipCopyOnLoad skipPadByteClearing )
------------------------------

 [     0x3ffc3644580]	#476           , #261  MVC      Auto[<temp slot 6>] ?+-65536(65536,GPR5), Shadow[<array-shadow>] 65539+-65531(&GPR_0081)
 [     0x3ffc3644770]	#476                   NI       Auto[<temp slot 6>] ?+0(GPR5), 0x0f
```
Since we pass 0xffff to 8bit length, the selected instruction has the wrong register and length:
```
MVC      Auto[<temp slot 6>] 65536+-65536(65536,GPR1), Shadow[<array-shadow>] 65531+-65531(GPR2)
```
Since we have vector instructions in the test machine, it is unlikely that this is the root cause of the segfault issue even though I find a few code patterns like this in the dump file.
In any case, the https://github.com/eclipse-omr/omr/pull/7889 PR should take care of this.

**Comment by ehsankianifar** [comment]
The "illegal instruction" failure was reproducible and was fixed by https://github.com/eclipse-omr/omr/pull/7889
The "segmentation fault" however, is not reproducing any more and I was not able to find a definitive root cause by looking at the existing core dump. I wait to see if it happens again or not.

**Comment by hzongaro** [comment]
@ehsankianifar, do you plan to deliver eclipse-omr/omr#7889 for the 0.56 release?

**Comment by r30shah** [comment]
@hzongaro  I do not think https://github.com/eclipse-omr/omr/pull/7889 fixes issue seen here. It was one of the outcome - That being said, if we have room to deliver that in 0.56 - I think change is relatively simple to merge. For this issue - I would recommend to close it as we have not seen the failure (GC one) - if it reappears we can reopen this.

**Comment by pshipton** [comment]
I'm not sure what that means, but if a user could be impacted by https://github.com/eclipse-omr/omr/pull/7889 then it should be delivered to 0.56 this week.

**Comment by ehsankianifar** [comment]
Yes I believe it should be delivered in 0.56 release

**Comment by pshipton** [comment]
Pls create a PR.

**Comment by ehsankianifar** [comment]
Should the PR be against ~`v0.6.0-release`~ `openj9-omr/v0.56.0-release`?

**Comment by pshipton** [comment]
https://github.com/eclipse-openj9/openj9-omr/tree/v0.56.0-release

**Comment by ehsankianifar** [comment]
The PR was opened and merged. I put a link here for reference: https://github.com/eclipse-openj9/openj9-omr/pull/254

**Comment by hzongaro** [comment]
Now that the fix for the Illegal Instruction has been merged to the 0.56 release branch, I will close this issue.  As @r30shah [suggested](#issuecomment-3303016483), it's not clear whether the GC crash problem still exists.  If it reoccurs, we can reopen the issue.
