### ISSUE TITLE
cmdLineTester_decompilationTests decomp001 decomp002 timeout in TR::CompilationInfo::compileOnSeparateThread

### ISSUE THREAD

**Issue by pshipton** [eclipse-openj9/openj9#22565]
Only seen on lnxec409, lnxec418 so far, both RHEL 7.9.

http://vmfarm.rtp.raleigh.ibm.com/job_output.php?id=113488865 - lnxec418
[linux_390-64_cmprssptrs] SE80_GIT cmdLineTester_decompilationTests

20x grinder - failed 2/20
http://vmfarm.rtp.raleigh.ibm.com/job_output.php?id=113495690 - lnxec409
http://vmfarm.rtp.raleigh.ibm.com/job_output.php?id=113495693 - lnxec418

```
*** Starting test suite: Decompilation Tests ***
Testing: decomp001
Test start time: 2025/09/08 02:47:15 Pacific Standard Time
Running command: "/j9vm/ascii/builds/bld_102061/sdk/xz6480/bin/java"  -Xcompressedrefs -Xgcpolicy:gencon -Xjit:enableOSR,count=0  -Xdump -Xgcthreads1  -Xdump:system:events=abort  -agentlib:jvmtitest=test:decomp001 -cp "/j9vm/ascii/builds/bld_102061/jvmtest/test/SE80/functional/cmdLineTests/jvmtitests/jvmtitest.jar" com.ibm.jvmti.tests.util.TestRunner
Time spent starting: 9 milliseconds
***[TEST INFO 2025/09/08 02:57:15] ProcessKiller detected a timeout after 600000 milliseconds!***
***[TEST INFO 2025/09/08 02:57:15] executing /usr/bin/gdb -batch -x /tmp/debugger3386817252372608547.txt /j9vm/ascii/builds/bld_102061/sdk/xz6480/bin/java 19819***
GDB OUT [New LWP 19843]
GDB OUT [New LWP 19842]
GDB OUT [New LWP 19841]
GDB OUT [New LWP 19838]
GDB OUT [New LWP 19837]
GDB OUT [New LWP 19834]
GDB OUT [New LWP 19833]
GDB OUT [New LWP 19832]
GDB OUT [New LWP 19831]
GDB OUT [New LWP 19830]
GDB OUT [New LWP 19829]
GDB OUT [New LWP 19828]
GDB OUT [New LWP 19827]
GDB OUT [New LWP 19826]
GDB OUT [New LWP 19825]
GDB OUT [New LWP 19824]
GDB OUT [Thread debugging using libthread_db enabled]
GDB OUT Using host libthread_db library "/lib64/libthread_db.so.1".
GDB OUT 0x000003ffa62893e4 in pthread_join () from /lib64/libpthread.so.0
GDB OUT => 0x000003ffa62893e4 <pthread_join+164>:	e3 40 d0 d0 00 12	lt	%r4,208(%r13)
GDB OUT From                To                  Syms Read   Shared Object Library
GDB OUT 0x000003ffa6285c00  0x000003ffa6292320  Yes (*)     /lib64/libpthread.so.0
GDB OUT 0x000003ffa62032d0  0x000003ffa621c850  Yes (*)     /j9vm/ascii/builds/bld_102061/sdk/xz6480/bin/../lib/s390x/jli/libjli.so
GDB OUT 0x000003ffa6180ef0  0x000003ffa6181bb8  Yes (*)     /lib64/libdl.so.2
GDB OUT 0x000003ffa5fa2270  0x000003ffa60de038  Yes (*)     /lib64/libc.so.6
GDB OUT 0x000003ffa5f00d30  0x000003ffa5f01a10  Yes (*)     /j9vm/ascii/builds/bld_102061/sdk/xz6480/bin/../lib/s390x/libdbgwrapper80.so
GDB OUT 0x000003ffa6380cf0  0x000003ffa639cf60  Yes (*)     /lib/ld64.so.1
GDB OUT 0x000003ffa6305370  0x000003ffa630cd30  Yes (*)     /j9vm/ascii/builds/bld_102061/sdk/xz6480/jre/lib/s390x/j9vm/libjvm.so
GDB OUT 0x000003ffa5d858b8  0x000003ffa5dd4e28  Yes (*)     /lib64/libm.so.6
GDB OUT 0x000003ffa5e882c0  0x000003ffa5eb1c00  Yes (*)     /j9vm/ascii/builds/bld_102061/sdk/xz6480/jre/lib/s390x/compressedrefs/libjvm.so
GDB OUT 0x000003ffa5500a18  0x000003ffa55014c0  Yes         /j9vm/ascii/builds/bld_102061/sdk/xz6480/jre/lib/s390x/compressedrefs/libomrsig.so
GDB OUT 0x000003ffa5293468  0x000003ffa54445c8  Yes (*)     /j9vm/ascii/builds/bld_102061/sdk/xz6480/jre/lib/s390x/compressedrefs/libj9vm29.so
GDB OUT 0x000003ffa5205728  0x000003ffa52149f8  Yes         /j9vm/ascii/builds/bld_102061/sdk/xz6480/jre/lib/s390x/compressedrefs/libj9thr29.so
GDB OUT 0x000003ffa5180c48  0x000003ffa5183c78  Yes         /j9vm/ascii/builds/bld_102061/sdk/xz6480/jre/lib/s390x/compressedrefs/libj9hookable29.so
GDB OUT 0x000003ffa508c288  0x000003ffa50e4938  Yes (*)     /j9vm/ascii/builds/bld_102061/sdk/xz6480/jre/lib/s390x/compressedrefs/libj9prt29.so
GDB OUT 0x000003ffa4f82560  0x000003ffa4f85d08  Yes (*)     /lib64/librt.so.1
GDB OUT 0x000003ffa4f005f0  0x000003ffa4f01248  Yes (*)     /usr/lib64/gconv/ISO8859-1.so
GDB OUT 0x000003ffa4e04bb8  0x000003ffa4e39900  Yes (*)     /j9vm/ascii/builds/bld_102061/sdk/xz6480/jre/lib/s390x/compressedrefs/libj9dmp29.so
GDB OUT 0x000003ffa4d81178  0x000003ffa4d91580  Yes (*)     /j9vm/ascii/builds/bld_102061/sdk/xz6480/jre/lib/s390x/compressedrefs/libj9zlib29.so
GDB OUT 0x000003ffa4d03700  0x000003ffa4d272a0  Yes (*)     /j9vm/ascii/builds/bld_102061/sdk/xz6480/jre/lib/s390x/compressedrefs/libj9trc29.so
GDB OUT 0x000003ffa4c022c0  0x000003ffa4c0a840  Yes (*)     /lib64/libnss_files.so.2
GDB OUT 0x000003ff98c5eb10  0x000003ff997abe40  Yes (*)     /j9vm/ascii/builds/bld_102061/sdk/xz6480/jre/lib/s390x/compressedrefs/libj9jit29.so
GDB OUT 0x000003ffa4929860  0x000003ffa4b461c0  Yes (*)     /j9vm/ascii/builds/bld_102061/sdk/xz6480/jre/lib/s390x/compressedrefs/libj9gc29.so
GDB OUT 0x000003ffa480f518  0x000003ffa4895f60  Yes (*)     /j9vm/ascii/builds/bld_102061/sdk/xz6480/jre/lib/s390x/compressedrefs/libj9vrb29.so
GDB OUT 0x000003ffa4707088  0x000003ffa4785008  Yes (*)     /j9vm/ascii/builds/bld_102061/sdk/xz6480/jre/lib/s390x/compressedrefs/libj9shr29.so
GDB OUT 0x000003ffa4c858b8  0x000003ffa4ccf010  Yes (*)     /j9vm/ascii/builds/bld_102061/sdk/xz6480/jre/lib/s390x/compressedrefs/libj9jvmti29.so
GDB OUT 0x000003ffa4611218  0x000003ffa46679d0  Yes (*)     /j9vm/ascii/builds/bld_102061/sdk/xz6480/jre/lib/s390x/compressedrefs/libjclse29.so
GDB OUT 0x000003ffa4401198  0x000003ffa4404df8  Yes (*)     /lib64/libnss_dns.so.2
GDB OUT 0x000003ffa4383cd8  0x000003ffa4393c68  Yes (*)     /lib64/libresolv.so.2
GDB OUT 0x000003ffa44890b0  0x000003ffa44a7a28  Yes (*)     /j9vm/ascii/builds/bld_102061/sdk/xz6480/jre/lib/s390x/compressedrefs/libjvmtitest.so
GDB OUT 0x000003ff82a8c340  0x000003ff82aa28b0  Yes (*)     /j9vm/ascii/builds/bld_102061/sdk/xz6480/jre/lib/s390x/libjava.so
GDB OUT 0x000003ff82a04580  0x000003ff82a0b7e8  Yes (*)     /j9vm/ascii/builds/bld_102061/sdk/xz6480/jre/lib/s390x/libverify.so
GDB OUT 0x000003ff829807d0  0x000003ff829811f0  Yes (*)     /j9vm/ascii/builds/bld_102061/sdk/xz6480/jre/lib/s390x/libjsig.so
GDB OUT 0x000003ff82904720  0x000003ff82928f50  Yes (*)     /j9vm/ascii/builds/bld_102061/sdk/xz6480/jre/lib/s390x/libzip.so
GDB OUT 0x000003ff82680798  0x000003ff826826f8  Yes (*)     /usr/lib64/gconv/UTF16_UTF32_Z9.so
GDB OUT 0x000003ff824082b8  0x000003ff82410520  Yes (*)     /j9vm/ascii/builds/bld_102061/sdk/xz6480/jre/lib/s390x/libnio.so
GDB OUT 0x000003ff82385ff8  0x000003ff82397048  Yes (*)     /j9vm/ascii/builds/bld_102061/sdk/xz6480/jre/lib/s390x/libnet.so
GDB OUT 0x000003ff821824b8  0x000003ff8218cca8  Yes (*)     /lib64/libgcc_s.so.1
GDB OUT (*): Shared library is missing debugging information.
GDB OUT r0             0x0	0
GDB OUT r1             0x3ffa5d7f9e0	4396533938656
GDB OUT r2             0xfffffffffffffe00	18446744073709551104
GDB OUT r3             0x0	0
GDB OUT r4             0x4d70	19824
GDB OUT r5             0x0	0
GDB OUT r6             0x1	1
GDB OUT r7             0x3ffc1079368	4396990042984
GDB OUT r8             0x3ffc10791c0	4396990042560
GDB OUT r9             0x3ffc1079288	4396990042760
GDB OUT r10            0x3ffa5d7fd30	4396533939504
GDB OUT r11            0x3ffa63f7700	4396540720896
GDB OUT r12            0x3ffa63a4f58	4396540383064
GDB OUT r13            0x3ffa5d7f910	4396533938448
GDB OUT r14            0x3ffa628939e	4396539220894
GDB OUT r15            0x3ffc1079120	4396990042400
GDB OUT pc             0x3ffa62893e4	0x3ffa62893e4 <pthread_join+164>
GDB OUT cc             0x2	2
GDB OUT   Id   Target Id         Frame 
GDB OUT   17   Thread 0x3ffa5d7f910 (LWP 19824) "main" 0x000003ffa628c3b2 in pthread_cond_wait@@GLIBC_2.3.2 () from /lib64/libpthread.so.0
GDB OUT   16   Thread 0x3ffa637f910 (LWP 19825) "Signal Reporter" 0x000003ffa628e854 in do_futex_wait () from /lib64/libpthread.so.0
GDB OUT   15   Thread 0x3ffa427e910 (LWP 19826) "JIT Compilation" 0x000003ffa628c6f6 in pthread_cond_timedwait@@GLIBC_2.3.2 () from /lib64/libpthread.so.0
GDB OUT   14   Thread 0x3ffa417d910 (LWP 19827) "JIT Compilation" 0x000003ffa628c3b2 in pthread_cond_wait@@GLIBC_2.3.2 () from /lib64/libpthread.so.0
GDB OUT   13   Thread 0x3ff8837e910 (LWP 19828) "JIT Compilation" 0x000003ffa628c3b2 in pthread_cond_wait@@GLIBC_2.3.2 () from /lib64/libpthread.so.0
GDB OUT   12   Thread 0x3ff8827d910 (LWP 19829) "JIT Compilation" 0x000003ffa628c3b2 in pthread_cond_wait@@GLIBC_2.3.2 () from /lib64/libpthread.so.0
GDB OUT   11   Thread 0x3ff8817c910 (LWP 19830) "JIT Compilation" 0x000003ffa628c3b2 in pthread_cond_wait@@GLIBC_2.3.2 () from /lib64/libpthread.so.0
GDB OUT   10   Thread 0x3ff82fff910 (LWP 19831) "JIT Compilation" 0x000003ffa628c3b2 in pthread_cond_wait@@GLIBC_2.3.2 () from /lib64/libpthread.so.0
GDB OUT   9    Thread 0x3ff82efe910 (LWP 19832) "JIT Compilation" 0x000003ffa628c3b2 in pthread_cond_wait@@GLIBC_2.3.2 () from /lib64/libpthread.so.0
GDB OUT   8    Thread 0x3ff82dfd910 (LWP 19833) "JIT Compilation" 0x000003ffa628c3b2 in pthread_cond_wait@@GLIBC_2.3.2 () from /lib64/libpthread.so.0
GDB OUT   7    Thread 0x3ffa5e7f910 (LWP 19834) "JIT Sampler" 0x000003ffa628c3b2 in pthread_cond_wait@@GLIBC_2.3.2 () from /lib64/libpthread.so.0
GDB OUT   6    Thread 0x3ffa527f910 (LWP 19837) "Finalizer main" 0x000003ffa628c3b2 in pthread_cond_wait@@GLIBC_2.3.2 () from /lib64/libpthread.so.0
GDB OUT   5    Thread 0x3ffa51ff910 (LWP 19838) "Concurrent Mark" 0x000003ffa628c3b2 in pthread_cond_wait@@GLIBC_2.3.2 () from /lib64/libpthread.so.0
GDB OUT   4    Thread 0x3ffa507f910 (LWP 19841) "Finalizer threa" 0x000003ffa628c3b2 in pthread_cond_wait@@GLIBC_2.3.2 () from /lib64/libpthread.so.0
GDB OUT   3    Thread 0x3ffa4fff910 (LWP 19842) "Attach API upda" 0x000003ffa628c6f6 in pthread_cond_timedwait@@GLIBC_2.3.2 () from /lib64/libpthread.so.0
GDB OUT   2    Thread 0x3ffa4f7f910 (LWP 19843) "Attach API wait" 0x000003ffa628c3b2 in pthread_cond_wait@@GLIBC_2.3.2 () from /lib64/libpthread.so.0
GDB OUT * 1    Thread 0x3ffa63f7700 (LWP 19819) "java" 0x000003ffa62893e4 in pthread_join () from /lib64/libpthread.so.0

GDB OUT Thread 17 (Thread 0x3ffa5d7f910 (LWP 19824)):
GDB OUT #0  0x000003ffa628c3b2 in pthread_cond_wait@@GLIBC_2.3.2 () from /lib64/libpthread.so.0
GDB OUT No symbol table info available.
GDB OUT #1  0x000003ffa5208054 in monitor_wait_original (self=0x3ffa0006e30, monitor=0x3ff70003068, millis=<optimized out>, nanos=<optimized out>, interruptible=0, callbackFunction=0x0, userData=0x0) at ../omr/thread/common/omrthread.c:4777
GDB OUT         queue = <optimized out>
GDB OUT         count = <optimized out>
GDB OUT         interrupted = <optimized out>
GDB OUT         notified = <optimized out>
GDB OUT         priorityinterrupted = <optimized out>
GDB OUT         intrMask = <optimized out>
GDB OUT         intrFlags = <optimized out>
GDB OUT         timedOut = 0
GDB OUT #2  0x000003ffa520cf00 in monitor_wait (userData=0x0, callbackFunction=0x0, interruptible=0, nanos=0, millis=0, monitor=0x3ff70003068) at ../omr/thread/common/omrthread.c:4616
GDB OUT         self = <optimized out>
GDB OUT #3  omrthread_monitor_wait (monitor=0x3ff70003068) at ../omr/thread/common/omrthread.c:4436
GDB OUT No locals.
GDB OUT #4  0x000003ff98ce3448 in TR::CompilationInfo::compileOnSeparateThread(J9VMThread*, TR::IlGeneratorMethodDetails&, void*, TR_YesNoMaybe, TR_CompilationErrorCode*, bool*, TR_OptimizationPlan*) () from /j9vm/ascii/builds/bld_102061/sdk/xz6480/jre/lib/s390x/compressedrefs/libj9jit29.so
```

http://vmfarm.rtp.raleigh.ibm.com/job_output.php?id=113489462 - lnxec409
[linux_390] SE80_GIT cmdLineTester_decompilationTests

20x grinder passed (athough lnxec409, lnxec418 were busy)

```
Testing: decomp002
Test start time: 2025/09/08 03:12:24 Pacific Standard Time
Running command: "/j9vm/ascii/builds/bld_102061/sdk/xz3180/bin/java"  -Xgcpolicy:gencon -Xjit:enableOSR,count=0  -Xdump -Xgcthreads1  -Xdump:system:events=abort  -agentlib:jvmtitest=test:decomp002 -cp "/j9vm/ascii/builds/bld_102061/jvmtest/test/SE80/functional/cmdLineTests/jvmtitests/jvmtitest.jar" com.ibm.jvmti.tests.util.TestRunner
Time spent starting: 2 milliseconds
***[TEST INFO 2025/09/08 03:22:24] ProcessKiller detected a timeout after 600000 milliseconds!***
***[TEST INFO 2025/09/08 03:22:24] executing /usr/bin/gdb -batch -x /tmp/debugger8621482669425922897.txt /j9vm/ascii/builds/bld_102061/sdk/xz3180/bin/java 1846***
GDB OUT [New LWP 1886]
GDB OUT [New LWP 1885]
GDB OUT [New LWP 1884]
GDB OUT [New LWP 1883]
GDB OUT [New LWP 1882]
GDB OUT [New LWP 1881]
GDB OUT [New LWP 1880]
GDB OUT [New LWP 1879]
GDB OUT [New LWP 1878]
GDB OUT [New LWP 1877]
GDB OUT [New LWP 1876]
GDB OUT [New LWP 1875]
GDB OUT [New LWP 1874]
GDB OUT [New LWP 1873]
GDB OUT [New LWP 1872]
GDB OUT [New LWP 1871]
GDB OUT [New LWP 1870]
GDB OUT [New LWP 1868]
GDB OUT [New LWP 1867]
GDB OUT [New LWP 1864]
GDB OUT [New LWP 1863]
GDB OUT [New LWP 1860]
GDB OUT [New LWP 1859]
GDB OUT [New LWP 1858]
GDB OUT [New LWP 1857]
GDB OUT [New LWP 1856]
GDB OUT [New LWP 1855]
GDB OUT [New LWP 1854]
GDB OUT [New LWP 1853]
GDB OUT [New LWP 1852]
GDB OUT [New LWP 1851]
GDB OUT [New LWP 1850]
GDB OUT [Thread debugging using libthread_db enabled]
GDB OUT Using host libthread_db library "/lib64/libthread_db.so.1".
GDB OUT 0x7d32aeb0 in pthread_join () from /lib/libpthread.so.0
GDB OUT => 0x7d32aeb0 <pthread_join+128>:	bf 4f d0 68	icm	%r4,15,104(%r13)
GDB OUT From        To          Syms Read   Shared Object Library
GDB OUT 0x7d327b68  0x7d3334c8  Yes (*)     /lib/libpthread.so.0
GDB OUT 0x7d300440  0x7d316fe8  Yes (*)     /j9vm/ascii/builds/bld_102061/sdk/xz3180/bin/../lib/s390/jli/libjli.so
GDB OUT 0x7d2f9be8  0x7d2fa8f0  Yes (*)     /lib/libdl.so.2
GDB OUT 0x7d179280  0x7d2a2600  Yes (*)     /lib/libc.so.6
GDB OUT 0x7d1599f0  0x7d15a4c8  Yes (*)     /j9vm/ascii/builds/bld_102061/sdk/xz3180/bin/../lib/s390/libdbgwrapper80.so
GDB OUT 0x7d35b990  0x7d373c28  Yes (*)     /lib/ld.so.1
GDB OUT 0x7d347fd8  0x7d34f2a8  Yes (*)     /j9vm/ascii/builds/bld_102061/sdk/xz3180/jre/lib/s390/j9vm/libjvm.so
GDB OUT 0x7d09bc40  0x7d0e99a0  Yes (*)     /lib/libm.so.6
GDB OUT 0x7c861c90  0x7c884de0  Yes (*)     /j9vm/ascii/builds/bld_102061/sdk/xz3180/jre/lib/s390/default/libjvm.so
GDB OUT 0x7d150768  0x7d1510d0  Yes         /j9vm/ascii/builds/bld_102061/sdk/xz3180/jre/lib/s390/default/libomrsig.so
GDB OUT 0x7c5529d8  0x7c6bfdd8  Yes (*)     /j9vm/ascii/builds/bld_102061/sdk/xz3180/jre/lib/s390/default/libj9vm29.so
GDB OUT 0x7c849268  0x7c8568c0  Yes         /j9vm/ascii/builds/bld_102061/sdk/xz3180/jre/lib/s390/default/libj9thr29.so
GDB OUT 0x7d33e7f0  0x7d341048  Yes         /j9vm/ascii/builds/bld_102061/sdk/xz3180/jre/lib/s390/default/libj9hookable29.so
GDB OUT 0x7c4ddd08  0x7c5278b8  Yes (*)     /j9vm/ascii/builds/bld_102061/sdk/xz3180/jre/lib/s390/default/libj9prt29.so
GDB OUT 0x7d148da8  0x7d14c300  Yes (*)     /lib/librt.so.1
GDB OUT 0x7c820488  0x7c820f30  Yes (*)     /usr/lib/gconv/ISO8859-1.so
GDB OUT 0x7c172e40  0x7c1a05f0  Yes (*)     /j9vm/ascii/builds/bld_102061/sdk/xz3180/jre/lib/s390/default/libj9dmp29.so
GDB OUT 0x7c80ac98  0x7c819118  Yes (*)     /j9vm/ascii/builds/bld_102061/sdk/xz3180/jre/lib/s390/default/libj9zlib29.so
GDB OUT 0x7c13f1c0  0x7c15dad8  Yes (*)     /j9vm/ascii/builds/bld_102061/sdk/xz3180/jre/lib/s390/default/libj9trc29.so
GDB OUT 0x7c111c98  0x7c119440  Yes (*)     /lib/libnss_files.so.2
GDB OUT 0x7b4f5808  0x7beae3a0  Yes (*)     /j9vm/ascii/builds/bld_102061/sdk/xz3180/jre/lib/s390/default/libj9jit29.so
GDB OUT 0x7b22e238  0x7b3e2500  Yes (*)     /j9vm/ascii/builds/bld_102061/sdk/xz3180/jre/lib/s390/default/libj9gc29.so
GDB OUT 0x7b16f228  0x7b1e2ef8  Yes (*)     /j9vm/ascii/builds/bld_102061/sdk/xz3180/jre/lib/s390/default/libj9vrb29.so
GDB OUT 0x7b0dee30  0x7b147818  Yes (*)     /j9vm/ascii/builds/bld_102061/sdk/xz3180/jre/lib/s390/default/libj9shr29.so
GDB OUT 0x7b08b3c8  0x7b0c7f48  Yes (*)     /j9vm/ascii/builds/bld_102061/sdk/xz3180/jre/lib/s390/default/libj9jvmti29.so
GDB OUT 0x7b024d18  0x7b06cc80  Yes (*)     /j9vm/ascii/builds/bld_102061/sdk/xz3180/jre/lib/s390/default/libjclse29.so
GDB OUT 0x7c800e08  0x7c803f00  Yes (*)     /lib/libnss_dns.so.2
GDB OUT 0x7a5c8da0  0x7a5d6fa0  Yes (*)     /lib/libresolv.so.2
GDB OUT 0x79b4ca98  0x79b66a60  Yes (*)     /j9vm/ascii/builds/bld_102061/sdk/xz3180/jre/lib/s390/default/libjvmtitest.so
GDB OUT 0x788df4d0  0x788f3b30  Yes (*)     /j9vm/ascii/builds/bld_102061/sdk/xz3180/jre/lib/s390/libjava.so
GDB OUT 0x7c128960  0x7c12e9b8  Yes (*)     /j9vm/ascii/builds/bld_102061/sdk/xz3180/jre/lib/s390/libverify.so
GDB OUT 0x79b01588  0x79b01e28  Yes (*)     /j9vm/ascii/builds/bld_102061/sdk/xz3180/jre/lib/s390/libjsig.so
GDB OUT 0x788a13c0  0x788c17c8  Yes (*)     /j9vm/ascii/builds/bld_102061/sdk/xz3180/jre/lib/s390/libzip.so
GDB OUT 0x788275d8  0x788292b0  Yes (*)     /usr/lib/gconv/UTF16_UTF32_Z9.so
GDB OUT 0x788186d0  0x7881ff68  Yes (*)     /j9vm/ascii/builds/bld_102061/sdk/xz3180/jre/lib/s390/libnio.so
GDB OUT 0x78526830  0x78534450  Yes (*)     /j9vm/ascii/builds/bld_102061/sdk/xz3180/jre/lib/s390/libnet.so
GDB OUT 0x78803c60  0x7880d808  Yes (*)     /lib/libgcc_s.so.1
GDB OUT (*): Shared library is missing debugging information.
GDB OUT r0             0x0	0
GDB OUT r1             0xffffffff7d096be8	18446744071512353768
GDB OUT r2             0xfffffffffffffe00	18446744073709551104
GDB OUT r3             0x0	0
GDB OUT r4             0x73a	1850
GDB OUT r5             0x0	0
GDB OUT r6             0x7cb03ff000000000	8984751556628840448
GDB OUT r7             0x0	0
GDB OUT r8             0x7cc270007faa9ba8	8989870953629129640
GDB OUT r9             0x7cc22b107faa9c20	8989795156046289952
GDB OUT r10            0xfcc15e327d096d9c	18212941939002142108
GDB OUT r11            0x7d461c007d1586d0	9026933291534878416
GDB OUT r12            0x7d322000	2100436992
GDB OUT r13            0x7d096b80	2097769344
GDB OUT r14            0xfd32ae78	4247957112
GDB OUT r15            0x7faa9b48	2141887304
GDB OUT pc             0x7d32aeb0	0x7d32aeb0 <pthread_join+128>
GDB OUT cc             0x2	2
GDB OUT   Id   Target Id         Frame 
GDB OUT   33   Thread 0x7d096b80 (LWP 1850) "main" 0x7d32dac0 in pthread_cond_wait@@GLIBC_2.3.2 () from /lib/libpthread.so.0
GDB OUT   32   Thread 0x7c299b80 (LWP 1851) "Signal Reporter" 0x7d32ffa0 in sem_wait@GLIBC_2.0 () from /lib/libpthread.so.0
GDB OUT   31   Thread 0x79c94b80 (LWP 1852) "JIT Compilation" 0x7d32dac0 in pthread_cond_wait@@GLIBC_2.3.2 () from /lib/libpthread.so.0
GDB OUT   30   Thread 0x789ffb80 (LWP 1853) "JIT Compilation" 0x7d32dac0 in pthread_cond_wait@@GLIBC_2.3.2 () from /lib/libpthread.so.0
GDB OUT   29   Thread 0x786ffb80 (LWP 1854) "JIT Compilation" 0x7d32dac0 in pthread_cond_wait@@GLIBC_2.3.2 () from /lib/libpthread.so.0
GDB OUT   28   Thread 0x783ffb80 (LWP 1855) "JIT Compilation" 0x7d32dac0 in pthread_cond_wait@@GLIBC_2.3.2 () from /lib/libpthread.so.0
GDB OUT   27   Thread 0x780ffb80 (LWP 1856) "JIT Compilation" 0x7d32dac0 in pthread_cond_wait@@GLIBC_2.3.2 () from /lib/libpthread.so.0
GDB OUT   26   Thread 0x77dffb80 (LWP 1857) "JIT Compilation" 0x7d32dac0 in pthread_cond_wait@@GLIBC_2.3.2 () from /lib/libpthread.so.0
GDB OUT   25   Thread 0x77affb80 (LWP 1858) "JIT Compilation" 0x7d32dac0 in pthread_cond_wait@@GLIBC_2.3.2 () from /lib/libpthread.so.0
GDB OUT   24   Thread 0x779feb80 (LWP 1859) "JIT Compilation" 0x7d32dac0 in pthread_cond_wait@@GLIBC_2.3.2 () from /lib/libpthread.so.0
GDB OUT   23   Thread 0x79b45b80 (LWP 1860) "JIT Sampler" 0x7d32dac0 in pthread_cond_wait@@GLIBC_2.3.2 () from /lib/libpthread.so.0
GDB OUT   22   Thread 0x785bdb80 (LWP 1863) "Finalizer main" 0x7d32dac0 in pthread_cond_wait@@GLIBC_2.3.2 () from /lib/libpthread.so.0
GDB OUT   21   Thread 0x7857cb80 (LWP 1864) "Concurrent Mark" 0x7d32dac0 in pthread_cond_wait@@GLIBC_2.3.2 () from /lib/libpthread.so.0
GDB OUT   20   Thread 0x782bdb80 (LWP 1867) "Attach API upda" 0x7d32dd78 in pthread_cond_timedwait@@GLIBC_2.3.2 () from /lib/libpthread.so.0
GDB OUT   19   Thread 0x7827cb80 (LWP 1868) "Attach API wait" 0x7d32dac0 in pthread_cond_wait@@GLIBC_2.3.2 () from /lib/libpthread.so.0
GDB OUT   18   Thread 0x782feb80 (LWP 1870) "Thread-0" 0x7d32dac0 in pthread_cond_wait@@GLIBC_2.3.2 () from /lib/libpthread.so.0
GDB OUT   17   Thread 0x77ffeb80 (LWP 1871) "Thread-1" 0x7d32dac0 in pthread_cond_wait@@GLIBC_2.3.2 () from /lib/libpthread.so.0
GDB OUT   16   Thread 0x77fbdb80 (LWP 1872) "Thread-2" 0x7d32dac0 in pthread_cond_wait@@GLIBC_2.3.2 () from /lib/libpthread.so.0
GDB OUT   15   Thread 0x77f7cb80 (LWP 1873) "Thread-3" 0x7d32dac0 in pthread_cond_wait@@GLIBC_2.3.2 () from /lib/libpthread.so.0
GDB OUT   14   Thread 0x77cfeb80 (LWP 1874) "Thread-4" 0x7d32dac0 in pthread_cond_wait@@GLIBC_2.3.2 () from /lib/libpthread.so.0
GDB OUT   13   Thread 0x77cbdb80 (LWP 1875) "Thread-5" 0x7d32dac0 in pthread_cond_wait@@GLIBC_2.3.2 () from /lib/libpthread.so.0
GDB OUT   12   Thread 0x77c7cb80 (LWP 1876) "Thread-6" 0x7d32dac0 in pthread_cond_wait@@GLIBC_2.3.2 () from /lib/libpthread.so.0
GDB OUT   11   Thread 0x777fcb80 (LWP 1877) "Thread-7" 0x7d32dac0 in pthread_cond_wait@@GLIBC_2.3.2 () from /lib/libpthread.so.0
GDB OUT   10   Thread 0x777bbb80 (LWP 1878) "Thread-8" 0x7d32dac0 in pthread_cond_wait@@GLIBC_2.3.2 () from /lib/libpthread.so.0
GDB OUT   9    Thread 0x7777ab80 (LWP 1879) "Thread-9" 0x7d32dac0 in pthread_cond_wait@@GLIBC_2.3.2 () from /lib/libpthread.so.0
GDB OUT   8    Thread 0x773feb80 (LWP 1880) "Thread-10" 0x7d32dac0 in pthread_cond_wait@@GLIBC_2.3.2 () from /lib/libpthread.so.0
GDB OUT   7    Thread 0x773bdb80 (LWP 1881) "Thread-11" 0x7d32dac0 in pthread_cond_wait@@GLIBC_2.3.2 () from /lib/libpthread.so.0
GDB OUT   6    Thread 0x7737cb80 (LWP 1882) "Thread-12" 0x7d32dac0 in pthread_cond_wait@@GLIBC_2.3.2 () from /lib/libpthread.so.0
GDB OUT   5    Thread 0x76dfeb80 (LWP 1883) "Thread-13" 0x7d32dac0 in pthread_cond_wait@@GLIBC_2.3.2 () from /lib/libpthread.so.0
GDB OUT   4    Thread 0x76dbdb80 (LWP 1884) "Thread-14" 0x7d32dac0 in pthread_cond_wait@@GLIBC_2.3.2 () from /lib/libpthread.so.0
GDB OUT   3    Thread 0x76d7cb80 (LWP 1885) "Thread-15" 0x7d32dac0 in pthread_cond_wait@@GLIBC_2.3.2 () from /lib/libpthread.so.0
GDB OUT   2    Thread 0x76bffb80 (LWP 1886) "Finalizer threa" 0x7d32dac0 in pthread_cond_wait@@GLIBC_2.3.2 () from /lib/libpthread.so.0
GDB OUT * 1    Thread 0x7d1586d0 (LWP 1846) "java" 0x7d32aeb0 in pthread_join () from /lib/libpthread.so.0

GDB OUT Thread 33 (Thread 0x7d096b80 (LWP 1850)):
GDB OUT #0  0x7d32dac0 in pthread_cond_wait@@GLIBC_2.3.2 () from /lib/libpthread.so.0
GDB OUT No symbol table info available.
GDB OUT #1  0x7c84b610 in monitor_wait_original (self=0x7c703ff0, monitor=0x7c78379c, millis=0, nanos=<optimized out>, interruptible=0, callbackFunction=0x0, userData=0x0) at ../omr/thread/common/omrthread.c:4777
GDB OUT         queue = <optimized out>
GDB OUT         count = <optimized out>
GDB OUT         interrupted = <optimized out>
GDB OUT         notified = <optimized out>
GDB OUT         priorityinterrupted = <optimized out>
GDB OUT         intrMask = <optimized out>
GDB OUT         intrFlags = <optimized out>
GDB OUT         timedOut = 0
GDB OUT #2  0x7c84fc9e in monitor_wait (userData=0x0, callbackFunction=0x0, interruptible=0, nanos=0, millis=0, monitor=0x7c78379c) at ../omr/thread/common/omrthread.c:4616
GDB OUT         self = <optimized out>
GDB OUT #3  omrthread_monitor_wait (monitor=0x7c78379c) at ../omr/thread/common/omrthread.c:4436
GDB OUT No locals.
GDB OUT #4  0x7b6211d2 in J9::Monitor::wait() () from /j9vm/ascii/builds/bld_102061/sdk/xz3180/jre/lib/s390/default/libj9jit29.so
GDB OUT No symbol table info available.
GDB OUT #5  0x7b569820 in TR::CompilationInfo::compileOnSeparateThread(J9VMThread*, TR::IlGeneratorMethodDetails&, void*, TR_YesNoMaybe, TR_CompilationErrorCode*, bool*, TR_OptimizationPlan*) () from /j9vm/ascii/builds/bld_102061/sdk/xz3180/jre/lib/s390/default/libj9jit29.so
```

**Comment by pshipton** [comment]
@r30shah fyi

**Comment by hzongaro** [comment]
It doesn't seem like this problem has occurred again anytime recently.  I'm going to move it to the Backlog for now, but if it occurs again, we can move it back to a planned release milestone.
